<?xml version="1.0" encoding="UTF-8"?>
<testsuite xmlns:xsi="http://www.w3.org/2001/XMLSchema-instance" xsi:noNamespaceSchemaLocation="https://maven.apache.org/surefire/maven-surefire-plugin/xsd/surefire-test-report-3.0.xsd" version="3.0" name="com.jzs.ms_registros_usuarios.repository.RegUsuRepositoryTest" time="1.644" tests="4" errors="0" skipped="0" failures="0">
  <properties>
[...]
</properties>
  <testcase name="buscarUsuarioPorUsernameTest" classname="com.jzs.ms_registros_usuarios.repository.RegUsuRepositoryTest" time="0.404">
    <system-out><![CDATA[2024-05-02T21:49:26.925-04:00 DEBUG 27960 --- [ms_registros_usuarios] [           main] b.t.a.o.j.DataJpaTestContextBootstrapper : Neither @ContextConfiguration nor @ContextHierarchy found for test class [RegUsuRepositoryTest]: using SpringBootContextLoader
2024-05-02T21:49:26.926-04:00 DEBUG 27960 --- [ms_registros_usuarios] [           main] o.s.t.c.support.AbstractContextLoader    : Could not detect default resource locations for test class [com.jzs.ms_registros_usuarios.repository.RegUsuRepositoryTest]: no resource found for suffixes {-context.xml, Context.groovy}.
2024-05-02T21:49:26.926-04:00  INFO 27960 --- [ms_registros_usuarios] [           main] t.c.s.AnnotationConfigContextLoaderUtils : Could not detect default configuration classes for test class [com.jzs.ms_registros_usuarios.repository.RegUsuRepositoryTest]: RegUsuRepositoryTest does not declare any static, non-private, non-final, nested classes annotated with @Configuration.
2024-05-02T21:49:26.926-04:00 DEBUG 27960 --- [ms_registros_usuarios] [           main] b.t.a.o.j.DataJpaTestContextBootstrapper : Using ContextCustomizerFactory implementations for test class [RegUsuRepositoryTest]: [ImportsContextCustomizerFactory, ExcludeFilterContextCustomizerFactory, HttpGraphQlTesterContextCustomizerFactory, DuplicateJsonObjectContextCustomizerFactory, MockitoContextCustomizerFactory, TestRestTemplateContextCustomizerFactory, WebTestClientContextCustomizerFactory, OverrideAutoConfigurationContextCustomizerFactory, ObservabilityContextCustomizerFactory, TypeExcludeFiltersContextCustomizerFactory, PropertyMappingContextCustomizerFactory, WebDriverContextCustomizerFactory, MockServerContainerContextCustomizerFactory, DynamicPropertiesContextCustomizerFactory]
2024-05-02T21:49:26.938-04:00 DEBUG 27960 --- [ms_registros_usuarios] [           main] b.t.a.o.j.DataJpaTestContextBootstrapper : Using ContextCustomizers for test class [RegUsuRepositoryTest]: [ImportsContextCustomizer, ExcludeFilterContextCustomizer, DuplicateJsonObjectContextCustomizer, MockitoContextCustomizer, DisableAutoConfigurationContextCustomizer, DisableObservabilityContextCustomizer, TypeExcludeFiltersContextCustomizer, PropertyMappingContextCustomizer, WebDriverContextCustomizer]
2024-05-02T21:49:26.944-04:00 DEBUG 27960 --- [ms_registros_usuarios] [           main] ssPathScanningCandidateComponentProvider : Identified candidate component class: file [C:\Users\jaime\Mi unidad\ING-SOFTWARE\DESARROLLO FULLSTACK I_001A\code\ms_registros_usuarios_v2\target\classes\com\jzs\ms_registros_usuarios\MsRegistrosUsuariosApplication.class]
2024-05-02T21:49:26.944-04:00  INFO 27960 --- [ms_registros_usuarios] [           main] .b.t.c.SpringBootTestContextBootstrapper : Found @SpringBootConfiguration com.jzs.ms_registros_usuarios.MsRegistrosUsuariosApplication for test class com.jzs.ms_registros_usuarios.repository.RegUsuRepositoryTest
2024-05-02T21:49:26.944-04:00 DEBUG 27960 --- [ms_registros_usuarios] [           main] .s.t.c.u.TestContextSpringFactoriesUtils : Skipping candidate TestExecutionListener [org.springframework.test.context.observation.MicrometerObservationRegistryTestExecutionListener] due to a missing dependency. Specify custom TestExecutionListener classes or make the default TestExecutionListener classes and their required dependencies available. Offending class: io.micrometer.context.ThreadLocalAccessor. MicrometerObservationRegistryTestExecutionListener requires io.micrometer:micrometer-observation:1.10.8 or higher and io.micrometer:context-propagation:1.0.3 or higher.
2024-05-02T21:49:26.944-04:00 DEBUG 27960 --- [ms_registros_usuarios] [           main] b.t.a.o.j.DataJpaTestContextBootstrapper : Using TestExecutionListeners for test class [RegUsuRepositoryTest]: [ServletTestExecutionListener, DirtiesContextBeforeModesTestExecutionListener, ApplicationEventsTestExecutionListener, MockitoTestExecutionListener, DependencyInjectionTestExecutionListener, DirtiesContextTestExecutionListener, TransactionalTestExecutionListener, SqlScriptsTestExecutionListener, EventPublishingTestExecutionListener, ResetMocksTestExecutionListener, RestDocsTestExecutionListener, MockRestServiceServerResetTestExecutionListener, MockMvcPrintOnlyOnFailureTestExecutionListener, WebDriverTestExecutionListener, MockWebServiceServerTestExecutionListener]
2024-05-02T21:49:26.944-04:00 DEBUG 27960 --- [ms_registros_usuarios] [           main] sContextBeforeModesTestExecutionListener : Before test class: class [RegUsuRepositoryTest], class annotated with @DirtiesContext [false] with mode [null]
2024-05-02T21:49:26.945-04:00 DEBUG 27960 --- [ms_registros_usuarios] [           main] DependencyInjectionTestExecutionListener : Performing dependency injection for test class com.jzs.ms_registros_usuarios.repository.RegUsuRepositoryTest
2024-05-02T21:49:26.947-04:00  INFO 27960 --- [ms_registros_usuarios] [           main] o.s.b.d.r.RestartApplicationListener     : Restart disabled due to context in which it is running
2024-05-02T21:49:26.962-04:00 DEBUG 27960 --- [ms_registros_usuarios] [           main] o.s.boot.ApplicationEnvironment          : Activating profiles []
2024-05-02T21:49:26.964-04:00 DEBUG 27960 --- [ms_registros_usuarios] [           main] o.s.c.e.PropertySourcesPropertyResolver  : Found key 'spring.application.name' in PropertySource 'configurationProperties' with value of type String

  .   ____          _            __ _ _
 /\\ / ___'_ __ _ _(_)_ __  __ _ \ \ \ \
( ( )\___ | '_ | '_| | '_ \/ _` | \ \ \ \
 \\/  ___)| |_)| | | | | || (_| |  ) ) ) )
  '  |____| .__|_| |_|_| |_\__, | / / / /
 =========|_|==============|___/=/_/_/_/
 :: Spring Boot ::                (v3.2.4)

2024-05-02T21:49:26.972-04:00  INFO 27960 --- [ms_registros_usuarios] [           main] c.j.m.repository.RegUsuRepositoryTest    : Starting RegUsuRepositoryTest using Java 21.0.2 with PID 27960 (started by jaime in C:\Users\jaime\Mi unidad\ING-SOFTWARE\DESARROLLO FULLSTACK I_001A\code\ms_registros_usuarios_v2)
2024-05-02T21:49:26.972-04:00  INFO 27960 --- [ms_registros_usuarios] [           main] c.j.m.repository.RegUsuRepositoryTest    : No active profile set, falling back to 1 default profile: "default"
2024-05-02T21:49:26.972-04:00 DEBUG 27960 --- [ms_registros_usuarios] [           main] o.s.boot.SpringApplication               : Loading source class com.jzs.ms_registros_usuarios.MsRegistrosUsuariosApplication
2024-05-02T21:49:26.974-04:00 DEBUG 27960 --- [ms_registros_usuarios] [           main] s.c.a.AnnotationConfigApplicationContext : Refreshing org.springframework.context.annotation.AnnotationConfigApplicationContext@79e0f00b
2024-05-02T21:49:26.974-04:00 DEBUG 27960 --- [ms_registros_usuarios] [           main] o.s.b.f.s.DefaultListableBeanFactory     : Creating shared instance of singleton bean 'org.springframework.context.annotation.internalConfigurationAnnotationProcessor'
2024-05-02T21:49:26.974-04:00 DEBUG 27960 --- [ms_registros_usuarios] [           main] o.s.b.f.s.DefaultListableBeanFactory     : Creating shared instance of singleton bean 'org.springframework.boot.autoconfigure.internalCachingMetadataReaderFactory'
2024-05-02T21:49:27.049-04:00  INFO 27960 --- [ms_registros_usuarios] [           main] .s.d.r.c.RepositoryConfigurationDelegate : Bootstrapping Spring Data JPA repositories in DEFAULT mode.
2024-05-02T21:49:27.049-04:00 DEBUG 27960 --- [ms_registros_usuarios] [           main] o.s.b.f.s.DefaultListableBeanFactory     : Creating shared instance of singleton bean 'org.springframework.boot.autoconfigure.AutoConfigurationPackages'
2024-05-02T21:49:27.050-04:00 DEBUG 27960 --- [ms_registros_usuarios] [           main] o.s.b.a.AutoConfigurationPackages        : @EnableAutoConfiguration was declared on a class in the package 'com.jzs.ms_registros_usuarios'. Automatic @Repository and @Entity scanning is enabled.
2024-05-02T21:49:27.050-04:00 DEBUG 27960 --- [ms_registros_usuarios] [           main] .s.d.r.c.RepositoryConfigurationDelegate : Scanning for JPA repositories in packages com.jzs.ms_registros_usuarios.
2024-05-02T21:49:27.054-04:00 DEBUG 27960 --- [ms_registros_usuarios] [           main] o.s.d.r.c.RepositoryComponentProvider    : Identified candidate component class: file [C:\Users\jaime\Mi unidad\ING-SOFTWARE\DESARROLLO FULLSTACK I_001A\code\ms_registros_usuarios_v2\target\classes\com\jzs\ms_registros_usuarios\repository\RegUsuRepository.class]
2024-05-02T21:49:27.059-04:00  INFO 27960 --- [ms_registros_usuarios] [           main] .s.d.r.c.RepositoryConfigurationDelegate : Finished Spring Data repository scanning in 8 ms. Found 1 JPA repository interface.
2024-05-02T21:49:27.072-04:00 DEBUG 27960 --- [ms_registros_usuarios] [           main] o.s.b.f.s.DefaultListableBeanFactory     : Creating shared instance of singleton bean 'org.springframework.boot.test.context.ImportsContextCustomizer$ImportsCleanupPostProcessor'
2024-05-02T21:49:27.074-04:00 DEBUG 27960 --- [ms_registros_usuarios] [           main] o.s.b.f.s.DefaultListableBeanFactory     : Creating shared instance of singleton bean 'org.springframework.boot.test.mock.mockito.MockitoPostProcessor'
2024-05-02T21:49:27.074-04:00 DEBUG 27960 --- [ms_registros_usuarios] [           main] o.s.b.f.s.DefaultListableBeanFactory     : Creating shared instance of singleton bean 'emBeanDefinitionRegistrarPostProcessor'
2024-05-02T21:49:27.074-04:00 DEBUG 27960 --- [ms_registros_usuarios] [           main] o.s.b.f.s.DefaultListableBeanFactory     : Creating shared instance of singleton bean 'org.springframework.boot.sql.init.dependency.DatabaseInitializationDependencyConfigurer$DependsOnDatabaseInitializationPostProcessor'
2024-05-02T21:49:27.077-04:00 DEBUG 27960 --- [ms_registros_usuarios] [           main] o.s.b.f.s.DefaultListableBeanFactory     : Creating shared instance of singleton bean 'org.springframework.context.event.internalEventListenerProcessor'
2024-05-02T21:49:27.077-04:00 DEBUG 27960 --- [ms_registros_usuarios] [           main] o.s.b.f.s.DefaultListableBeanFactory     : Creating shared instance of singleton bean 'org.springframework.context.event.internalEventListenerFactory'
2024-05-02T21:49:27.077-04:00 DEBUG 27960 --- [ms_registros_usuarios] [           main] o.s.b.f.s.DefaultListableBeanFactory     : Creating shared instance of singleton bean 'org.springframework.transaction.config.internalTransactionalEventListenerFactory'
2024-05-02T21:49:27.078-04:00 DEBUG 27960 --- [ms_registros_usuarios] [           main] o.s.b.f.s.DefaultListableBeanFactory     : Creating shared instance of singleton bean 'org.springframework.context.annotation.internalAutowiredAnnotationProcessor'
2024-05-02T21:49:27.078-04:00 DEBUG 27960 --- [ms_registros_usuarios] [           main] o.s.b.f.s.DefaultListableBeanFactory     : Creating shared instance of singleton bean 'org.springframework.context.annotation.internalCommonAnnotationProcessor'
2024-05-02T21:49:27.078-04:00 DEBUG 27960 --- [ms_registros_usuarios] [           main] o.s.b.f.s.DefaultListableBeanFactory     : Creating shared instance of singleton bean 'org.springframework.context.annotation.internalPersistenceAnnotationProcessor'
2024-05-02T21:49:27.078-04:00 DEBUG 27960 --- [ms_registros_usuarios] [           main] o.s.b.f.s.DefaultListableBeanFactory     : Creating shared instance of singleton bean 'org.springframework.boot.test.mock.mockito.MockitoPostProcessor$SpyPostProcessor'
2024-05-02T21:49:27.079-04:00 DEBUG 27960 --- [ms_registros_usuarios] [           main] o.s.b.f.s.DefaultListableBeanFactory     : Creating shared instance of singleton bean 'jdbcConnectionDetailsHikariBeanPostProcessor'
2024-05-02T21:49:27.079-04:00 DEBUG 27960 --- [ms_registros_usuarios] [           main] o.s.b.f.s.DefaultListableBeanFactory     : Creating shared instance of singleton bean 'org.springframework.boot.context.properties.ConfigurationPropertiesBindingPostProcessor'
2024-05-02T21:49:27.079-04:00 DEBUG 27960 --- [ms_registros_usuarios] [           main] o.s.b.f.s.DefaultListableBeanFactory     : Creating shared instance of singleton bean 'org.springframework.boot.context.internalConfigurationPropertiesBinder'
2024-05-02T21:49:27.079-04:00 DEBUG 27960 --- [ms_registros_usuarios] [           main] o.s.b.f.s.DefaultListableBeanFactory     : Creating shared instance of singleton bean 'org.springframework.aop.config.internalAutoProxyCreator'
2024-05-02T21:49:27.083-04:00 DEBUG 27960 --- [ms_registros_usuarios] [           main] o.s.b.f.s.DefaultListableBeanFactory     : Creating shared instance of singleton bean 'dataSourceScriptDatabaseInitializer'
2024-05-02T21:49:27.083-04:00 DEBUG 27960 --- [ms_registros_usuarios] [           main] o.s.b.f.s.DefaultListableBeanFactory     : Creating shared instance of singleton bean 'org.springframework.boot.autoconfigure.sql.init.DataSourceInitializationConfiguration'
2024-05-02T21:49:27.084-04:00 DEBUG 27960 --- [ms_registros_usuarios] [           main] o.s.b.f.s.DefaultListableBeanFactory     : Creating shared instance of singleton bean 'org.springframework.transaction.config.internalTransactionAdvisor'
2024-05-02T21:49:27.084-04:00 DEBUG 27960 --- [ms_registros_usuarios] [           main] o.s.b.f.s.DefaultListableBeanFactory     : Creating shared instance of singleton bean 'org.springframework.transaction.annotation.ProxyTransactionManagementConfiguration'
2024-05-02T21:49:27.087-04:00 DEBUG 27960 --- [ms_registros_usuarios] [           main] o.s.b.f.s.DefaultListableBeanFactory     : Creating shared instance of singleton bean 'transactionAttributeSource'
2024-05-02T21:49:27.087-04:00 DEBUG 27960 --- [ms_registros_usuarios] [           main] o.s.b.f.s.DefaultListableBeanFactory     : Creating shared instance of singleton bean 'transactionInterceptor'
2024-05-02T21:49:27.087-04:00 DEBUG 27960 --- [ms_registros_usuarios] [           main] o.s.b.f.s.DefaultListableBeanFactory     : Autowiring by type from bean name 'transactionInterceptor' via factory method to bean named 'transactionAttributeSource'
2024-05-02T21:49:27.088-04:00 DEBUG 27960 --- [ms_registros_usuarios] [           main] o.s.b.f.s.DefaultListableBeanFactory     : Autowiring by type from bean name 'org.springframework.transaction.config.internalTransactionAdvisor' via factory method to bean named 'transactionAttributeSource'
2024-05-02T21:49:27.088-04:00 DEBUG 27960 --- [ms_registros_usuarios] [           main] o.s.b.f.s.DefaultListableBeanFactory     : Autowiring by type from bean name 'org.springframework.transaction.config.internalTransactionAdvisor' via factory method to bean named 'transactionInterceptor'
2024-05-02T21:49:27.088-04:00 DEBUG 27960 --- [ms_registros_usuarios] [           main] o.s.b.f.s.DefaultListableBeanFactory     : Creating shared instance of singleton bean 'dataSource'
2024-05-02T21:49:27.088-04:00 DEBUG 27960 --- [ms_registros_usuarios] [           main] o.s.b.f.s.DefaultListableBeanFactory     : Creating shared instance of singleton bean 'org.springframework.boot.autoconfigure.jdbc.DataSourceConfiguration$Hikari'
2024-05-02T21:49:27.088-04:00 DEBUG 27960 --- [ms_registros_usuarios] [           main] o.s.b.f.s.DefaultListableBeanFactory     : Creating shared instance of singleton bean 'spring.datasource-org.springframework.boot.autoconfigure.jdbc.DataSourceProperties'
2024-05-02T21:49:27.088-04:00 DEBUG 27960 --- [ms_registros_usuarios] [           main] o.s.b.f.s.DefaultListableBeanFactory     : Creating shared instance of singleton bean 'org.springframework.boot.context.properties.BoundConfigurationProperties'
2024-05-02T21:49:27.092-04:00 DEBUG 27960 --- [ms_registros_usuarios] [           main] o.s.b.f.s.DefaultListableBeanFactory     : Creating shared instance of singleton bean 'jdbcConnectionDetails'
2024-05-02T21:49:27.092-04:00 DEBUG 27960 --- [ms_registros_usuarios] [           main] o.s.b.f.s.DefaultListableBeanFactory     : Creating shared instance of singleton bean 'org.springframework.boot.autoconfigure.jdbc.DataSourceAutoConfiguration$PooledDataSourceConfiguration'
2024-05-02T21:49:27.092-04:00 DEBUG 27960 --- [ms_registros_usuarios] [           main] o.s.b.f.s.DefaultListableBeanFactory     : Autowiring by type from bean name 'jdbcConnectionDetails' via factory method to bean named 'spring.datasource-org.springframework.boot.autoconfigure.jdbc.DataSourceProperties'
2024-05-02T21:49:27.092-04:00 DEBUG 27960 --- [ms_registros_usuarios] [           main] o.s.b.f.s.DefaultListableBeanFactory     : Autowiring by type from bean name 'dataSource' via factory method to bean named 'spring.datasource-org.springframework.boot.autoconfigure.jdbc.DataSourceProperties'
2024-05-02T21:49:27.092-04:00 DEBUG 27960 --- [ms_registros_usuarios] [           main] o.s.b.f.s.DefaultListableBeanFactory     : Autowiring by type from bean name 'dataSource' via factory method to bean named 'jdbcConnectionDetails'
2024-05-02T21:49:27.102-04:00 DEBUG 27960 --- [ms_registros_usuarios] [           main] o.s.b.f.s.DefaultListableBeanFactory     : Creating shared instance of singleton bean 'spring.sql.init-org.springframework.boot.autoconfigure.sql.init.SqlInitializationProperties'
2024-05-02T21:49:27.103-04:00 DEBUG 27960 --- [ms_registros_usuarios] [           main] o.s.b.f.s.DefaultListableBeanFactory     : Autowiring by type from bean name 'dataSourceScriptDatabaseInitializer' via factory method to bean named 'dataSource'
2024-05-02T21:49:27.103-04:00 DEBUG 27960 --- [ms_registros_usuarios] [           main] o.s.b.f.s.DefaultListableBeanFactory     : Autowiring by type from bean name 'dataSourceScriptDatabaseInitializer' via factory method to bean named 'spring.sql.init-org.springframework.boot.autoconfigure.sql.init.SqlInitializationProperties'
2024-05-02T21:49:27.104-04:00 DEBUG 27960 --- [ms_registros_usuarios] [           main] o.s.b.f.s.DefaultListableBeanFactory     : Creating shared instance of singleton bean 'entityManagerFactory'
2024-05-02T21:49:27.105-04:00 DEBUG 27960 --- [ms_registros_usuarios] [           main] o.s.b.f.s.DefaultListableBeanFactory     : Creating shared instance of singleton bean 'org.springframework.boot.autoconfigure.orm.jpa.HibernateJpaConfiguration'
2024-05-02T21:49:27.105-04:00 DEBUG 27960 --- [ms_registros_usuarios] [           main] o.s.b.f.s.DefaultListableBeanFactory     : Creating shared instance of singleton bean 'spring.jpa-org.springframework.boot.autoconfigure.orm.jpa.JpaProperties'
2024-05-02T21:49:27.107-04:00 DEBUG 27960 --- [ms_registros_usuarios] [           main] o.s.b.f.s.DefaultListableBeanFactory     : Creating shared instance of singleton bean 'spring.jpa.hibernate-org.springframework.boot.autoconfigure.orm.jpa.HibernateProperties'
2024-05-02T21:49:27.107-04:00 DEBUG 27960 --- [ms_registros_usuarios] [           main] o.s.b.f.s.DefaultListableBeanFactory     : Autowiring by type from bean name 'org.springframework.boot.autoconfigure.orm.jpa.HibernateJpaConfiguration' via constructor to bean named 'dataSource'
2024-05-02T21:49:27.107-04:00 DEBUG 27960 --- [ms_registros_usuarios] [           main] o.s.b.f.s.DefaultListableBeanFactory     : Autowiring by type from bean name 'org.springframework.boot.autoconfigure.orm.jpa.HibernateJpaConfiguration' via constructor to bean named 'spring.jpa-org.springframework.boot.autoconfigure.orm.jpa.JpaProperties'
2024-05-02T21:49:27.107-04:00 DEBUG 27960 --- [ms_registros_usuarios] [           main] o.s.b.f.s.DefaultListableBeanFactory     : Autowiring by type from bean name 'org.springframework.boot.autoconfigure.orm.jpa.HibernateJpaConfiguration' via constructor to bean named 'org.springframework.beans.factory.support.DefaultListableBeanFactory@7c4b5d13'
2024-05-02T21:49:27.107-04:00 DEBUG 27960 --- [ms_registros_usuarios] [           main] o.s.b.f.s.DefaultListableBeanFactory     : Autowiring by type from bean name 'org.springframework.boot.autoconfigure.orm.jpa.HibernateJpaConfiguration' via constructor to bean named 'spring.jpa.hibernate-org.springframework.boot.autoconfigure.orm.jpa.HibernateProperties'
2024-05-02T21:49:27.108-04:00 DEBUG 27960 --- [ms_registros_usuarios] [           main] o.s.b.f.s.DefaultListableBeanFactory     : Creating shared instance of singleton bean 'hikariPoolDataSourceMetadataProvider'
2024-05-02T21:49:27.108-04:00 DEBUG 27960 --- [ms_registros_usuarios] [           main] o.s.b.f.s.DefaultListableBeanFactory     : Creating shared instance of singleton bean 'org.springframework.boot.autoconfigure.jdbc.metadata.DataSourcePoolMetadataProvidersConfiguration$HikariPoolDataSourceMetadataProviderConfiguration'
2024-05-02T21:49:27.109-04:00 DEBUG 27960 --- [ms_registros_usuarios] [           main] o.s.b.f.s.DefaultListableBeanFactory     : Creating shared instance of singleton bean 'entityManagerFactoryBuilder'
2024-05-02T21:49:27.109-04:00 DEBUG 27960 --- [ms_registros_usuarios] [           main] o.s.b.f.s.DefaultListableBeanFactory     : Creating shared instance of singleton bean 'jpaVendorAdapter'
2024-05-02T21:49:27.109-04:00 DEBUG 27960 --- [ms_registros_usuarios] [           main] o.s.b.f.s.DefaultListableBeanFactory     : Autowiring by type from bean name 'entityManagerFactoryBuilder' via factory method to bean named 'jpaVendorAdapter'
2024-05-02T21:49:27.110-04:00 DEBUG 27960 --- [ms_registros_usuarios] [           main] o.s.b.f.s.DefaultListableBeanFactory     : Creating shared instance of singleton bean 'persistenceManagedTypes'
2024-05-02T21:49:27.110-04:00 DEBUG 27960 --- [ms_registros_usuarios] [           main] o.s.b.f.s.DefaultListableBeanFactory     : Autowiring by type from bean name 'persistenceManagedTypes' via factory method to bean named 'org.springframework.beans.factory.support.DefaultListableBeanFactory@7c4b5d13'
2024-05-02T21:49:27.110-04:00 DEBUG 27960 --- [ms_registros_usuarios] [           main] o.s.b.f.s.DefaultListableBeanFactory     : Autowiring by type from bean name 'persistenceManagedTypes' via factory method to bean named 'org.springframework.context.annotation.AnnotationConfigApplicationContext@79e0f00b'
2024-05-02T21:49:27.114-04:00 DEBUG 27960 --- [ms_registros_usuarios] [           main] o.s.b.f.s.DefaultListableBeanFactory     : Autowiring by type from bean name 'entityManagerFactory' via factory method to bean named 'entityManagerFactoryBuilder'
2024-05-02T21:49:27.114-04:00 DEBUG 27960 --- [ms_registros_usuarios] [           main] o.s.b.f.s.DefaultListableBeanFactory     : Autowiring by type from bean name 'entityManagerFactory' via factory method to bean named 'persistenceManagedTypes'
2024-05-02T21:49:27.115-04:00 DEBUG 27960 --- [ms_registros_usuarios] [           main] j.LocalContainerEntityManagerFactoryBean : Building JPA container EntityManagerFactory for persistence unit 'default'
2024-05-02T21:49:27.115-04:00 DEBUG 27960 --- [ms_registros_usuarios] [           main] o.hibernate.jpa.internal.util.LogHelper  : PersistenceUnitInfo [
	name: default
	persistence provider classname: null
	classloader: jdk.internal.loader.ClassLoaders$AppClassLoader@70dea4e
	excludeUnlistedClasses: true
	JTA datasource: null
	Non JTA datasource: HikariDataSource (null)
	Transaction type: RESOURCE_LOCAL
	PU root URL: file:/C:/Users/jaime/Mi%20unidad/ING-SOFTWARE/DESARROLLO%20FULLSTACK%20I_001A/code/ms_registros_usuarios_v2/target/test-classes/
	Shared Cache Mode: UNSPECIFIED
	Validation Mode: AUTO
	Jar files URLs []
	Managed classes names [
		com.jzs.ms_registros_usuarios.model.Despacho
		com.jzs.ms_registros_usuarios.model.Rol
		com.jzs.ms_registros_usuarios.model.Usuario]
	Mapping files names []
	Properties []
2024-05-02T21:49:27.115-04:00 DEBUG 27960 --- [ms_registros_usuarios] [           main] o.h.i.internal.IntegratorServiceImpl     : Adding Integrator [org.hibernate.boot.beanvalidation.BeanValidationIntegrator].
2024-05-02T21:49:27.115-04:00 DEBUG 27960 --- [ms_registros_usuarios] [           main] o.h.i.internal.IntegratorServiceImpl     : Adding Integrator [org.hibernate.cache.internal.CollectionCacheInvalidator].
2024-05-02T21:49:27.117-04:00 DEBUG 27960 --- [ms_registros_usuarios] [           main] org.hibernate.orm.idgen.factory          : Registering IdentifierGenerator strategy [uuid2] -> [org.hibernate.id.UUIDGenerator]
2024-05-02T21:49:27.117-04:00 DEBUG 27960 --- [ms_registros_usuarios] [           main] org.hibernate.orm.idgen.factory          : Registering IdentifierGenerator strategy [guid] -> [org.hibernate.id.GUIDGenerator]
2024-05-02T21:49:27.117-04:00 DEBUG 27960 --- [ms_registros_usuarios] [           main] org.hibernate.orm.idgen.factory          : Registering IdentifierGenerator strategy [uuid] -> [org.hibernate.id.UUIDHexGenerator]
2024-05-02T21:49:27.117-04:00 DEBUG 27960 --- [ms_registros_usuarios] [           main] org.hibernate.orm.idgen.factory          : Registering IdentifierGenerator strategy [uuid.hex] -> [org.hibernate.id.UUIDHexGenerator]
2024-05-02T21:49:27.117-04:00 DEBUG 27960 --- [ms_registros_usuarios] [           main] org.hibernate.orm.idgen.factory          : Registering IdentifierGenerator strategy [assigned] -> [org.hibernate.id.Assigned]
2024-05-02T21:49:27.117-04:00 DEBUG 27960 --- [ms_registros_usuarios] [           main] org.hibernate.orm.idgen.factory          : Registering IdentifierGenerator strategy [identity] -> [org.hibernate.id.IdentityGenerator]
2024-05-02T21:49:27.117-04:00 DEBUG 27960 --- [ms_registros_usuarios] [           main] org.hibernate.orm.idgen.factory          : Registering IdentifierGenerator strategy [select] -> [org.hibernate.id.SelectGenerator]
2024-05-02T21:49:27.117-04:00 DEBUG 27960 --- [ms_registros_usuarios] [           main] org.hibernate.orm.idgen.factory          : Registering IdentifierGenerator strategy [sequence] -> [org.hibernate.id.enhanced.SequenceStyleGenerator]
2024-05-02T21:49:27.117-04:00 DEBUG 27960 --- [ms_registros_usuarios] [           main] org.hibernate.orm.idgen.factory          : Registering IdentifierGenerator strategy [increment] -> [org.hibernate.id.IncrementGenerator]
2024-05-02T21:49:27.117-04:00 DEBUG 27960 --- [ms_registros_usuarios] [           main] org.hibernate.orm.idgen.factory          : Registering IdentifierGenerator strategy [foreign] -> [org.hibernate.id.ForeignGenerator]
2024-05-02T21:49:27.117-04:00 DEBUG 27960 --- [ms_registros_usuarios] [           main] org.hibernate.orm.idgen.factory          : Registering IdentifierGenerator strategy [enhanced-sequence] -> [org.hibernate.id.enhanced.SequenceStyleGenerator]
2024-05-02T21:49:27.117-04:00 DEBUG 27960 --- [ms_registros_usuarios] [           main] org.hibernate.orm.idgen.factory          : Registering IdentifierGenerator strategy [enhanced-table] -> [org.hibernate.id.enhanced.TableGenerator]
2024-05-02T21:49:27.117-04:00 DEBUG 27960 --- [ms_registros_usuarios] [           main] o.h.c.internal.RegionFactoryInitiator    : Cannot default RegionFactory based on registered strategies as `[]` RegionFactory strategies were registered
2024-05-02T21:49:27.117-04:00  INFO 27960 --- [ms_registros_usuarios] [           main] o.h.c.internal.RegionFactoryInitiator    : HHH000026: Second-level cache disabled
2024-05-02T21:49:27.118-04:00 DEBUG 27960 --- [ms_registros_usuarios] [           main] org.hibernate.type.BasicTypeRegistry     : Adding type registration boolean -> org.hibernate.type.BasicTypeReference@47ab3688
2024-05-02T21:49:27.118-04:00 DEBUG 27960 --- [ms_registros_usuarios] [           main] org.hibernate.type.BasicTypeRegistry     : Adding type registration boolean -> org.hibernate.type.BasicTypeReference@47ab3688
2024-05-02T21:49:27.118-04:00 DEBUG 27960 --- [ms_registros_usuarios] [           main] org.hibernate.type.BasicTypeRegistry     : Adding type registration java.lang.Boolean -> org.hibernate.type.BasicTypeReference@47ab3688
2024-05-02T21:49:27.118-04:00 DEBUG 27960 --- [ms_registros_usuarios] [           main] org.hibernate.type.BasicTypeRegistry     : Adding type registration numeric_boolean -> org.hibernate.type.BasicTypeReference@47fbf95e
2024-05-02T21:49:27.118-04:00 DEBUG 27960 --- [ms_registros_usuarios] [           main] org.hibernate.type.BasicTypeRegistry     : Adding type registration org.hibernate.type.NumericBooleanConverter -> org.hibernate.type.BasicTypeReference@47fbf95e
2024-05-02T21:49:27.118-04:00 DEBUG 27960 --- [ms_registros_usuarios] [           main] org.hibernate.type.BasicTypeRegistry     : Adding type registration true_false -> org.hibernate.type.BasicTypeReference@49482761
2024-05-02T21:49:27.118-04:00 DEBUG 27960 --- [ms_registros_usuarios] [           main] org.hibernate.type.BasicTypeRegistry     : Adding type registration org.hibernate.type.TrueFalseConverter -> org.hibernate.type.BasicTypeReference@49482761
2024-05-02T21:49:27.118-04:00 DEBUG 27960 --- [ms_registros_usuarios] [           main] org.hibernate.type.BasicTypeRegistry     : Adding type registration yes_no -> org.hibernate.type.BasicTypeReference@6ac0fd1d
2024-05-02T21:49:27.118-04:00 DEBUG 27960 --- [ms_registros_usuarios] [           main] org.hibernate.type.BasicTypeRegistry     : Adding type registration org.hibernate.type.YesNoConverter -> org.hibernate.type.BasicTypeReference@6ac0fd1d
2024-05-02T21:49:27.118-04:00 DEBUG 27960 --- [ms_registros_usuarios] [           main] org.hibernate.type.BasicTypeRegistry     : Adding type registration byte -> org.hibernate.type.BasicTypeReference@744199bb
2024-05-02T21:49:27.118-04:00 DEBUG 27960 --- [ms_registros_usuarios] [           main] org.hibernate.type.BasicTypeRegistry     : Adding type registration byte -> org.hibernate.type.BasicTypeReference@744199bb
2024-05-02T21:49:27.118-04:00 DEBUG 27960 --- [ms_registros_usuarios] [           main] org.hibernate.type.BasicTypeRegistry     : Adding type registration java.lang.Byte -> org.hibernate.type.BasicTypeReference@744199bb
2024-05-02T21:49:27.118-04:00 DEBUG 27960 --- [ms_registros_usuarios] [           main] org.hibernate.type.BasicTypeRegistry     : Adding type registration binary -> org.hibernate.type.BasicTypeReference@6ce8bf64
2024-05-02T21:49:27.118-04:00 DEBUG 27960 --- [ms_registros_usuarios] [           main] org.hibernate.type.BasicTypeRegistry     : Adding type registration byte[] -> org.hibernate.type.BasicTypeReference@6ce8bf64
2024-05-02T21:49:27.118-04:00 DEBUG 27960 --- [ms_registros_usuarios] [           main] org.hibernate.type.BasicTypeRegistry     : Adding type registration [B -> org.hibernate.type.BasicTypeReference@6ce8bf64
2024-05-02T21:49:27.118-04:00 DEBUG 27960 --- [ms_registros_usuarios] [           main] org.hibernate.type.BasicTypeRegistry     : Adding type registration binary_wrapper -> org.hibernate.type.BasicTypeReference@6413eeb7
2024-05-02T21:49:27.118-04:00 DEBUG 27960 --- [ms_registros_usuarios] [           main] org.hibernate.type.BasicTypeRegistry     : Adding type registration wrapper-binary -> org.hibernate.type.BasicTypeReference@6413eeb7
2024-05-02T21:49:27.118-04:00 DEBUG 27960 --- [ms_registros_usuarios] [           main] org.hibernate.type.BasicTypeRegistry     : Adding type registration image -> org.hibernate.type.BasicTypeReference@956cf3d
2024-05-02T21:49:27.118-04:00 DEBUG 27960 --- [ms_registros_usuarios] [           main] org.hibernate.type.BasicTypeRegistry     : Adding type registration blob -> org.hibernate.type.BasicTypeReference@712213ed
2024-05-02T21:49:27.118-04:00 DEBUG 27960 --- [ms_registros_usuarios] [           main] org.hibernate.type.BasicTypeRegistry     : Adding type registration java.sql.Blob -> org.hibernate.type.BasicTypeReference@712213ed
2024-05-02T21:49:27.118-04:00 DEBUG 27960 --- [ms_registros_usuarios] [           main] org.hibernate.type.BasicTypeRegistry     : Adding type registration materialized_blob -> org.hibernate.type.BasicTypeReference@58189132
2024-05-02T21:49:27.118-04:00 DEBUG 27960 --- [ms_registros_usuarios] [           main] org.hibernate.type.BasicTypeRegistry     : Adding type registration materialized_blob_wrapper -> org.hibernate.type.BasicTypeReference@2305aad0
2024-05-02T21:49:27.118-04:00 DEBUG 27960 --- [ms_registros_usuarios] [           main] org.hibernate.type.BasicTypeRegistry     : Adding type registration short -> org.hibernate.type.BasicTypeReference@1c15a6aa
2024-05-02T21:49:27.118-04:00 DEBUG 27960 --- [ms_registros_usuarios] [           main] org.hibernate.type.BasicTypeRegistry     : Adding type registration short -> org.hibernate.type.BasicTypeReference@1c15a6aa
2024-05-02T21:49:27.118-04:00 DEBUG 27960 --- [ms_registros_usuarios] [           main] org.hibernate.type.BasicTypeRegistry     : Adding type registration java.lang.Short -> org.hibernate.type.BasicTypeReference@1c15a6aa
2024-05-02T21:49:27.118-04:00 DEBUG 27960 --- [ms_registros_usuarios] [           main] org.hibernate.type.BasicTypeRegistry     : Adding type registration integer -> org.hibernate.type.BasicTypeReference@7dc963be
2024-05-02T21:49:27.118-04:00 DEBUG 27960 --- [ms_registros_usuarios] [           main] org.hibernate.type.BasicTypeRegistry     : Adding type registration int -> org.hibernate.type.BasicTypeReference@7dc963be
2024-05-02T21:49:27.118-04:00 DEBUG 27960 --- [ms_registros_usuarios] [           main] org.hibernate.type.BasicTypeRegistry     : Adding type registration java.lang.Integer -> org.hibernate.type.BasicTypeReference@7dc963be
2024-05-02T21:49:27.118-04:00 DEBUG 27960 --- [ms_registros_usuarios] [           main] org.hibernate.type.BasicTypeRegistry     : Adding type registration long -> org.hibernate.type.BasicTypeReference@61c4fc34
2024-05-02T21:49:27.118-04:00 DEBUG 27960 --- [ms_registros_usuarios] [           main] org.hibernate.type.BasicTypeRegistry     : Adding type registration long -> org.hibernate.type.BasicTypeReference@61c4fc34
2024-05-02T21:49:27.118-04:00 DEBUG 27960 --- [ms_registros_usuarios] [           main] org.hibernate.type.BasicTypeRegistry     : Adding type registration java.lang.Long -> org.hibernate.type.BasicTypeReference@61c4fc34
2024-05-02T21:49:27.118-04:00 DEBUG 27960 --- [ms_registros_usuarios] [           main] org.hibernate.type.BasicTypeRegistry     : Adding type registration float -> org.hibernate.type.BasicTypeReference@6f9999f6
2024-05-02T21:49:27.118-04:00 DEBUG 27960 --- [ms_registros_usuarios] [           main] org.hibernate.type.BasicTypeRegistry     : Adding type registration float -> org.hibernate.type.BasicTypeReference@6f9999f6
2024-05-02T21:49:27.118-04:00 DEBUG 27960 --- [ms_registros_usuarios] [           main] org.hibernate.type.BasicTypeRegistry     : Adding type registration java.lang.Float -> org.hibernate.type.BasicTypeReference@6f9999f6
2024-05-02T21:49:27.118-04:00 DEBUG 27960 --- [ms_registros_usuarios] [           main] org.hibernate.type.BasicTypeRegistry     : Adding type registration double -> org.hibernate.type.BasicTypeReference@5e085259
2024-05-02T21:49:27.118-04:00 DEBUG 27960 --- [ms_registros_usuarios] [           main] org.hibernate.type.BasicTypeRegistry     : Adding type registration double -> org.hibernate.type.BasicTypeReference@5e085259
2024-05-02T21:49:27.118-04:00 DEBUG 27960 --- [ms_registros_usuarios] [           main] org.hibernate.type.BasicTypeRegistry     : Adding type registration java.lang.Double -> org.hibernate.type.BasicTypeReference@5e085259
2024-05-02T21:49:27.118-04:00 DEBUG 27960 --- [ms_registros_usuarios] [           main] org.hibernate.type.BasicTypeRegistry     : Adding type registration big_integer -> org.hibernate.type.BasicTypeReference@68ea1eb5
2024-05-02T21:49:27.118-04:00 DEBUG 27960 --- [ms_registros_usuarios] [           main] org.hibernate.type.BasicTypeRegistry     : Adding type registration java.math.BigInteger -> org.hibernate.type.BasicTypeReference@68ea1eb5
2024-05-02T21:49:27.118-04:00 DEBUG 27960 --- [ms_registros_usuarios] [           main] org.hibernate.type.BasicTypeRegistry     : Adding type registration big_decimal -> org.hibernate.type.BasicTypeReference@2e096ac0
2024-05-02T21:49:27.118-04:00 DEBUG 27960 --- [ms_registros_usuarios] [           main] org.hibernate.type.BasicTypeRegistry     : Adding type registration java.math.BigDecimal -> org.hibernate.type.BasicTypeReference@2e096ac0
2024-05-02T21:49:27.118-04:00 DEBUG 27960 --- [ms_registros_usuarios] [           main] org.hibernate.type.BasicTypeRegistry     : Adding type registration character -> org.hibernate.type.BasicTypeReference@d7c00de
2024-05-02T21:49:27.118-04:00 DEBUG 27960 --- [ms_registros_usuarios] [           main] org.hibernate.type.BasicTypeRegistry     : Adding type registration char -> org.hibernate.type.BasicTypeReference@d7c00de
2024-05-02T21:49:27.118-04:00 DEBUG 27960 --- [ms_registros_usuarios] [           main] org.hibernate.type.BasicTypeRegistry     : Adding type registration java.lang.Character -> org.hibernate.type.BasicTypeReference@d7c00de
2024-05-02T21:49:27.118-04:00 DEBUG 27960 --- [ms_registros_usuarios] [           main] org.hibernate.type.BasicTypeRegistry     : Adding type registration character_nchar -> org.hibernate.type.BasicTypeReference@11fa11b2
2024-05-02T21:49:27.118-04:00 DEBUG 27960 --- [ms_registros_usuarios] [           main] org.hibernate.type.BasicTypeRegistry     : Adding type registration string -> org.hibernate.type.BasicTypeReference@29ddaa8e
2024-05-02T21:49:27.118-04:00 DEBUG 27960 --- [ms_registros_usuarios] [           main] org.hibernate.type.BasicTypeRegistry     : Adding type registration java.lang.String -> org.hibernate.type.BasicTypeReference@29ddaa8e
2024-05-02T21:49:27.118-04:00 DEBUG 27960 --- [ms_registros_usuarios] [           main] org.hibernate.type.BasicTypeRegistry     : Adding type registration nstring -> org.hibernate.type.BasicTypeReference@4c678a1f
2024-05-02T21:49:27.118-04:00 DEBUG 27960 --- [ms_registros_usuarios] [           main] org.hibernate.type.BasicTypeRegistry     : Adding type registration characters -> org.hibernate.type.BasicTypeReference@217009bd
2024-05-02T21:49:27.118-04:00 DEBUG 27960 --- [ms_registros_usuarios] [           main] org.hibernate.type.BasicTypeRegistry     : Adding type registration char[] -> org.hibernate.type.BasicTypeReference@217009bd
2024-05-02T21:49:27.118-04:00 DEBUG 27960 --- [ms_registros_usuarios] [           main] org.hibernate.type.BasicTypeRegistry     : Adding type registration [C -> org.hibernate.type.BasicTypeReference@217009bd
2024-05-02T21:49:27.118-04:00 DEBUG 27960 --- [ms_registros_usuarios] [           main] org.hibernate.type.BasicTypeRegistry     : Adding type registration wrapper-characters -> org.hibernate.type.BasicTypeReference@6046fba0
2024-05-02T21:49:27.118-04:00 DEBUG 27960 --- [ms_registros_usuarios] [           main] org.hibernate.type.BasicTypeRegistry     : Adding type registration text -> org.hibernate.type.BasicTypeReference@248ba4fc
2024-05-02T21:49:27.118-04:00 DEBUG 27960 --- [ms_registros_usuarios] [           main] org.hibernate.type.BasicTypeRegistry     : Adding type registration ntext -> org.hibernate.type.BasicTypeReference@54cce500
2024-05-02T21:49:27.118-04:00 DEBUG 27960 --- [ms_registros_usuarios] [           main] org.hibernate.type.BasicTypeRegistry     : Adding type registration clob -> org.hibernate.type.BasicTypeReference@755033c5
2024-05-02T21:49:27.118-04:00 DEBUG 27960 --- [ms_registros_usuarios] [           main] org.hibernate.type.BasicTypeRegistry     : Adding type registration java.sql.Clob -> org.hibernate.type.BasicTypeReference@755033c5
2024-05-02T21:49:27.119-04:00 DEBUG 27960 --- [ms_registros_usuarios] [           main] org.hibernate.type.BasicTypeRegistry     : Adding type registration nclob -> org.hibernate.type.BasicTypeReference@229c4d34
2024-05-02T21:49:27.119-04:00 DEBUG 27960 --- [ms_registros_usuarios] [           main] org.hibernate.type.BasicTypeRegistry     : Adding type registration java.sql.NClob -> org.hibernate.type.BasicTypeReference@229c4d34
2024-05-02T21:49:27.119-04:00 DEBUG 27960 --- [ms_registros_usuarios] [           main] org.hibernate.type.BasicTypeRegistry     : Adding type registration materialized_clob -> org.hibernate.type.BasicTypeReference@5b49b1df
2024-05-02T21:49:27.119-04:00 DEBUG 27960 --- [ms_registros_usuarios] [           main] org.hibernate.type.BasicTypeRegistry     : Adding type registration materialized_clob_char_array -> org.hibernate.type.BasicTypeReference@689eab53
2024-05-02T21:49:27.119-04:00 DEBUG 27960 --- [ms_registros_usuarios] [           main] org.hibernate.type.BasicTypeRegistry     : Adding type registration materialized_clob_character_array -> org.hibernate.type.BasicTypeReference@1c24639e
2024-05-02T21:49:27.119-04:00 DEBUG 27960 --- [ms_registros_usuarios] [           main] org.hibernate.type.BasicTypeRegistry     : Adding type registration materialized_nclob -> org.hibernate.type.BasicTypeReference@5c9168c3
2024-05-02T21:49:27.119-04:00 DEBUG 27960 --- [ms_registros_usuarios] [           main] org.hibernate.type.BasicTypeRegistry     : Adding type registration materialized_nclob_character_array -> org.hibernate.type.BasicTypeReference@4ac0fdc7
2024-05-02T21:49:27.119-04:00 DEBUG 27960 --- [ms_registros_usuarios] [           main] org.hibernate.type.BasicTypeRegistry     : Adding type registration materialized_nclob_char_array -> org.hibernate.type.BasicTypeReference@571903ff
2024-05-02T21:49:27.119-04:00 DEBUG 27960 --- [ms_registros_usuarios] [           main] org.hibernate.type.BasicTypeRegistry     : Adding type registration Duration -> org.hibernate.type.BasicTypeReference@689ea211
2024-05-02T21:49:27.119-04:00 DEBUG 27960 --- [ms_registros_usuarios] [           main] org.hibernate.type.BasicTypeRegistry     : Adding type registration java.time.Duration -> org.hibernate.type.BasicTypeReference@689ea211
2024-05-02T21:49:27.119-04:00 DEBUG 27960 --- [ms_registros_usuarios] [           main] org.hibernate.type.BasicTypeRegistry     : Adding type registration LocalDateTime -> org.hibernate.type.BasicTypeReference@3f1e18b1
2024-05-02T21:49:27.119-04:00 DEBUG 27960 --- [ms_registros_usuarios] [           main] org.hibernate.type.BasicTypeRegistry     : Adding type registration java.time.LocalDateTime -> org.hibernate.type.BasicTypeReference@3f1e18b1
2024-05-02T21:49:27.119-04:00 DEBUG 27960 --- [ms_registros_usuarios] [           main] org.hibernate.type.BasicTypeRegistry     : Adding type registration LocalDate -> org.hibernate.type.BasicTypeReference@727de450
2024-05-02T21:49:27.119-04:00 DEBUG 27960 --- [ms_registros_usuarios] [           main] org.hibernate.type.BasicTypeRegistry     : Adding type registration java.time.LocalDate -> org.hibernate.type.BasicTypeReference@727de450
2024-05-02T21:49:27.119-04:00 DEBUG 27960 --- [ms_registros_usuarios] [           main] org.hibernate.type.BasicTypeRegistry     : Adding type registration LocalTime -> org.hibernate.type.BasicTypeReference@6de4071b
2024-05-02T21:49:27.119-04:00 DEBUG 27960 --- [ms_registros_usuarios] [           main] org.hibernate.type.BasicTypeRegistry     : Adding type registration java.time.LocalTime -> org.hibernate.type.BasicTypeReference@6de4071b
2024-05-02T21:49:27.119-04:00 DEBUG 27960 --- [ms_registros_usuarios] [           main] org.hibernate.type.BasicTypeRegistry     : Adding type registration OffsetDateTime -> org.hibernate.type.BasicTypeReference@7077ae9c
2024-05-02T21:49:27.119-04:00 DEBUG 27960 --- [ms_registros_usuarios] [           main] org.hibernate.type.BasicTypeRegistry     : Adding type registration java.time.OffsetDateTime -> org.hibernate.type.BasicTypeReference@7077ae9c
2024-05-02T21:49:27.119-04:00 DEBUG 27960 --- [ms_registros_usuarios] [           main] org.hibernate.type.BasicTypeRegistry     : Adding type registration OffsetDateTimeWithTimezone -> org.hibernate.type.BasicTypeReference@3fe3ebb3
2024-05-02T21:49:27.119-04:00 DEBUG 27960 --- [ms_registros_usuarios] [           main] org.hibernate.type.BasicTypeRegistry     : Adding type registration OffsetDateTimeWithoutTimezone -> org.hibernate.type.BasicTypeReference@22a1d77b
2024-05-02T21:49:27.119-04:00 DEBUG 27960 --- [ms_registros_usuarios] [           main] org.hibernate.type.BasicTypeRegistry     : Adding type registration OffsetTime -> org.hibernate.type.BasicTypeReference@6f30d0eb
2024-05-02T21:49:27.119-04:00 DEBUG 27960 --- [ms_registros_usuarios] [           main] org.hibernate.type.BasicTypeRegistry     : Adding type registration java.time.OffsetTime -> org.hibernate.type.BasicTypeReference@6f30d0eb
2024-05-02T21:49:27.119-04:00 DEBUG 27960 --- [ms_registros_usuarios] [           main] org.hibernate.type.BasicTypeRegistry     : Adding type registration OffsetTimeUtc -> org.hibernate.type.BasicTypeReference@22fe90df
2024-05-02T21:49:27.119-04:00 DEBUG 27960 --- [ms_registros_usuarios] [           main] org.hibernate.type.BasicTypeRegistry     : Adding type registration OffsetTimeWithTimezone -> org.hibernate.type.BasicTypeReference@2604940
2024-05-02T21:49:27.119-04:00 DEBUG 27960 --- [ms_registros_usuarios] [           main] org.hibernate.type.BasicTypeRegistry     : Adding type registration OffsetTimeWithoutTimezone -> org.hibernate.type.BasicTypeReference@470866d1
2024-05-02T21:49:27.119-04:00 DEBUG 27960 --- [ms_registros_usuarios] [           main] org.hibernate.type.BasicTypeRegistry     : Adding type registration ZonedDateTime -> org.hibernate.type.BasicTypeReference@11267e87
2024-05-02T21:49:27.119-04:00 DEBUG 27960 --- [ms_registros_usuarios] [           main] org.hibernate.type.BasicTypeRegistry     : Adding type registration java.time.ZonedDateTime -> org.hibernate.type.BasicTypeReference@11267e87
2024-05-02T21:49:27.119-04:00 DEBUG 27960 --- [ms_registros_usuarios] [           main] org.hibernate.type.BasicTypeRegistry     : Adding type registration ZonedDateTimeWithTimezone -> org.hibernate.type.BasicTypeReference@118c1faa
2024-05-02T21:49:27.119-04:00 DEBUG 27960 --- [ms_registros_usuarios] [           main] org.hibernate.type.BasicTypeRegistry     : Adding type registration ZonedDateTimeWithoutTimezone -> org.hibernate.type.BasicTypeReference@da5b46f
2024-05-02T21:49:27.119-04:00 DEBUG 27960 --- [ms_registros_usuarios] [           main] org.hibernate.type.BasicTypeRegistry     : Adding type registration date -> org.hibernate.type.BasicTypeReference@99f75e4
2024-05-02T21:49:27.119-04:00 DEBUG 27960 --- [ms_registros_usuarios] [           main] org.hibernate.type.BasicTypeRegistry     : Adding type registration java.sql.Date -> org.hibernate.type.BasicTypeReference@99f75e4
2024-05-02T21:49:27.119-04:00 DEBUG 27960 --- [ms_registros_usuarios] [           main] org.hibernate.type.BasicTypeRegistry     : Adding type registration time -> org.hibernate.type.BasicTypeReference@2b6ff016
2024-05-02T21:49:27.119-04:00 DEBUG 27960 --- [ms_registros_usuarios] [           main] org.hibernate.type.BasicTypeRegistry     : Adding type registration java.sql.Time -> org.hibernate.type.BasicTypeReference@2b6ff016
2024-05-02T21:49:27.119-04:00 DEBUG 27960 --- [ms_registros_usuarios] [           main] org.hibernate.type.BasicTypeRegistry     : Adding type registration timestamp -> org.hibernate.type.BasicTypeReference@5aefdb9e
2024-05-02T21:49:27.119-04:00 DEBUG 27960 --- [ms_registros_usuarios] [           main] org.hibernate.type.BasicTypeRegistry     : Adding type registration java.sql.Timestamp -> org.hibernate.type.BasicTypeReference@5aefdb9e
2024-05-02T21:49:27.119-04:00 DEBUG 27960 --- [ms_registros_usuarios] [           main] org.hibernate.type.BasicTypeRegistry     : Adding type registration java.util.Date -> org.hibernate.type.BasicTypeReference@5aefdb9e
2024-05-02T21:49:27.119-04:00 DEBUG 27960 --- [ms_registros_usuarios] [           main] org.hibernate.type.BasicTypeRegistry     : Adding type registration calendar -> org.hibernate.type.BasicTypeReference@7a491a60
2024-05-02T21:49:27.119-04:00 DEBUG 27960 --- [ms_registros_usuarios] [           main] org.hibernate.type.BasicTypeRegistry     : Adding type registration java.util.Calendar -> org.hibernate.type.BasicTypeReference@7a491a60
2024-05-02T21:49:27.119-04:00 DEBUG 27960 --- [ms_registros_usuarios] [           main] org.hibernate.type.BasicTypeRegistry     : Adding type registration java.util.GregorianCalendar -> org.hibernate.type.BasicTypeReference@7a491a60
2024-05-02T21:49:27.119-04:00 DEBUG 27960 --- [ms_registros_usuarios] [           main] org.hibernate.type.BasicTypeRegistry     : Adding type registration calendar_date -> org.hibernate.type.BasicTypeReference@80b6098
2024-05-02T21:49:27.119-04:00 DEBUG 27960 --- [ms_registros_usuarios] [           main] org.hibernate.type.BasicTypeRegistry     : Adding type registration calendar_time -> org.hibernate.type.BasicTypeReference@5c30decf
2024-05-02T21:49:27.119-04:00 DEBUG 27960 --- [ms_registros_usuarios] [           main] org.hibernate.type.BasicTypeRegistry     : Adding type registration instant -> org.hibernate.type.BasicTypeReference@7827cdfc
2024-05-02T21:49:27.119-04:00 DEBUG 27960 --- [ms_registros_usuarios] [           main] org.hibernate.type.BasicTypeRegistry     : Adding type registration java.time.Instant -> org.hibernate.type.BasicTypeReference@7827cdfc
2024-05-02T21:49:27.119-04:00 DEBUG 27960 --- [ms_registros_usuarios] [           main] org.hibernate.type.BasicTypeRegistry     : Adding type registration uuid -> org.hibernate.type.BasicTypeReference@4a0f4282
2024-05-02T21:49:27.119-04:00 DEBUG 27960 --- [ms_registros_usuarios] [           main] org.hibernate.type.BasicTypeRegistry     : Adding type registration java.util.UUID -> org.hibernate.type.BasicTypeReference@4a0f4282
2024-05-02T21:49:27.119-04:00 DEBUG 27960 --- [ms_registros_usuarios] [           main] org.hibernate.type.BasicTypeRegistry     : Adding type registration pg-uuid -> org.hibernate.type.BasicTypeReference@4a0f4282
2024-05-02T21:49:27.119-04:00 DEBUG 27960 --- [ms_registros_usuarios] [           main] org.hibernate.type.BasicTypeRegistry     : Adding type registration uuid-binary -> org.hibernate.type.BasicTypeReference@19d3f4fb
2024-05-02T21:49:27.119-04:00 DEBUG 27960 --- [ms_registros_usuarios] [           main] org.hibernate.type.BasicTypeRegistry     : Adding type registration uuid-char -> org.hibernate.type.BasicTypeReference@43cf97a8
2024-05-02T21:49:27.119-04:00 DEBUG 27960 --- [ms_registros_usuarios] [           main] org.hibernate.type.BasicTypeRegistry     : Adding type registration class -> org.hibernate.type.BasicTypeReference@5c1ea00
2024-05-02T21:49:27.119-04:00 DEBUG 27960 --- [ms_registros_usuarios] [           main] org.hibernate.type.BasicTypeRegistry     : Adding type registration java.lang.Class -> org.hibernate.type.BasicTypeReference@5c1ea00
2024-05-02T21:49:27.119-04:00 DEBUG 27960 --- [ms_registros_usuarios] [           main] org.hibernate.type.BasicTypeRegistry     : Adding type registration currency -> org.hibernate.type.BasicTypeReference@356ab368
2024-05-02T21:49:27.119-04:00 DEBUG 27960 --- [ms_registros_usuarios] [           main] org.hibernate.type.BasicTypeRegistry     : Adding type registration Currency -> org.hibernate.type.BasicTypeReference@356ab368
2024-05-02T21:49:27.119-04:00 DEBUG 27960 --- [ms_registros_usuarios] [           main] org.hibernate.type.BasicTypeRegistry     : Adding type registration java.util.Currency -> org.hibernate.type.BasicTypeReference@356ab368
2024-05-02T21:49:27.119-04:00 DEBUG 27960 --- [ms_registros_usuarios] [           main] org.hibernate.type.BasicTypeRegistry     : Adding type registration locale -> org.hibernate.type.BasicTypeReference@3398ed12
2024-05-02T21:49:27.119-04:00 DEBUG 27960 --- [ms_registros_usuarios] [           main] org.hibernate.type.BasicTypeRegistry     : Adding type registration java.util.Locale -> org.hibernate.type.BasicTypeReference@3398ed12
2024-05-02T21:49:27.119-04:00 DEBUG 27960 --- [ms_registros_usuarios] [           main] org.hibernate.type.BasicTypeRegistry     : Adding type registration serializable -> org.hibernate.type.BasicTypeReference@c555e1e
2024-05-02T21:49:27.119-04:00 DEBUG 27960 --- [ms_registros_usuarios] [           main] org.hibernate.type.BasicTypeRegistry     : Adding type registration java.io.Serializable -> org.hibernate.type.BasicTypeReference@c555e1e
2024-05-02T21:49:27.119-04:00 DEBUG 27960 --- [ms_registros_usuarios] [           main] org.hibernate.type.BasicTypeRegistry     : Adding type registration timezone -> org.hibernate.type.BasicTypeReference@64e247e
2024-05-02T21:49:27.119-04:00 DEBUG 27960 --- [ms_registros_usuarios] [           main] org.hibernate.type.BasicTypeRegistry     : Adding type registration java.util.TimeZone -> org.hibernate.type.BasicTypeReference@64e247e
2024-05-02T21:49:27.119-04:00 DEBUG 27960 --- [ms_registros_usuarios] [           main] org.hibernate.type.BasicTypeRegistry     : Adding type registration ZoneOffset -> org.hibernate.type.BasicTypeReference@66df362c
2024-05-02T21:49:27.119-04:00 DEBUG 27960 --- [ms_registros_usuarios] [           main] org.hibernate.type.BasicTypeRegistry     : Adding type registration java.time.ZoneOffset -> org.hibernate.type.BasicTypeReference@66df362c
2024-05-02T21:49:27.119-04:00 DEBUG 27960 --- [ms_registros_usuarios] [           main] org.hibernate.type.BasicTypeRegistry     : Adding type registration url -> org.hibernate.type.BasicTypeReference@125ba798
2024-05-02T21:49:27.119-04:00 DEBUG 27960 --- [ms_registros_usuarios] [           main] org.hibernate.type.BasicTypeRegistry     : Adding type registration java.net.URL -> org.hibernate.type.BasicTypeReference@125ba798
2024-05-02T21:49:27.119-04:00 DEBUG 27960 --- [ms_registros_usuarios] [           main] org.hibernate.type.BasicTypeRegistry     : Adding type registration vector -> org.hibernate.type.BasicTypeReference@3458be63
2024-05-02T21:49:27.119-04:00 DEBUG 27960 --- [ms_registros_usuarios] [           main] org.hibernate.type.BasicTypeRegistry     : Adding type registration row_version -> org.hibernate.type.BasicTypeReference@43c20142
2024-05-02T21:49:27.119-04:00 DEBUG 27960 --- [ms_registros_usuarios] [           main] org.hibernate.type.BasicTypeRegistry     : Adding type registration object -> org.hibernate.type.JavaObjectType@7c31e01f
2024-05-02T21:49:27.119-04:00 DEBUG 27960 --- [ms_registros_usuarios] [           main] org.hibernate.type.BasicTypeRegistry     : Adding type registration java.lang.Object -> org.hibernate.type.JavaObjectType@7c31e01f
2024-05-02T21:49:27.119-04:00 DEBUG 27960 --- [ms_registros_usuarios] [           main] org.hibernate.type.BasicTypeRegistry     : Adding type registration null -> org.hibernate.type.NullType@225fb75e
2024-05-02T21:49:27.119-04:00 DEBUG 27960 --- [ms_registros_usuarios] [           main] org.hibernate.type.BasicTypeRegistry     : Adding type registration imm_date -> org.hibernate.type.BasicTypeReference@3c20af2
2024-05-02T21:49:27.119-04:00 DEBUG 27960 --- [ms_registros_usuarios] [           main] org.hibernate.type.BasicTypeRegistry     : Adding type registration imm_time -> org.hibernate.type.BasicTypeReference@29e63bc3
2024-05-02T21:49:27.119-04:00 DEBUG 27960 --- [ms_registros_usuarios] [           main] org.hibernate.type.BasicTypeRegistry     : Adding type registration imm_timestamp -> org.hibernate.type.BasicTypeReference@4a596fc1
2024-05-02T21:49:27.119-04:00 DEBUG 27960 --- [ms_registros_usuarios] [           main] org.hibernate.type.BasicTypeRegistry     : Adding type registration imm_calendar -> org.hibernate.type.BasicTypeReference@144d8c4f
2024-05-02T21:49:27.119-04:00 DEBUG 27960 --- [ms_registros_usuarios] [           main] org.hibernate.type.BasicTypeRegistry     : Adding type registration imm_calendar_date -> org.hibernate.type.BasicTypeReference@7cb81ae
2024-05-02T21:49:27.120-04:00 DEBUG 27960 --- [ms_registros_usuarios] [           main] org.hibernate.type.BasicTypeRegistry     : Adding type registration imm_calendar_time -> org.hibernate.type.BasicTypeReference@1f6b9ab7
2024-05-02T21:49:27.120-04:00 DEBUG 27960 --- [ms_registros_usuarios] [           main] org.hibernate.type.BasicTypeRegistry     : Adding type registration imm_binary -> org.hibernate.type.BasicTypeReference@1e4dc9fc
2024-05-02T21:49:27.120-04:00 DEBUG 27960 --- [ms_registros_usuarios] [           main] org.hibernate.type.BasicTypeRegistry     : Adding type registration imm_serializable -> org.hibernate.type.BasicTypeReference@661a018e
2024-05-02T21:49:27.121-04:00 DEBUG 27960 --- [ms_registros_usuarios] [           main] o.h.boot.internal.BootstrapContextImpl   : Injecting JPA temp ClassLoader [org.springframework.instrument.classloading.SimpleThrowawayClassLoader@7efaa137] into BootstrapContext; was [null]
2024-05-02T21:49:27.121-04:00 DEBUG 27960 --- [ms_registros_usuarios] [           main] o.h.boot.internal.ClassLoaderAccessImpl  : ClassLoaderAccessImpl#injectTempClassLoader(org.springframework.instrument.classloading.SimpleThrowawayClassLoader@7efaa137) [was null]
2024-05-02T21:49:27.121-04:00 DEBUG 27960 --- [ms_registros_usuarios] [           main] o.h.boot.internal.BootstrapContextImpl   : Injecting ScanEnvironment [org.hibernate.jpa.boot.internal.StandardJpaScanEnvironmentImpl@e08853d] into BootstrapContext; was [null]
2024-05-02T21:49:27.121-04:00 DEBUG 27960 --- [ms_registros_usuarios] [           main] o.h.boot.internal.BootstrapContextImpl   : Injecting ScanOptions [org.hibernate.boot.archive.scan.internal.StandardScanOptions@3828f303] into BootstrapContext; was [org.hibernate.boot.archive.scan.internal.StandardScanOptions@3c7b89ae]
2024-05-02T21:49:27.123-04:00  INFO 27960 --- [ms_registros_usuarios] [           main] o.s.o.j.p.SpringPersistenceUnitInfo      : No LoadTimeWeaver setup: ignoring JPA class transformer
2024-05-02T21:49:27.123-04:00 DEBUG 27960 --- [ms_registros_usuarios] [           main] o.h.boot.internal.BootstrapContextImpl   : Injecting JPA temp ClassLoader [null] into BootstrapContext; was [org.springframework.instrument.classloading.SimpleThrowawayClassLoader@7efaa137]
2024-05-02T21:49:27.123-04:00 DEBUG 27960 --- [ms_registros_usuarios] [           main] o.h.boot.internal.ClassLoaderAccessImpl  : ClassLoaderAccessImpl#injectTempClassLoader(null) [was org.springframework.instrument.classloading.SimpleThrowawayClassLoader@7efaa137]
2024-05-02T21:49:27.124-04:00  INFO 27960 --- [ms_registros_usuarios] [           main] com.zaxxer.hikari.HikariDataSource       : HikariPool-2 - Starting...
2024-05-02T21:49:27.124-04:00  WARN 27960 --- [ms_registros_usuarios] [           main] c.zaxxer.hikari.util.DriverDataSource    : Registered driver with driverClassName=oracle.jdbc.driver.OracleDriver was not found, trying direct instantiation.
2024-05-02T21:49:27.591-04:00  INFO 27960 --- [ms_registros_usuarios] [           main] com.zaxxer.hikari.pool.HikariPool        : HikariPool-2 - Added connection oracle.jdbc.driver.T4CConnection@55c9e012
2024-05-02T21:49:27.592-04:00  INFO 27960 --- [ms_registros_usuarios] [           main] com.zaxxer.hikari.HikariDataSource       : HikariPool-2 - Start completed.
2024-05-02T21:49:27.592-04:00 DEBUG 27960 --- [ms_registros_usuarios] [           main] o.h.e.j.e.i.JdbcEnvironmentInitiator     : Database ->
       name : Oracle
    version : Oracle Database 19c Enterprise Edition Release 19.0.0.0.0 - Production
Version 19.23.0.1.0
      major : 19
      minor : 0
2024-05-02T21:49:27.592-04:00 DEBUG 27960 --- [ms_registros_usuarios] [           main] o.h.e.j.e.i.JdbcEnvironmentInitiator     : Driver ->
       name : Oracle JDBC driver
    version : 21.9.0.0.0
      major : 21
      minor : 9
2024-05-02T21:49:27.592-04:00 DEBUG 27960 --- [ms_registros_usuarios] [           main] o.h.e.j.e.i.JdbcEnvironmentInitiator     : JDBC version : 4.3
2024-05-02T21:49:27.617-04:00  WARN 27960 --- [ms_registros_usuarios] [           main] org.hibernate.orm.deprecation            : HHH90000025: OracleDialect does not need to be specified explicitly using 'hibernate.dialect' (remove the property setting and it will be selected by default)
2024-05-02T21:49:27.617-04:00 DEBUG 27960 --- [ms_registros_usuarios] [           main] org.hibernate.orm.dialect                : HHH035001: Using dialect: org.hibernate.dialect.OracleDialect, version: 19.0
2024-05-02T21:49:27.686-04:00 DEBUG 27960 --- [ms_registros_usuarios] [           main] o.h.t.d.jdbc.spi.JdbcTypeRegistry        : addDescriptor(NCharTypeDescriptor) replaced previous registration(CharTypeDescriptor)
2024-05-02T21:49:27.686-04:00 DEBUG 27960 --- [ms_registros_usuarios] [           main] o.h.t.d.jdbc.spi.JdbcTypeRegistry        : addDescriptor(NVarcharTypeDescriptor) replaced previous registration(VarcharTypeDescriptor)
2024-05-02T21:49:27.686-04:00 DEBUG 27960 --- [ms_registros_usuarios] [           main] o.h.t.d.jdbc.spi.JdbcTypeRegistry        : addDescriptor(LongNVarcharTypeDescriptor) replaced previous registration(LongVarcharTypeDescriptor)
2024-05-02T21:49:27.686-04:00 DEBUG 27960 --- [ms_registros_usuarios] [           main] o.h.t.d.jdbc.spi.JdbcTypeRegistry        : addDescriptor(NClobTypeDescriptor(DEFAULT)) replaced previous registration(ClobTypeDescriptor(DEFAULT))
2024-05-02T21:49:27.686-04:00 DEBUG 27960 --- [ms_registros_usuarios] [           main] o.h.t.d.jdbc.spi.JdbcTypeRegistry        : addDescriptor(2005, ClobTypeDescriptor(STREAM_BINDING)) replaced previous registration(ClobTypeDescriptor(DEFAULT))
2024-05-02T21:49:27.686-04:00 DEBUG 27960 --- [ms_registros_usuarios] [           main] o.h.t.d.jdbc.spi.JdbcTypeRegistry        : addDescriptor(BooleanTypeDescriptor) replaced previous registration(BooleanTypeDescriptor)
2024-05-02T21:49:27.687-04:00 DEBUG 27960 --- [ms_registros_usuarios] [           main] org.hibernate.type.BasicTypeRegistry     : Adding type registration null -> org.hibernate.type.NullType@57a94530
2024-05-02T21:49:27.687-04:00 DEBUG 27960 --- [ms_registros_usuarios] [           main] org.hibernate.type.BasicTypeRegistry     : Type registration key [null] overrode previous entry : `org.hibernate.type.NullType@225fb75e`
2024-05-02T21:49:27.687-04:00 DEBUG 27960 --- [ms_registros_usuarios] [           main] org.hibernate.type.BasicTypeRegistry     : Adding type registration JAVA_OBJECT -> org.hibernate.type.JavaObjectType@52bd1783
2024-05-02T21:49:27.687-04:00 DEBUG 27960 --- [ms_registros_usuarios] [           main] org.hibernate.type.BasicTypeRegistry     : Adding type registration java.lang.Object -> org.hibernate.type.JavaObjectType@52bd1783
2024-05-02T21:49:27.687-04:00 DEBUG 27960 --- [ms_registros_usuarios] [           main] org.hibernate.type.BasicTypeRegistry     : Type registration key [java.lang.Object] overrode previous entry : `org.hibernate.type.JavaObjectType@7c31e01f`
2024-05-02T21:49:27.687-04:00 DEBUG 27960 --- [ms_registros_usuarios] [           main] org.hibernate.type.BasicTypeRegistry     : Adding type registration org.hibernate.type.DurationType -> basicType@22(java.time.Duration,3015)
2024-05-02T21:49:27.687-04:00 DEBUG 27960 --- [ms_registros_usuarios] [           main] org.hibernate.type.BasicTypeRegistry     : Adding type registration Duration -> basicType@22(java.time.Duration,3015)
2024-05-02T21:49:27.687-04:00 DEBUG 27960 --- [ms_registros_usuarios] [           main] org.hibernate.type.BasicTypeRegistry     : Adding type registration java.time.Duration -> basicType@22(java.time.Duration,3015)
2024-05-02T21:49:27.687-04:00 DEBUG 27960 --- [ms_registros_usuarios] [           main] o.h.type.spi.TypeConfiguration$Scope     : Scoping TypeConfiguration [org.hibernate.type.spi.TypeConfiguration@28f20b2a] to MetadataBuildingContext [org.hibernate.boot.internal.MetadataBuildingContextRootImpl@56cd8903]
2024-05-02T21:49:27.687-04:00 DEBUG 27960 --- [ms_registros_usuarios] [           main] o.h.boot.model.relational.Namespace      : Created database namespace [logicalName=Name{catalog=null, schema=null}, physicalName=Name{catalog=null, schema=null}]
2024-05-02T21:49:27.687-04:00 DEBUG 27960 --- [ms_registros_usuarios] [           main] o.h.boot.model.internal.EntityBinder     : Binding entity from annotated class: com.jzs.ms_registros_usuarios.model.Despacho
2024-05-02T21:49:27.688-04:00 DEBUG 27960 --- [ms_registros_usuarios] [           main] o.h.boot.model.internal.EntityBinder     : Import with entity name Despacho
2024-05-02T21:49:27.688-04:00 DEBUG 27960 --- [ms_registros_usuarios] [           main] o.h.boot.model.internal.EntityBinder     : Bind entity com.jzs.ms_registros_usuarios.model.Despacho on table despachos
2024-05-02T21:49:27.688-04:00 DEBUG 27960 --- [ms_registros_usuarios] [           main] o.h.boot.model.internal.AnnotatedColumn  : Binding column: AnnotatedDiscriminatorColumn(column='DTYPE')
2024-05-02T21:49:27.689-04:00 DEBUG 27960 --- [ms_registros_usuarios] [           main] o.h.boot.model.internal.AnnotatedColumn  : Binding column: AnnotatedColumn(column='id')
2024-05-02T21:49:27.689-04:00 DEBUG 27960 --- [ms_registros_usuarios] [           main] o.h.boot.internal.ClassLoaderAccessImpl  : Not known whether passed class name [com.jzs.ms_registros_usuarios.model.Despacho] is safe
2024-05-02T21:49:27.689-04:00 DEBUG 27960 --- [ms_registros_usuarios] [           main] o.h.boot.internal.ClassLoaderAccessImpl  : No temp ClassLoader provided; using live ClassLoader for loading potentially unsafe class : com.jzs.ms_registros_usuarios.model.Despacho
2024-05-02T21:49:27.689-04:00 DEBUG 27960 --- [ms_registros_usuarios] [           main] o.h.boot.model.internal.PropertyBinder   : MetadataSourceProcessor property id with lazy=false
2024-05-02T21:49:27.689-04:00 DEBUG 27960 --- [ms_registros_usuarios] [           main] o.h.b.m.internal.AbstractPropertyHolder  : Attempting to locate auto-apply AttributeConverter for property [com.jzs.ms_registros_usuarios.model.Despacho:id]
2024-05-02T21:49:27.689-04:00 DEBUG 27960 --- [ms_registros_usuarios] [           main] o.h.b.model.internal.BasicValueBinder    : building BasicValue for id
2024-05-02T21:49:27.689-04:00 DEBUG 27960 --- [ms_registros_usuarios] [           main] org.hibernate.mapping.BasicValue         : Skipping column re-registration: despachos.id
2024-05-02T21:49:27.689-04:00 DEBUG 27960 --- [ms_registros_usuarios] [           main] o.h.boot.model.internal.PropertyBinder   : Building property id
2024-05-02T21:49:27.689-04:00 DEBUG 27960 --- [ms_registros_usuarios] [           main] o.h.boot.model.internal.BinderHelper     : #makeIdGenerator(BasicValue([Column(id)]), id, identity, , ...)
2024-05-02T21:49:27.689-04:00 DEBUG 27960 --- [ms_registros_usuarios] [           main] o.h.boot.model.internal.AnnotatedColumn  : Binding column: AnnotatedColumn(column='activo')
2024-05-02T21:49:27.689-04:00 DEBUG 27960 --- [ms_registros_usuarios] [           main] o.h.boot.model.internal.PropertyBinder   : MetadataSourceProcessor property activo with lazy=false
2024-05-02T21:49:27.689-04:00 DEBUG 27960 --- [ms_registros_usuarios] [           main] o.h.b.m.internal.AbstractPropertyHolder  : Attempting to locate auto-apply AttributeConverter for property [com.jzs.ms_registros_usuarios.model.Despacho:activo]
2024-05-02T21:49:27.689-04:00 DEBUG 27960 --- [ms_registros_usuarios] [           main] o.h.b.model.internal.BasicValueBinder    : building BasicValue for activo
2024-05-02T21:49:27.689-04:00 DEBUG 27960 --- [ms_registros_usuarios] [           main] org.hibernate.mapping.BasicValue         : Skipping column re-registration: despachos.activo
2024-05-02T21:49:27.689-04:00 DEBUG 27960 --- [ms_registros_usuarios] [           main] o.h.boot.model.internal.PropertyBinder   : Building property activo
2024-05-02T21:49:27.690-04:00 DEBUG 27960 --- [ms_registros_usuarios] [           main] o.h.boot.model.internal.AnnotatedColumn  : Binding column: AnnotatedColumn(column='direccion')
2024-05-02T21:49:27.690-04:00 DEBUG 27960 --- [ms_registros_usuarios] [           main] o.h.boot.model.internal.PropertyBinder   : MetadataSourceProcessor property direccion with lazy=false
2024-05-02T21:49:27.690-04:00 DEBUG 27960 --- [ms_registros_usuarios] [           main] o.h.b.m.internal.AbstractPropertyHolder  : Attempting to locate auto-apply AttributeConverter for property [com.jzs.ms_registros_usuarios.model.Despacho:direccion]
2024-05-02T21:49:27.690-04:00 DEBUG 27960 --- [ms_registros_usuarios] [           main] o.h.b.model.internal.BasicValueBinder    : building BasicValue for direccion
2024-05-02T21:49:27.690-04:00 DEBUG 27960 --- [ms_registros_usuarios] [           main] org.hibernate.mapping.BasicValue         : Skipping column re-registration: despachos.direccion
2024-05-02T21:49:27.690-04:00 DEBUG 27960 --- [ms_registros_usuarios] [           main] o.h.boot.model.internal.PropertyBinder   : Building property direccion
2024-05-02T21:49:27.690-04:00 DEBUG 27960 --- [ms_registros_usuarios] [           main] o.h.boot.model.internal.AnnotatedColumn  : Binding column: AnnotatedJoinColumn(column='usuario_id')
2024-05-02T21:49:27.690-04:00 DEBUG 27960 --- [ms_registros_usuarios] [           main] o.h.boot.model.internal.AnnotatedColumn  : Binding column: AnnotatedColumn()
2024-05-02T21:49:27.690-04:00 DEBUG 27960 --- [ms_registros_usuarios] [           main] o.h.boot.model.internal.PropertyBinder   : Building property usuario
2024-05-02T21:49:27.691-04:00 DEBUG 27960 --- [ms_registros_usuarios] [           main] o.h.b.r.c.i.ClassLoaderServiceImpl       : HHH000194: Package not found or wo package-info.java: com.jzs.ms_registros_usuarios.model
2024-05-02T21:49:27.691-04:00 DEBUG 27960 --- [ms_registros_usuarios] [           main] o.h.boot.model.internal.EntityBinder     : Binding entity from annotated class: com.jzs.ms_registros_usuarios.model.Rol
2024-05-02T21:49:27.691-04:00 DEBUG 27960 --- [ms_registros_usuarios] [           main] o.h.boot.model.internal.EntityBinder     : Import with entity name Rol
2024-05-02T21:49:27.691-04:00 DEBUG 27960 --- [ms_registros_usuarios] [           main] o.h.boot.model.internal.EntityBinder     : Bind entity com.jzs.ms_registros_usuarios.model.Rol on table roles
2024-05-02T21:49:27.691-04:00 DEBUG 27960 --- [ms_registros_usuarios] [           main] o.h.boot.model.internal.AnnotatedColumn  : Binding column: AnnotatedDiscriminatorColumn(column='DTYPE')
2024-05-02T21:49:27.691-04:00 DEBUG 27960 --- [ms_registros_usuarios] [           main] o.h.boot.model.internal.AnnotatedColumn  : Binding column: AnnotatedColumn(column='id')
2024-05-02T21:49:27.691-04:00 DEBUG 27960 --- [ms_registros_usuarios] [           main] o.h.boot.internal.ClassLoaderAccessImpl  : Not known whether passed class name [com.jzs.ms_registros_usuarios.model.Rol] is safe
2024-05-02T21:49:27.691-04:00 DEBUG 27960 --- [ms_registros_usuarios] [           main] o.h.boot.internal.ClassLoaderAccessImpl  : No temp ClassLoader provided; using live ClassLoader for loading potentially unsafe class : com.jzs.ms_registros_usuarios.model.Rol
2024-05-02T21:49:27.691-04:00 DEBUG 27960 --- [ms_registros_usuarios] [           main] o.h.boot.model.internal.PropertyBinder   : MetadataSourceProcessor property id with lazy=false
2024-05-02T21:49:27.691-04:00 DEBUG 27960 --- [ms_registros_usuarios] [           main] o.h.b.m.internal.AbstractPropertyHolder  : Attempting to locate auto-apply AttributeConverter for property [com.jzs.ms_registros_usuarios.model.Rol:id]
2024-05-02T21:49:27.691-04:00 DEBUG 27960 --- [ms_registros_usuarios] [           main] o.h.b.model.internal.BasicValueBinder    : building BasicValue for id
2024-05-02T21:49:27.691-04:00 DEBUG 27960 --- [ms_registros_usuarios] [           main] org.hibernate.mapping.BasicValue         : Skipping column re-registration: roles.id
2024-05-02T21:49:27.691-04:00 DEBUG 27960 --- [ms_registros_usuarios] [           main] o.h.boot.model.internal.PropertyBinder   : Building property id
2024-05-02T21:49:27.691-04:00 DEBUG 27960 --- [ms_registros_usuarios] [           main] o.h.boot.model.internal.BinderHelper     : #makeIdGenerator(BasicValue([Column(id)]), id, identity, , ...)
2024-05-02T21:49:27.691-04:00 DEBUG 27960 --- [ms_registros_usuarios] [           main] o.h.boot.model.internal.AnnotatedColumn  : Binding column: AnnotatedColumn(column='activo')
2024-05-02T21:49:27.691-04:00 DEBUG 27960 --- [ms_registros_usuarios] [           main] o.h.boot.model.internal.PropertyBinder   : MetadataSourceProcessor property activo with lazy=false
2024-05-02T21:49:27.691-04:00 DEBUG 27960 --- [ms_registros_usuarios] [           main] o.h.b.m.internal.AbstractPropertyHolder  : Attempting to locate auto-apply AttributeConverter for property [com.jzs.ms_registros_usuarios.model.Rol:activo]
2024-05-02T21:49:27.691-04:00 DEBUG 27960 --- [ms_registros_usuarios] [           main] o.h.b.model.internal.BasicValueBinder    : building BasicValue for activo
2024-05-02T21:49:27.691-04:00 DEBUG 27960 --- [ms_registros_usuarios] [           main] org.hibernate.mapping.BasicValue         : Skipping column re-registration: roles.activo
2024-05-02T21:49:27.692-04:00 DEBUG 27960 --- [ms_registros_usuarios] [           main] o.h.boot.model.internal.PropertyBinder   : Building property activo
2024-05-02T21:49:27.692-04:00 DEBUG 27960 --- [ms_registros_usuarios] [           main] o.h.boot.model.internal.AnnotatedColumn  : Binding column: AnnotatedColumn(column='rol')
2024-05-02T21:49:27.692-04:00 DEBUG 27960 --- [ms_registros_usuarios] [           main] o.h.boot.model.internal.PropertyBinder   : MetadataSourceProcessor property rol with lazy=false
2024-05-02T21:49:27.692-04:00 DEBUG 27960 --- [ms_registros_usuarios] [           main] o.h.b.m.internal.AbstractPropertyHolder  : Attempting to locate auto-apply AttributeConverter for property [com.jzs.ms_registros_usuarios.model.Rol:rol]
2024-05-02T21:49:27.692-04:00 DEBUG 27960 --- [ms_registros_usuarios] [           main] o.h.b.model.internal.BasicValueBinder    : building BasicValue for rol
2024-05-02T21:49:27.692-04:00 DEBUG 27960 --- [ms_registros_usuarios] [           main] org.hibernate.mapping.BasicValue         : Skipping column re-registration: roles.rol
2024-05-02T21:49:27.692-04:00 DEBUG 27960 --- [ms_registros_usuarios] [           main] o.h.boot.model.internal.PropertyBinder   : Building property rol
2024-05-02T21:49:27.692-04:00 DEBUG 27960 --- [ms_registros_usuarios] [           main] o.h.boot.model.internal.AnnotatedColumn  : Binding column: AnnotatedJoinColumn(column='usuario_id')
2024-05-02T21:49:27.692-04:00 DEBUG 27960 --- [ms_registros_usuarios] [           main] o.h.boot.model.internal.AnnotatedColumn  : Binding column: AnnotatedColumn()
2024-05-02T21:49:27.692-04:00 DEBUG 27960 --- [ms_registros_usuarios] [           main] o.h.boot.model.internal.PropertyBinder   : Building property usuario
2024-05-02T21:49:27.692-04:00 DEBUG 27960 --- [ms_registros_usuarios] [           main] o.h.b.r.c.i.ClassLoaderServiceImpl       : HHH000194: Package not found or wo package-info.java: com.jzs.ms_registros_usuarios.model
2024-05-02T21:49:27.693-04:00 DEBUG 27960 --- [ms_registros_usuarios] [           main] o.h.boot.model.internal.EntityBinder     : Binding entity from annotated class: com.jzs.ms_registros_usuarios.model.Usuario
2024-05-02T21:49:27.693-04:00 DEBUG 27960 --- [ms_registros_usuarios] [           main] o.h.boot.model.internal.EntityBinder     : Import with entity name Usuario
2024-05-02T21:49:27.693-04:00 DEBUG 27960 --- [ms_registros_usuarios] [           main] o.h.boot.model.internal.EntityBinder     : Bind entity com.jzs.ms_registros_usuarios.model.Usuario on table usuarios
2024-05-02T21:49:27.693-04:00 DEBUG 27960 --- [ms_registros_usuarios] [           main] o.h.boot.model.internal.AnnotatedColumn  : Binding column: AnnotatedDiscriminatorColumn(column='DTYPE')
2024-05-02T21:49:27.694-04:00 DEBUG 27960 --- [ms_registros_usuarios] [           main] o.h.boot.model.internal.AnnotatedColumn  : Binding column: AnnotatedColumn(column='id')
2024-05-02T21:49:27.694-04:00 DEBUG 27960 --- [ms_registros_usuarios] [           main] o.h.boot.internal.ClassLoaderAccessImpl  : Not known whether passed class name [com.jzs.ms_registros_usuarios.model.Usuario] is safe
2024-05-02T21:49:27.694-04:00 DEBUG 27960 --- [ms_registros_usuarios] [           main] o.h.boot.internal.ClassLoaderAccessImpl  : No temp ClassLoader provided; using live ClassLoader for loading potentially unsafe class : com.jzs.ms_registros_usuarios.model.Usuario
2024-05-02T21:49:27.694-04:00 DEBUG 27960 --- [ms_registros_usuarios] [           main] o.h.boot.model.internal.PropertyBinder   : MetadataSourceProcessor property id with lazy=false
2024-05-02T21:49:27.694-04:00 DEBUG 27960 --- [ms_registros_usuarios] [           main] o.h.b.m.internal.AbstractPropertyHolder  : Attempting to locate auto-apply AttributeConverter for property [com.jzs.ms_registros_usuarios.model.Usuario:id]
2024-05-02T21:49:27.694-04:00 DEBUG 27960 --- [ms_registros_usuarios] [           main] o.h.b.model.internal.BasicValueBinder    : building BasicValue for id
2024-05-02T21:49:27.694-04:00 DEBUG 27960 --- [ms_registros_usuarios] [           main] org.hibernate.mapping.BasicValue         : Skipping column re-registration: usuarios.id
2024-05-02T21:49:27.694-04:00 DEBUG 27960 --- [ms_registros_usuarios] [           main] o.h.boot.model.internal.PropertyBinder   : Building property id
2024-05-02T21:49:27.694-04:00 DEBUG 27960 --- [ms_registros_usuarios] [           main] o.h.boot.model.internal.BinderHelper     : #makeIdGenerator(BasicValue([Column(id)]), id, identity, , ...)
2024-05-02T21:49:27.694-04:00 DEBUG 27960 --- [ms_registros_usuarios] [           main] o.h.boot.model.internal.AnnotatedColumn  : Binding column: AnnotatedJoinColumn()
2024-05-02T21:49:27.694-04:00 DEBUG 27960 --- [ms_registros_usuarios] [           main] o.h.boot.model.internal.AnnotatedColumn  : Binding column: AnnotatedColumn()
2024-05-02T21:49:27.695-04:00 DEBUG 27960 --- [ms_registros_usuarios] [           main] o.h.boot.model.internal.AnnotatedColumn  : Binding column: IndexColumn(column='despachos_ORDER')
2024-05-02T21:49:27.695-04:00 DEBUG 27960 --- [ms_registros_usuarios] [           main] o.h.boot.model.internal.AnnotatedColumn  : Binding column: AnnotatedColumn()
2024-05-02T21:49:27.695-04:00 DEBUG 27960 --- [ms_registros_usuarios] [           main] o.h.boot.model.internal.AnnotatedColumn  : Binding column: AnnotatedColumn(column='despachos_KEY')
2024-05-02T21:49:27.695-04:00 DEBUG 27960 --- [ms_registros_usuarios] [           main] o.h.boot.model.internal.AnnotatedColumn  : Binding column: AnnotatedJoinColumn(column='despachos_KEY')
2024-05-02T21:49:27.695-04:00 DEBUG 27960 --- [ms_registros_usuarios] [           main] o.h.boot.model.internal.AnnotatedColumn  : Binding column: AnnotatedJoinColumn()
2024-05-02T21:49:27.695-04:00 DEBUG 27960 --- [ms_registros_usuarios] [           main] o.h.boot.model.internal.AnnotatedColumn  : Binding column: AnnotatedJoinColumn()
2024-05-02T21:49:27.695-04:00 DEBUG 27960 --- [ms_registros_usuarios] [           main] o.h.b.model.internal.CollectionBinder    : Collection role: com.jzs.ms_registros_usuarios.model.Usuario.despachos
2024-05-02T21:49:27.695-04:00 DEBUG 27960 --- [ms_registros_usuarios] [           main] o.h.boot.model.internal.PropertyBinder   : Building property despachos
2024-05-02T21:49:27.695-04:00 DEBUG 27960 --- [ms_registros_usuarios] [           main] o.h.boot.model.internal.AnnotatedColumn  : Binding column: AnnotatedColumn(column='password')
2024-05-02T21:49:27.696-04:00 DEBUG 27960 --- [ms_registros_usuarios] [           main] o.h.boot.model.internal.PropertyBinder   : MetadataSourceProcessor property password with lazy=false
[...]
2024-05-02T21:49:28.410-04:00 DEBUG 27960 --- [ms_registros_usuarios] [           main] org.springframework.test.context.cache   : Spring test ApplicationContext cache statistics: [DefaultContextCache@51f01535 size = 3, maxSize = 32, parentContextCount = 0, hitCount = 98, missCount = 3, failureCount = 0]
2024-05-02T21:49:28.410-04:00 DEBUG 27960 --- [ms_registros_usuarios] [           main] t.c.t.TransactionalTestExecutionListener : No method-level @Rollback override: using default rollback [true] for test method [public void com.jzs.ms_registros_usuarios.repository.RegUsuRepositoryTest.eliminarUsuarioTest()]
2024-05-02T21:49:28.410-04:00 DEBUG 27960 --- [ms_registros_usuarios] [           main] o.s.orm.jpa.JpaTransactionManager        : Creating new transaction with name [com.jzs.ms_registros_usuarios.repository.RegUsuRepositoryTest.eliminarUsuarioTest]: PROPAGATION_REQUIRED,ISOLATION_DEFAULT
2024-05-02T21:49:28.410-04:00 DEBUG 27960 --- [ms_registros_usuarios] [           main] o.s.orm.jpa.JpaTransactionManager        : Opened new EntityManager [SessionImpl(1306969785<open>)] for JPA transaction
2024-05-02T21:49:28.410-04:00 DEBUG 27960 --- [ms_registros_usuarios] [           main] o.h.e.t.internal.TransactionImpl         : On TransactionImpl creation, JpaCompliance#isJpaTransactionComplianceEnabled == false
2024-05-02T21:49:28.410-04:00 DEBUG 27960 --- [ms_registros_usuarios] [           main] o.h.e.t.internal.TransactionImpl         : begin
2024-05-02T21:49:28.410-04:00 DEBUG 27960 --- [ms_registros_usuarios] [           main] o.s.orm.jpa.JpaTransactionManager        : Exposing JPA transaction as JDBC [org.springframework.orm.jpa.vendor.HibernateJpaDialect$HibernateConnectionHandle@4f141a7]
2024-05-02T21:49:28.410-04:00 DEBUG 27960 --- [ms_registros_usuarios] [           main] o.s.t.c.transaction.TransactionContext   : Began transaction (1) for test class [com.jzs.ms_registros_usuarios.repository.RegUsuRepositoryTest]; test method [eliminarUsuarioTest]; transaction manager [org.springframework.orm.jpa.JpaTransactionManager@3a907c78]; rollback [true]
2024-05-02T21:49:28.410-04:00 DEBUG 27960 --- [ms_registros_usuarios] [           main] org.springframework.test.context.cache   : Spring test ApplicationContext cache statistics: [DefaultContextCache@51f01535 size = 3, maxSize = 32, parentContextCount = 0, hitCount = 99, missCount = 3, failureCount = 0]
2024-05-02T21:49:28.410-04:00 DEBUG 27960 --- [ms_registros_usuarios] [           main] org.springframework.test.context.cache   : Spring test ApplicationContext cache statistics: [DefaultContextCache@51f01535 size = 3, maxSize = 32, parentContextCount = 0, hitCount = 100, missCount = 3, failureCount = 0]
2024-05-02T21:49:28.410-04:00 DEBUG 27960 --- [ms_registros_usuarios] [           main] org.springframework.test.context.cache   : Spring test ApplicationContext cache statistics: [DefaultContextCache@51f01535 size = 3, maxSize = 32, parentContextCount = 0, hitCount = 101, missCount = 3, failureCount = 0]
2024-05-02T21:49:28.411-04:00 DEBUG 27960 --- [ms_registros_usuarios] [           main] o.s.orm.jpa.JpaTransactionManager        : Found thread-bound EntityManager [SessionImpl(1306969785<open>)] for JPA transaction
2024-05-02T21:49:28.411-04:00 DEBUG 27960 --- [ms_registros_usuarios] [           main] o.s.orm.jpa.JpaTransactionManager        : Participating in existing transaction
2024-05-02T21:49:28.411-04:00 DEBUG 27960 --- [ms_registros_usuarios] [           main] o.h.j.internal.PersistenceUnitUtilImpl   : jakarta.persistence.PersistenceUnitUtil.getIdentifier is only intended to work with enhanced entities (although Hibernate also adapts this support to its proxies); however the passed entity was not enhanced (nor a proxy).. may not be able to read identifier
2024-05-02T21:49:28.411-04:00 DEBUG 27960 --- [ms_registros_usuarios] [           main] org.hibernate.engine.spi.ActionQueue     : Executing identity-insert immediately
2024-05-02T21:49:28.411-04:00 DEBUG 27960 --- [ms_registros_usuarios] [           main] org.hibernate.SQL                        : insert into usuarios (password,username,id) values (?,?,default)
Hibernate: insert into usuarios (password,username,id) values (?,?,default)
2024-05-02T21:49:28.458-04:00 DEBUG 27960 --- [ms_registros_usuarios] [           main] o.h.id.IdentifierGeneratorHelper         : Natively generated identity (com.jzs.ms_registros_usuarios.model.Usuario) : 147
2024-05-02T21:49:28.458-04:00 DEBUG 27960 --- [ms_registros_usuarios] [           main] org.hibernate.orm.sql.ast.create         : Created new SQL alias : u1_0
2024-05-02T21:49:28.458-04:00 DEBUG 27960 --- [ms_registros_usuarios] [           main] org.hibernate.orm.sql.ast.create         : Registration of TableGroup [StandardTableGroup(com.jzs.ms_registros_usuarios.model.Usuario(114817194734200))] with identifierForTableGroup [com.jzs.ms_registros_usuarios.model.Usuario] for NavigablePath [com.jzs.ms_registros_usuarios.model.Usuario] 
2024-05-02T21:49:28.459-04:00 DEBUG 27960 --- [ms_registros_usuarios] [           main] o.h.q.sqm.sql.BaseSqmToSqlAstConverter   : Determining mapping-model type for SqmParameter : org.hibernate.query.sqm.tree.expression.SqmJpaCriteriaParameterWrapper@4834e816
2024-05-02T21:49:28.459-04:00 DEBUG 27960 --- [ms_registros_usuarios] [           main] o.h.q.sqm.sql.BaseSqmToSqlAstConverter   : Determining mapping-model type for SqmPath : SqmBasicValuedSimplePath(com.jzs.ms_registros_usuarios.model.Usuario(114817194734200).username) 
2024-05-02T21:49:28.459-04:00 DEBUG 27960 --- [ms_registros_usuarios] [           main] org.hibernate.orm.results.graph.AST      : DomainResult Graph:
 \-EntityResultImpl [com.jzs.ms_registros_usuarios.model.Usuario(114817194734200)]
 |  +-DelayedCollectionFetch [com.jzs.ms_registros_usuarios.model.Usuario(114817194734200).despachos]
 |  +-BasicFetch [com.jzs.ms_registros_usuarios.model.Usuario(114817194734200).password]
 |  +-DelayedCollectionFetch [com.jzs.ms_registros_usuarios.model.Usuario(114817194734200).roles]
 |  \-BasicFetch [com.jzs.ms_registros_usuarios.model.Usuario(114817194734200).username]

2024-05-02T21:49:28.459-04:00 DEBUG 27960 --- [ms_registros_usuarios] [           main] org.hibernate.orm.sql.ast.tree           : SQL AST Tree:
    SelectStatement {
      FromClause {
        StandardTableGroup (u1 : com.jzs.ms_registros_usuarios.model.Usuario(114817194734200)) {
          primaryTableReference : usuarios as u1_0
        }
      }
    }

2024-05-02T21:49:28.459-04:00 DEBUG 27960 --- [ms_registros_usuarios] [           main] o.h.e.i.AbstractFlushingEventListener    : Processing flush-time cascades
2024-05-02T21:49:28.459-04:00 DEBUG 27960 --- [ms_registros_usuarios] [           main] o.h.e.i.AbstractFlushingEventListener    : Dirty checking collections
2024-05-02T21:49:28.459-04:00 DEBUG 27960 --- [ms_registros_usuarios] [           main] o.h.e.i.AbstractFlushingEventListener    : Flushed: 0 insertions, 0 updates, 0 deletions to 1 objects
2024-05-02T21:49:28.459-04:00 DEBUG 27960 --- [ms_registros_usuarios] [           main] o.h.e.i.AbstractFlushingEventListener    : Flushed: 0 (re)creations, 0 updates, 0 removals to 0 collections
2024-05-02T21:49:28.459-04:00 DEBUG 27960 --- [ms_registros_usuarios] [           main] o.hibernate.internal.util.EntityPrinter  : Listing entities:
2024-05-02T21:49:28.459-04:00 DEBUG 27960 --- [ms_registros_usuarios] [           main] o.hibernate.internal.util.EntityPrinter  : com.jzs.ms_registros_usuarios.model.Usuario{password=password_eliminar, roles=null, id=147, despachos=null, username=usuario_eliminar}
2024-05-02T21:49:28.459-04:00 DEBUG 27960 --- [ms_registros_usuarios] [           main] org.hibernate.orm.sql.exec               : Skipping reading Query result cache data: cache-enabled = false, cache-mode = NORMAL
2024-05-02T21:49:28.459-04:00 DEBUG 27960 --- [ms_registros_usuarios] [           main] org.hibernate.orm.results                : Initializer list:
	  com.jzs.ms_registros_usuarios.model.Usuario(114817194734200).roles -> DelayedCollectionInitializer(com.jzs.ms_registros_usuarios.model.Usuario(114817194734200).roles)@1092302656 (PluralAttribute(com.jzs.ms_registros_usuarios.model.Usuario.roles))
	  com.jzs.ms_registros_usuarios.model.Usuario(114817194734200).despachos -> DelayedCollectionInitializer(com.jzs.ms_registros_usuarios.model.Usuario(114817194734200).despachos)@771752749 (PluralAttribute(com.jzs.ms_registros_usuarios.model.Usuario.despachos))
	  com.jzs.ms_registros_usuarios.model.Usuario(114817194734200) -> EntityResultInitializer(com.jzs.ms_registros_usuarios.model.Usuario(114817194734200))@959731535 (SingleTableEntityPersister(com.jzs.ms_registros_usuarios.model.Usuario))

2024-05-02T21:49:28.460-04:00 DEBUG 27960 --- [ms_registros_usuarios] [           main] org.hibernate.SQL                        : select u1_0.id,u1_0.password,u1_0.username from usuarios u1_0 where u1_0.username=?
Hibernate: select u1_0.id,u1_0.password,u1_0.username from usuarios u1_0 where u1_0.username=?
2024-05-02T21:49:28.481-04:00 DEBUG 27960 --- [ms_registros_usuarios] [           main] org.hibernate.orm.results                : Extracted JDBC value [0] - [147]
2024-05-02T21:49:28.481-04:00 DEBUG 27960 --- [ms_registros_usuarios] [           main] o.hibernate.orm.results.loading.entity   : (EntityResultInitializer) Hydrated EntityKey (com.jzs.ms_registros_usuarios.model.Usuario(114817194734200)): 147
2024-05-02T21:49:28.481-04:00 DEBUG 27960 --- [ms_registros_usuarios] [           main] org.hibernate.orm.results                : Extracted JDBC value [0] - [147]
2024-05-02T21:49:28.481-04:00 DEBUG 27960 --- [ms_registros_usuarios] [           main] o.h.o.r.l.o.h.o.r.loading.collection     : (DelayedCollectionInitializer) Current row collection key : com.jzs.ms_registros_usuarios.model.Usuario(114817194734200).despachos#147
2024-05-02T21:49:28.481-04:00 DEBUG 27960 --- [ms_registros_usuarios] [           main] org.hibernate.orm.results                : Extracted JDBC value [0] - [147]
2024-05-02T21:49:28.481-04:00 DEBUG 27960 --- [ms_registros_usuarios] [           main] o.h.o.r.l.o.h.o.r.loading.collection     : (DelayedCollectionInitializer) Current row collection key : com.jzs.ms_registros_usuarios.model.Usuario(114817194734200).roles#147
2024-05-02T21:49:28.481-04:00 DEBUG 27960 --- [ms_registros_usuarios] [           main] org.hibernate.orm.results.loading        : Calling top-level assembler (0 / 1) : org.hibernate.sql.results.graph.entity.internal.EntityAssembler@103d64a0
2024-05-02T21:49:28.482-04:00 DEBUG 27960 --- [ms_registros_usuarios] [           main] o.s.orm.jpa.JpaTransactionManager        : Found thread-bound EntityManager [SessionImpl(1306969785<open>)] for JPA transaction
2024-05-02T21:49:28.482-04:00 DEBUG 27960 --- [ms_registros_usuarios] [           main] o.s.orm.jpa.JpaTransactionManager        : Participating in existing transaction
2024-05-02T21:49:28.482-04:00 DEBUG 27960 --- [ms_registros_usuarios] [           main] o.h.j.internal.PersistenceUnitUtilImpl   : jakarta.persistence.PersistenceUnitUtil.getIdentifier is only intended to work with enhanced entities (although Hibernate also adapts this support to its proxies); however the passed entity was not enhanced (nor a proxy).. may not be able to read identifier
2024-05-02T21:49:28.482-04:00 DEBUG 27960 --- [ms_registros_usuarios] [           main] o.h.j.internal.PersistenceUnitUtilImpl   : jakarta.persistence.PersistenceUnitUtil.getIdentifier is only intended to work with enhanced entities (although Hibernate also adapts this support to its proxies); however the passed entity was not enhanced (nor a proxy).. may not be able to read identifier
2024-05-02T21:49:28.489-04:00 DEBUG 27960 --- [ms_registros_usuarios] [           main] org.hibernate.orm.sql.ast.create         : Created new SQL alias : u1_0
2024-05-02T21:49:28.489-04:00 DEBUG 27960 --- [ms_registros_usuarios] [           main] org.hibernate.orm.sql.ast.create         : Registration of TableGroup [StandardTableGroup(com.jzs.ms_registros_usuarios.model.Usuario(114817194734200))] with identifierForTableGroup [com.jzs.ms_registros_usuarios.model.Usuario] for NavigablePath [com.jzs.ms_registros_usuarios.model.Usuario] 
2024-05-02T21:49:28.489-04:00 DEBUG 27960 --- [ms_registros_usuarios] [           main] o.h.q.sqm.sql.BaseSqmToSqlAstConverter   : Determining mapping-model type for SqmParameter : org.hibernate.query.sqm.tree.expression.SqmJpaCriteriaParameterWrapper@1eacc589
2024-05-02T21:49:28.489-04:00 DEBUG 27960 --- [ms_registros_usuarios] [           main] o.h.q.sqm.sql.BaseSqmToSqlAstConverter   : Determining mapping-model type for SqmPath : SqmBasicValuedSimplePath(com.jzs.ms_registros_usuarios.model.Usuario(114817194734200).username) 
2024-05-02T21:49:28.489-04:00 DEBUG 27960 --- [ms_registros_usuarios] [           main] org.hibernate.orm.results.graph.AST      : DomainResult Graph:
 \-EntityResultImpl [com.jzs.ms_registros_usuarios.model.Usuario(114817194734200)]
 |  +-DelayedCollectionFetch [com.jzs.ms_registros_usuarios.model.Usuario(114817194734200).despachos]
 |  +-BasicFetch [com.jzs.ms_registros_usuarios.model.Usuario(114817194734200).password]
 |  +-DelayedCollectionFetch [com.jzs.ms_registros_usuarios.model.Usuario(114817194734200).roles]
 |  \-BasicFetch [com.jzs.ms_registros_usuarios.model.Usuario(114817194734200).username]

2024-05-02T21:49:28.489-04:00 DEBUG 27960 --- [ms_registros_usuarios] [           main] org.hibernate.orm.sql.ast.tree           : SQL AST Tree:
    SelectStatement {
      FromClause {
        StandardTableGroup (u1 : com.jzs.ms_registros_usuarios.model.Usuario(114817194734200)) {
          primaryTableReference : usuarios as u1_0
        }
      }
    }

2024-05-02T21:49:28.489-04:00 DEBUG 27960 --- [ms_registros_usuarios] [           main] o.h.e.i.AbstractFlushingEventListener    : Processing flush-time cascades
2024-05-02T21:49:28.489-04:00 DEBUG 27960 --- [ms_registros_usuarios] [           main] o.h.e.i.AbstractFlushingEventListener    : Dirty checking collections
2024-05-02T21:49:28.489-04:00 DEBUG 27960 --- [ms_registros_usuarios] [           main] o.h.e.i.AbstractFlushingEventListener    : Flushed: 0 insertions, 0 updates, 1 deletions to 1 objects
2024-05-02T21:49:28.489-04:00 DEBUG 27960 --- [ms_registros_usuarios] [           main] o.h.e.i.AbstractFlushingEventListener    : Flushed: 0 (re)creations, 0 updates, 0 removals to 0 collections
2024-05-02T21:49:28.489-04:00 DEBUG 27960 --- [ms_registros_usuarios] [           main] o.hibernate.internal.util.EntityPrinter  : Listing entities:
2024-05-02T21:49:28.489-04:00 DEBUG 27960 --- [ms_registros_usuarios] [           main] o.hibernate.internal.util.EntityPrinter  : com.jzs.ms_registros_usuarios.model.Usuario{password=password_eliminar, roles=null, id=147, despachos=null, username=usuario_eliminar}
2024-05-02T21:49:28.490-04:00 DEBUG 27960 --- [ms_registros_usuarios] [           main] org.hibernate.engine.spi.ActionQueue     : Changes must be flushed to space: usuarios
2024-05-02T21:49:28.492-04:00 DEBUG 27960 --- [ms_registros_usuarios] [           main] org.hibernate.SQL                        : delete from usuarios where id=?
Hibernate: delete from usuarios where id=?
2024-05-02T21:49:28.520-04:00 DEBUG 27960 --- [ms_registros_usuarios] [           main] org.hibernate.orm.sql.exec               : Skipping reading Query result cache data: cache-enabled = false, cache-mode = NORMAL
2024-05-02T21:49:28.520-04:00 DEBUG 27960 --- [ms_registros_usuarios] [           main] org.hibernate.orm.results                : Initializer list:
	  com.jzs.ms_registros_usuarios.model.Usuario(114817194734200).roles -> DelayedCollectionInitializer(com.jzs.ms_registros_usuarios.model.Usuario(114817194734200).roles)@401046871 (PluralAttribute(com.jzs.ms_registros_usuarios.model.Usuario.roles))
	  com.jzs.ms_registros_usuarios.model.Usuario(114817194734200).despachos -> DelayedCollectionInitializer(com.jzs.ms_registros_usuarios.model.Usuario(114817194734200).despachos)@530355333 (PluralAttribute(com.jzs.ms_registros_usuarios.model.Usuario.despachos))
	  com.jzs.ms_registros_usuarios.model.Usuario(114817194734200) -> EntityResultInitializer(com.jzs.ms_registros_usuarios.model.Usuario(114817194734200))@1575675375 (SingleTableEntityPersister(com.jzs.ms_registros_usuarios.model.Usuario))

2024-05-02T21:49:28.520-04:00 DEBUG 27960 --- [ms_registros_usuarios] [           main] org.hibernate.SQL                        : select u1_0.id,u1_0.password,u1_0.username from usuarios u1_0 where u1_0.username=?
Hibernate: select u1_0.id,u1_0.password,u1_0.username from usuarios u1_0 where u1_0.username=?
2024-05-02T21:49:28.542-04:00 DEBUG 27960 --- [ms_registros_usuarios] [           main] org.springframework.test.context.cache   : Spring test ApplicationContext cache statistics: [DefaultContextCache@51f01535 size = 3, maxSize = 32, parentContextCount = 0, hitCount = 102, missCount = 3, failureCount = 0]
2024-05-02T21:49:28.542-04:00 DEBUG 27960 --- [ms_registros_usuarios] [           main] org.springframework.test.context.cache   : Spring test ApplicationContext cache statistics: [DefaultContextCache@51f01535 size = 3, maxSize = 32, parentContextCount = 0, hitCount = 103, missCount = 3, failureCount = 0]
2024-05-02T21:49:28.542-04:00 DEBUG 27960 --- [ms_registros_usuarios] [           main] org.springframework.test.context.cache   : Spring test ApplicationContext cache statistics: [DefaultContextCache@51f01535 size = 3, maxSize = 32, parentContextCount = 0, hitCount = 104, missCount = 3, failureCount = 0]
2024-05-02T21:49:28.542-04:00 DEBUG 27960 --- [ms_registros_usuarios] [           main] org.springframework.test.context.cache   : Spring test ApplicationContext cache statistics: [DefaultContextCache@51f01535 size = 3, maxSize = 32, parentContextCount = 0, hitCount = 105, missCount = 3, failureCount = 0]
2024-05-02T21:49:28.542-04:00 DEBUG 27960 --- [ms_registros_usuarios] [           main] org.springframework.test.context.cache   : Spring test ApplicationContext cache statistics: [DefaultContextCache@51f01535 size = 3, maxSize = 32, parentContextCount = 0, hitCount = 106, missCount = 3, failureCount = 0]
2024-05-02T21:49:28.542-04:00 DEBUG 27960 --- [ms_registros_usuarios] [           main] org.springframework.test.context.cache   : Spring test ApplicationContext cache statistics: [DefaultContextCache@51f01535 size = 3, maxSize = 32, parentContextCount = 0, hitCount = 107, missCount = 3, failureCount = 0]
2024-05-02T21:49:28.542-04:00 DEBUG 27960 --- [ms_registros_usuarios] [           main] o.s.orm.jpa.JpaTransactionManager        : Initiating transaction rollback
2024-05-02T21:49:28.542-04:00 DEBUG 27960 --- [ms_registros_usuarios] [           main] o.s.orm.jpa.JpaTransactionManager        : Rolling back JPA transaction on EntityManager [SessionImpl(1306969785<open>)]
2024-05-02T21:49:28.542-04:00 DEBUG 27960 --- [ms_registros_usuarios] [           main] o.h.e.t.internal.TransactionImpl         : rolling back
2024-05-02T21:49:28.566-04:00 DEBUG 27960 --- [ms_registros_usuarios] [           main] o.s.orm.jpa.JpaTransactionManager        : Closing JPA EntityManager [SessionImpl(1306969785<open>)] after transaction
2024-05-02T21:49:28.566-04:00 DEBUG 27960 --- [ms_registros_usuarios] [           main] o.s.t.c.transaction.TransactionContext   : Rolled back transaction (1) for test class [com.jzs.ms_registros_usuarios.repository.RegUsuRepositoryTest]; test method [eliminarUsuarioTest]
2024-05-02T21:49:28.566-04:00 DEBUG 27960 --- [ms_registros_usuarios] [           main] .c.s.DirtiesContextTestExecutionListener : After test method: class [RegUsuRepositoryTest], method [eliminarUsuarioTest], class annotated with @DirtiesContext [false] with mode [null], method annotated with @DirtiesContext [false] with mode [null]
]]></system-out>
  </testcase>
</testsuite>