<?xml version="1.0" encoding="UTF-8"?>
<testsuite xmlns:xsi="http://www.w3.org/2001/XMLSchema-instance" xsi:noNamespaceSchemaLocation="https://maven.apache.org/surefire/maven-surefire-plugin/xsd/surefire-test-report-3.0.xsd" version="3.0" name="com.jzs.ms_registros_usuarios.MsRegistrosUsuariosApplicationTests" time="5.154" tests="1" errors="0" skipped="0" failures="0">
  <properties>
[...]
</properties>
  <testcase name="contextLoads" classname="com.jzs.ms_registros_usuarios.MsRegistrosUsuariosApplicationTests" time="0.007">
    <system-out><![CDATA[2024-05-02T21:49:21.769-04:00 DEBUG 27960 --- [ms_registros_usuarios] [           main] .b.t.c.SpringBootTestContextBootstrapper : Neither @ContextConfiguration nor @ContextHierarchy found for test class [MsRegistrosUsuariosApplicationTests]: using SpringBootContextLoader
2024-05-02T21:49:21.770-04:00 DEBUG 27960 --- [ms_registros_usuarios] [           main] o.s.t.c.support.AbstractContextLoader    : Could not detect default resource locations for test class [com.jzs.ms_registros_usuarios.MsRegistrosUsuariosApplicationTests]: no resource found for suffixes {-context.xml, Context.groovy}.
2024-05-02T21:49:21.770-04:00  INFO 27960 --- [ms_registros_usuarios] [           main] t.c.s.AnnotationConfigContextLoaderUtils : Could not detect default configuration classes for test class [com.jzs.ms_registros_usuarios.MsRegistrosUsuariosApplicationTests]: MsRegistrosUsuariosApplicationTests does not declare any static, non-private, non-final, nested classes annotated with @Configuration.
2024-05-02T21:49:21.772-04:00 DEBUG 27960 --- [ms_registros_usuarios] [           main] .b.t.c.SpringBootTestContextBootstrapper : Using ContextCustomizerFactory implementations for test class [MsRegistrosUsuariosApplicationTests]: [ImportsContextCustomizerFactory, ExcludeFilterContextCustomizerFactory, HttpGraphQlTesterContextCustomizerFactory, DuplicateJsonObjectContextCustomizerFactory, MockitoContextCustomizerFactory, TestRestTemplateContextCustomizerFactory, WebTestClientContextCustomizerFactory, OverrideAutoConfigurationContextCustomizerFactory, ObservabilityContextCustomizerFactory, TypeExcludeFiltersContextCustomizerFactory, PropertyMappingContextCustomizerFactory, WebDriverContextCustomizerFactory, MockServerContainerContextCustomizerFactory, DynamicPropertiesContextCustomizerFactory]
2024-05-02T21:49:21.774-04:00 DEBUG 27960 --- [ms_registros_usuarios] [           main] .b.t.c.SpringBootTestContextBootstrapper : Using ContextCustomizers for test class [MsRegistrosUsuariosApplicationTests]: [ExcludeFilterContextCustomizer, DuplicateJsonObjectContextCustomizer, MockitoContextCustomizer, TestRestTemplateContextCustomizer, DisableObservabilityContextCustomizer, PropertyMappingContextCustomizer, WebDriverContextCustomizer]
2024-05-02T21:49:21.779-04:00 DEBUG 27960 --- [ms_registros_usuarios] [           main] ssPathScanningCandidateComponentProvider : Identified candidate component class: file [C:\Users\jaime\Mi unidad\ING-SOFTWARE\DESARROLLO FULLSTACK I_001A\code\ms_registros_usuarios_v2\target\classes\com\jzs\ms_registros_usuarios\MsRegistrosUsuariosApplication.class]
2024-05-02T21:49:21.779-04:00  INFO 27960 --- [ms_registros_usuarios] [           main] .b.t.c.SpringBootTestContextBootstrapper : Found @SpringBootConfiguration com.jzs.ms_registros_usuarios.MsRegistrosUsuariosApplication for test class com.jzs.ms_registros_usuarios.MsRegistrosUsuariosApplicationTests
2024-05-02T21:49:21.788-04:00 DEBUG 27960 --- [ms_registros_usuarios] [           main] .s.t.c.u.TestContextSpringFactoriesUtils : Skipping candidate TestExecutionListener [org.springframework.test.context.observation.MicrometerObservationRegistryTestExecutionListener] due to a missing dependency. Specify custom TestExecutionListener classes or make the default TestExecutionListener classes and their required dependencies available. Offending class: io.micrometer.context.ThreadLocalAccessor. MicrometerObservationRegistryTestExecutionListener requires io.micrometer:micrometer-observation:1.10.8 or higher and io.micrometer:context-propagation:1.0.3 or higher.
2024-05-02T21:49:21.788-04:00 DEBUG 27960 --- [ms_registros_usuarios] [           main] .b.t.c.SpringBootTestContextBootstrapper : Using TestExecutionListeners for test class [MsRegistrosUsuariosApplicationTests]: [ServletTestExecutionListener, DirtiesContextBeforeModesTestExecutionListener, ApplicationEventsTestExecutionListener, MockitoTestExecutionListener, DependencyInjectionTestExecutionListener, DirtiesContextTestExecutionListener, TransactionalTestExecutionListener, SqlScriptsTestExecutionListener, EventPublishingTestExecutionListener, ResetMocksTestExecutionListener, RestDocsTestExecutionListener, MockRestServiceServerResetTestExecutionListener, MockMvcPrintOnlyOnFailureTestExecutionListener, WebDriverTestExecutionListener, MockWebServiceServerTestExecutionListener]
2024-05-02T21:49:21.788-04:00 DEBUG 27960 --- [ms_registros_usuarios] [           main] sContextBeforeModesTestExecutionListener : Before test class: class [MsRegistrosUsuariosApplicationTests], class annotated with @DirtiesContext [false] with mode [null]
2024-05-02T21:49:21.792-04:00  INFO 27960 --- [ms_registros_usuarios] [           main] o.s.b.d.r.RestartApplicationListener     : Restart disabled due to context in which it is running
2024-05-02T21:49:21.819-04:00 DEBUG 27960 --- [ms_registros_usuarios] [           main] .s.b.w.s.c.ApplicationServletEnvironment : Activating profiles []
2024-05-02T21:49:21.821-04:00 DEBUG 27960 --- [ms_registros_usuarios] [           main] o.s.c.e.PropertySourcesPropertyResolver  : Found key 'spring.application.name' in PropertySource 'configurationProperties' with value of type String

  .   ____          _            __ _ _
 /\\ / ___'_ __ _ _(_)_ __  __ _ \ \ \ \
( ( )\___ | '_ | '_| | '_ \/ _` | \ \ \ \
 \\/  ___)| |_)| | | | | || (_| |  ) ) ) )
  '  |____| .__|_| |_|_| |_\__, | / / / /
 =========|_|==============|___/=/_/_/_/
 :: Spring Boot ::                (v3.2.4)

2024-05-02T21:49:21.827-04:00  INFO 27960 --- [ms_registros_usuarios] [           main] .j.m.MsRegistrosUsuariosApplicationTests : Starting MsRegistrosUsuariosApplicationTests using Java 21.0.2 with PID 27960 (started by jaime in C:\Users\jaime\Mi unidad\ING-SOFTWARE\DESARROLLO FULLSTACK I_001A\code\ms_registros_usuarios_v2)
2024-05-02T21:49:21.827-04:00  INFO 27960 --- [ms_registros_usuarios] [           main] .j.m.MsRegistrosUsuariosApplicationTests : No active profile set, falling back to 1 default profile: "default"
2024-05-02T21:49:21.828-04:00 DEBUG 27960 --- [ms_registros_usuarios] [           main] o.s.boot.SpringApplication               : Loading source class com.jzs.ms_registros_usuarios.MsRegistrosUsuariosApplication
2024-05-02T21:49:21.830-04:00 DEBUG 27960 --- [ms_registros_usuarios] [           main] o.s.w.c.s.GenericWebApplicationContext   : Refreshing org.springframework.web.context.support.GenericWebApplicationContext@5af40e45
2024-05-02T21:49:21.831-04:00 DEBUG 27960 --- [ms_registros_usuarios] [           main] o.s.b.f.s.DefaultListableBeanFactory     : Creating shared instance of singleton bean 'org.springframework.context.annotation.internalConfigurationAnnotationProcessor'
2024-05-02T21:49:21.831-04:00 DEBUG 27960 --- [ms_registros_usuarios] [           main] o.s.b.f.s.DefaultListableBeanFactory     : Creating shared instance of singleton bean 'org.springframework.boot.autoconfigure.internalCachingMetadataReaderFactory'
2024-05-02T21:49:21.839-04:00 DEBUG 27960 --- [ms_registros_usuarios] [           main] o.s.c.a.ClassPathBeanDefinitionScanner   : Identified candidate component class: file [C:\Users\jaime\Mi unidad\ING-SOFTWARE\DESARROLLO FULLSTACK I_001A\code\ms_registros_usuarios_v2\target\classes\com\jzs\ms_registros_usuarios\controller\RegUsuController.class]
2024-05-02T21:49:21.841-04:00 DEBUG 27960 --- [ms_registros_usuarios] [           main] o.s.c.a.ClassPathBeanDefinitionScanner   : Identified candidate component class: file [C:\Users\jaime\Mi unidad\ING-SOFTWARE\DESARROLLO FULLSTACK I_001A\code\ms_registros_usuarios_v2\target\classes\com\jzs\ms_registros_usuarios\service\RegUsuServicelmpl.class]
2024-05-02T21:49:22.458-04:00  INFO 27960 --- [ms_registros_usuarios] [           main] .s.d.r.c.RepositoryConfigurationDelegate : Bootstrapping Spring Data JPA repositories in DEFAULT mode.
2024-05-02T21:49:22.463-04:00 DEBUG 27960 --- [ms_registros_usuarios] [           main] o.s.b.f.s.DefaultListableBeanFactory     : Creating shared instance of singleton bean 'org.springframework.boot.autoconfigure.AutoConfigurationPackages'
2024-05-02T21:49:22.464-04:00 DEBUG 27960 --- [ms_registros_usuarios] [           main] o.s.b.a.AutoConfigurationPackages        : @EnableAutoConfiguration was declared on a class in the package 'com.jzs.ms_registros_usuarios'. Automatic @Repository and @Entity scanning is enabled.
2024-05-02T21:49:22.464-04:00 DEBUG 27960 --- [ms_registros_usuarios] [           main] .s.d.r.c.RepositoryConfigurationDelegate : Scanning for JPA repositories in packages com.jzs.ms_registros_usuarios.
2024-05-02T21:49:22.483-04:00 DEBUG 27960 --- [ms_registros_usuarios] [           main] o.s.d.r.c.RepositoryComponentProvider    : Identified candidate component class: file [C:\Users\jaime\Mi unidad\ING-SOFTWARE\DESARROLLO FULLSTACK I_001A\code\ms_registros_usuarios_v2\target\classes\com\jzs\ms_registros_usuarios\repository\RegUsuRepository.class]
2024-05-02T21:49:22.510-04:00  INFO 27960 --- [ms_registros_usuarios] [           main] .s.d.r.c.RepositoryConfigurationDelegate : Finished Spring Data repository scanning in 45 ms. Found 1 JPA repository interface.
2024-05-02T21:49:22.560-04:00 DEBUG 27960 --- [ms_registros_usuarios] [           main] o.s.b.f.s.DefaultListableBeanFactory     : Creating shared instance of singleton bean 'propertySourcesPlaceholderConfigurer'
2024-05-02T21:49:22.564-04:00 DEBUG 27960 --- [ms_registros_usuarios] [           main] o.s.b.f.s.DefaultListableBeanFactory     : Creating shared instance of singleton bean 'org.springframework.boot.test.mock.mockito.MockitoPostProcessor'
2024-05-02T21:49:22.565-04:00 DEBUG 27960 --- [ms_registros_usuarios] [           main] o.s.b.f.s.DefaultListableBeanFactory     : Creating shared instance of singleton bean 'emBeanDefinitionRegistrarPostProcessor'
2024-05-02T21:49:22.565-04:00 DEBUG 27960 --- [ms_registros_usuarios] [           main] o.s.b.f.s.DefaultListableBeanFactory     : Creating shared instance of singleton bean 'org.springframework.boot.sql.init.dependency.DatabaseInitializationDependencyConfigurer$DependsOnDatabaseInitializationPostProcessor'
2024-05-02T21:49:22.600-04:00 DEBUG 27960 --- [ms_registros_usuarios] [           main] o.s.b.f.s.DefaultListableBeanFactory     : Creating shared instance of singleton bean 'org.springframework.context.event.internalEventListenerProcessor'
2024-05-02T21:49:22.601-04:00 DEBUG 27960 --- [ms_registros_usuarios] [           main] o.s.b.f.s.DefaultListableBeanFactory     : Creating shared instance of singleton bean 'preserveErrorControllerTargetClassPostProcessor'
2024-05-02T21:49:22.601-04:00 DEBUG 27960 --- [ms_registros_usuarios] [           main] o.s.b.f.s.DefaultListableBeanFactory     : Creating shared instance of singleton bean 'org.springframework.context.event.internalEventListenerFactory'
2024-05-02T21:49:22.601-04:00 DEBUG 27960 --- [ms_registros_usuarios] [           main] o.s.b.f.s.DefaultListableBeanFactory     : Creating shared instance of singleton bean 'org.springframework.transaction.config.internalTransactionalEventListenerFactory'
2024-05-02T21:49:22.603-04:00 DEBUG 27960 --- [ms_registros_usuarios] [           main] o.s.b.f.s.DefaultListableBeanFactory     : Creating shared instance of singleton bean 'org.springframework.boot.test.mock.mockito.MockitoPostProcessor$SpyPostProcessor'
2024-05-02T21:49:22.603-04:00 DEBUG 27960 --- [ms_registros_usuarios] [           main] o.s.b.f.s.DefaultListableBeanFactory     : Creating shared instance of singleton bean 'org.springframework.context.annotation.internalAutowiredAnnotationProcessor'
2024-05-02T21:49:22.603-04:00 DEBUG 27960 --- [ms_registros_usuarios] [           main] o.s.b.f.s.DefaultListableBeanFactory     : Creating shared instance of singleton bean 'org.springframework.context.annotation.internalCommonAnnotationProcessor'
2024-05-02T21:49:22.604-04:00 DEBUG 27960 --- [ms_registros_usuarios] [           main] o.s.b.f.s.DefaultListableBeanFactory     : Creating shared instance of singleton bean 'org.springframework.context.annotation.internalPersistenceAnnotationProcessor'
2024-05-02T21:49:22.604-04:00 DEBUG 27960 --- [ms_registros_usuarios] [           main] o.s.b.f.s.DefaultListableBeanFactory     : Creating shared instance of singleton bean 'org.springframework.boot.context.properties.ConfigurationPropertiesBindingPostProcessor'
2024-05-02T21:49:22.604-04:00 DEBUG 27960 --- [ms_registros_usuarios] [           main] o.s.b.f.s.DefaultListableBeanFactory     : Creating shared instance of singleton bean 'org.springframework.boot.context.internalConfigurationPropertiesBinder'
2024-05-02T21:49:22.604-04:00 DEBUG 27960 --- [ms_registros_usuarios] [           main] o.s.b.f.s.DefaultListableBeanFactory     : Creating shared instance of singleton bean 'jdbcConnectionDetailsHikariBeanPostProcessor'
2024-05-02T21:49:22.605-04:00 DEBUG 27960 --- [ms_registros_usuarios] [           main] o.s.b.f.s.DefaultListableBeanFactory     : Creating shared instance of singleton bean 'methodValidationPostProcessor'
2024-05-02T21:49:22.614-04:00 DEBUG 27960 --- [ms_registros_usuarios] [           main] o.s.b.f.s.DefaultListableBeanFactory     : Autowiring by type from bean name 'methodValidationPostProcessor' via factory method to bean named 'environment'
2024-05-02T21:49:22.614-04:00 DEBUG 27960 --- [ms_registros_usuarios] [           main] o.s.b.f.s.DefaultListableBeanFactory     : Creating shared instance of singleton bean 'org.springframework.boot.context.properties.EnableConfigurationPropertiesRegistrar.methodValidationExcludeFilter'
2024-05-02T21:49:22.616-04:00 DEBUG 27960 --- [ms_registros_usuarios] [           main] o.s.b.f.s.DefaultListableBeanFactory     : Creating shared instance of singleton bean 'org.springframework.aop.config.internalAutoProxyCreator'
2024-05-02T21:49:22.634-04:00 DEBUG 27960 --- [ms_registros_usuarios] [           main] o.s.b.f.s.DefaultListableBeanFactory     : Creating shared instance of singleton bean 'persistenceExceptionTranslationPostProcessor'
2024-05-02T21:49:22.634-04:00 DEBUG 27960 --- [ms_registros_usuarios] [           main] o.s.b.f.s.DefaultListableBeanFactory     : Autowiring by type from bean name 'persistenceExceptionTranslationPostProcessor' via factory method to bean named 'environment'
2024-05-02T21:49:22.636-04:00 DEBUG 27960 --- [ms_registros_usuarios] [           main] o.s.b.f.s.DefaultListableBeanFactory     : Creating shared instance of singleton bean 'webServerFactoryCustomizerBeanPostProcessor'
2024-05-02T21:49:22.637-04:00 DEBUG 27960 --- [ms_registros_usuarios] [           main] o.s.b.f.s.DefaultListableBeanFactory     : Creating shared instance of singleton bean 'errorPageRegistrarBeanPostProcessor'
2024-05-02T21:49:22.637-04:00 DEBUG 27960 --- [ms_registros_usuarios] [           main] o.s.b.f.s.DefaultListableBeanFactory     : Creating shared instance of singleton bean 'healthEndpointGroupsBeanPostProcessor'
2024-05-02T21:49:22.638-04:00 DEBUG 27960 --- [ms_registros_usuarios] [           main] o.s.b.f.s.DefaultListableBeanFactory     : Creating shared instance of singleton bean 'org.springframework.transaction.config.internalTransactionAdvisor'
2024-05-02T21:49:22.638-04:00 DEBUG 27960 --- [ms_registros_usuarios] [           main] o.s.b.f.s.DefaultListableBeanFactory     : Creating shared instance of singleton bean 'org.springframework.transaction.annotation.ProxyTransactionManagementConfiguration'
2024-05-02T21:49:22.650-04:00 DEBUG 27960 --- [ms_registros_usuarios] [           main] .s.a.a.a.ReflectiveAspectJAdvisorFactory : Found AspectJ method: public java.lang.Object io.micrometer.observation.aop.ObservedAspect.observeClass(org.aspectj.lang.ProceedingJoinPoint) throws java.lang.Throwable
2024-05-02T21:49:22.651-04:00 DEBUG 27960 --- [ms_registros_usuarios] [           main] .s.a.a.a.ReflectiveAspectJAdvisorFactory : Found AspectJ method: public java.lang.Object io.micrometer.observation.aop.ObservedAspect.observeMethod(org.aspectj.lang.ProceedingJoinPoint) throws java.lang.Throwable
2024-05-02T21:49:22.756-04:00 DEBUG 27960 --- [ms_registros_usuarios] [           main] o.s.b.f.s.DefaultListableBeanFactory     : Creating shared instance of singleton bean 'transactionAttributeSource'
2024-05-02T21:49:22.760-04:00 DEBUG 27960 --- [ms_registros_usuarios] [           main] o.s.b.f.s.DefaultListableBeanFactory     : Creating shared instance of singleton bean 'transactionInterceptor'
2024-05-02T21:49:22.761-04:00 DEBUG 27960 --- [ms_registros_usuarios] [           main] o.s.b.f.s.DefaultListableBeanFactory     : Autowiring by type from bean name 'transactionInterceptor' via factory method to bean named 'transactionAttributeSource'
2024-05-02T21:49:22.764-04:00 DEBUG 27960 --- [ms_registros_usuarios] [           main] o.s.b.f.s.DefaultListableBeanFactory     : Autowiring by type from bean name 'org.springframework.transaction.config.internalTransactionAdvisor' via factory method to bean named 'transactionAttributeSource'
2024-05-02T21:49:22.764-04:00 DEBUG 27960 --- [ms_registros_usuarios] [           main] o.s.b.f.s.DefaultListableBeanFactory     : Autowiring by type from bean name 'org.springframework.transaction.config.internalTransactionAdvisor' via factory method to bean named 'transactionInterceptor'
2024-05-02T21:49:22.770-04:00 DEBUG 27960 --- [ms_registros_usuarios] [           main] o.s.b.f.s.DefaultListableBeanFactory     : Creating shared instance of singleton bean 'meterRegistryPostProcessor'
2024-05-02T21:49:22.771-04:00 DEBUG 27960 --- [ms_registros_usuarios] [           main] o.s.b.f.s.DefaultListableBeanFactory     : Autowiring by type from bean name 'meterRegistryPostProcessor' via factory method to bean named 'org.springframework.web.context.support.GenericWebApplicationContext@5af40e45'
2024-05-02T21:49:22.776-04:00 DEBUG 27960 --- [ms_registros_usuarios] [           main] o.s.b.f.s.DefaultListableBeanFactory     : Creating shared instance of singleton bean 'metricsRepositoryMethodInvocationListenerBeanPostProcessor'
2024-05-02T21:49:22.777-04:00 DEBUG 27960 --- [ms_registros_usuarios] [           main] o.s.b.f.s.DefaultListableBeanFactory     : Creating shared instance of singleton bean 'observationRegistryPostProcessor'
2024-05-02T21:49:22.781-04:00 DEBUG 27960 --- [ms_registros_usuarios] [           main] o.s.b.f.s.DefaultListableBeanFactory     : Creating shared instance of singleton bean 'projectingArgumentResolverBeanPostProcessor'
2024-05-02T21:49:22.782-04:00 DEBUG 27960 --- [ms_registros_usuarios] [           main] o.s.b.f.s.DefaultListableBeanFactory     : Creating shared instance of singleton bean 'hypermediaRepresentionModelProcessorConfigurator'
2024-05-02T21:49:22.783-04:00 DEBUG 27960 --- [ms_registros_usuarios] [           main] o.s.b.f.s.DefaultListableBeanFactory     : Creating shared instance of singleton bean 'hypermediaRestTemplateBeanPostProcessor'
2024-05-02T21:49:22.784-04:00 DEBUG 27960 --- [ms_registros_usuarios] [           main] o.s.u.c.s.UiApplicationContextUtils      : Unable to locate ThemeSource with name 'themeSource': using default [org.springframework.ui.context.support.ResourceBundleThemeSource@4270705f]
2024-05-02T21:49:22.785-04:00 DEBUG 27960 --- [ms_registros_usuarios] [           main] o.s.b.f.s.DefaultListableBeanFactory     : Creating shared instance of singleton bean 'dataSourceScriptDatabaseInitializer'
2024-05-02T21:49:22.785-04:00 DEBUG 27960 --- [ms_registros_usuarios] [           main] o.s.b.f.s.DefaultListableBeanFactory     : Creating shared instance of singleton bean 'org.springframework.boot.autoconfigure.sql.init.DataSourceInitializationConfiguration'
2024-05-02T21:49:22.787-04:00 DEBUG 27960 --- [ms_registros_usuarios] [           main] o.s.b.f.s.DefaultListableBeanFactory     : Creating shared instance of singleton bean 'dataSource'
2024-05-02T21:49:22.787-04:00 DEBUG 27960 --- [ms_registros_usuarios] [           main] o.s.b.f.s.DefaultListableBeanFactory     : Creating shared instance of singleton bean 'org.springframework.boot.autoconfigure.jdbc.DataSourceConfiguration$Hikari'
2024-05-02T21:49:22.788-04:00 DEBUG 27960 --- [ms_registros_usuarios] [           main] o.s.b.f.s.DefaultListableBeanFactory     : Creating shared instance of singleton bean 'spring.datasource-org.springframework.boot.autoconfigure.jdbc.DataSourceProperties'
2024-05-02T21:49:22.788-04:00 DEBUG 27960 --- [ms_registros_usuarios] [           main] o.s.b.f.s.DefaultListableBeanFactory     : Creating shared instance of singleton bean 'org.springframework.boot.context.properties.BoundConfigurationProperties'
2024-05-02T21:49:22.801-04:00 DEBUG 27960 --- [ms_registros_usuarios] [           main] o.s.b.f.s.DefaultListableBeanFactory     : Creating shared instance of singleton bean 'jdbcConnectionDetails'
2024-05-02T21:49:22.802-04:00 DEBUG 27960 --- [ms_registros_usuarios] [           main] o.s.b.f.s.DefaultListableBeanFactory     : Creating shared instance of singleton bean 'org.springframework.boot.autoconfigure.jdbc.DataSourceAutoConfiguration$PooledDataSourceConfiguration'
2024-05-02T21:49:22.803-04:00 DEBUG 27960 --- [ms_registros_usuarios] [           main] o.s.b.f.s.DefaultListableBeanFactory     : Autowiring by type from bean name 'jdbcConnectionDetails' via factory method to bean named 'spring.datasource-org.springframework.boot.autoconfigure.jdbc.DataSourceProperties'
2024-05-02T21:49:22.804-04:00 DEBUG 27960 --- [ms_registros_usuarios] [           main] o.s.b.f.s.DefaultListableBeanFactory     : Autowiring by type from bean name 'dataSource' via factory method to bean named 'spring.datasource-org.springframework.boot.autoconfigure.jdbc.DataSourceProperties'
2024-05-02T21:49:22.804-04:00 DEBUG 27960 --- [ms_registros_usuarios] [           main] o.s.b.f.s.DefaultListableBeanFactory     : Autowiring by type from bean name 'dataSource' via factory method to bean named 'jdbcConnectionDetails'
2024-05-02T21:49:22.963-04:00 DEBUG 27960 --- [ms_registros_usuarios] [           main] o.s.b.f.s.DefaultListableBeanFactory     : Creating shared instance of singleton bean 'spring.sql.init-org.springframework.boot.autoconfigure.sql.init.SqlInitializationProperties'
2024-05-02T21:49:22.967-04:00 DEBUG 27960 --- [ms_registros_usuarios] [           main] o.s.b.f.s.DefaultListableBeanFactory     : Autowiring by type from bean name 'dataSourceScriptDatabaseInitializer' via factory method to bean named 'dataSource'
2024-05-02T21:49:22.967-04:00 DEBUG 27960 --- [ms_registros_usuarios] [           main] o.s.b.f.s.DefaultListableBeanFactory     : Autowiring by type from bean name 'dataSourceScriptDatabaseInitializer' via factory method to bean named 'spring.sql.init-org.springframework.boot.autoconfigure.sql.init.SqlInitializationProperties'
2024-05-02T21:49:22.982-04:00 DEBUG 27960 --- [ms_registros_usuarios] [           main] o.s.b.f.s.DefaultListableBeanFactory     : Creating shared instance of singleton bean 'entityManagerFactory'
2024-05-02T21:49:22.982-04:00 DEBUG 27960 --- [ms_registros_usuarios] [           main] o.s.b.f.s.DefaultListableBeanFactory     : Creating shared instance of singleton bean 'org.springframework.boot.autoconfigure.orm.jpa.HibernateJpaConfiguration'
2024-05-02T21:49:22.984-04:00 DEBUG 27960 --- [ms_registros_usuarios] [           main] o.s.b.f.s.DefaultListableBeanFactory     : Creating shared instance of singleton bean 'spring.jpa-org.springframework.boot.autoconfigure.orm.jpa.JpaProperties'
2024-05-02T21:49:22.988-04:00 DEBUG 27960 --- [ms_registros_usuarios] [           main] o.s.b.f.s.DefaultListableBeanFactory     : Creating shared instance of singleton bean 'spring.jpa.hibernate-org.springframework.boot.autoconfigure.orm.jpa.HibernateProperties'
2024-05-02T21:49:22.991-04:00 DEBUG 27960 --- [ms_registros_usuarios] [           main] o.s.b.f.s.DefaultListableBeanFactory     : Autowiring by type from bean name 'org.springframework.boot.autoconfigure.orm.jpa.HibernateJpaConfiguration' via constructor to bean named 'dataSource'
2024-05-02T21:49:22.991-04:00 DEBUG 27960 --- [ms_registros_usuarios] [           main] o.s.b.f.s.DefaultListableBeanFactory     : Autowiring by type from bean name 'org.springframework.boot.autoconfigure.orm.jpa.HibernateJpaConfiguration' via constructor to bean named 'spring.jpa-org.springframework.boot.autoconfigure.orm.jpa.JpaProperties'
2024-05-02T21:49:22.991-04:00 DEBUG 27960 --- [ms_registros_usuarios] [           main] o.s.b.f.s.DefaultListableBeanFactory     : Autowiring by type from bean name 'org.springframework.boot.autoconfigure.orm.jpa.HibernateJpaConfiguration' via constructor to bean named 'org.springframework.beans.factory.support.DefaultListableBeanFactory@638d2ce3'
2024-05-02T21:49:22.991-04:00 DEBUG 27960 --- [ms_registros_usuarios] [           main] o.s.b.f.s.DefaultListableBeanFactory     : Autowiring by type from bean name 'org.springframework.boot.autoconfigure.orm.jpa.HibernateJpaConfiguration' via constructor to bean named 'spring.jpa.hibernate-org.springframework.boot.autoconfigure.orm.jpa.HibernateProperties'
2024-05-02T21:49:22.996-04:00 DEBUG 27960 --- [ms_registros_usuarios] [           main] o.s.b.f.s.DefaultListableBeanFactory     : Creating shared instance of singleton bean 'hikariPoolDataSourceMetadataProvider'
2024-05-02T21:49:22.996-04:00 DEBUG 27960 --- [ms_registros_usuarios] [           main] o.s.b.f.s.DefaultListableBeanFactory     : Creating shared instance of singleton bean 'org.springframework.boot.autoconfigure.jdbc.metadata.DataSourcePoolMetadataProvidersConfiguration$HikariPoolDataSourceMetadataProviderConfiguration'
2024-05-02T21:49:23.007-04:00 DEBUG 27960 --- [ms_registros_usuarios] [           main] o.s.b.f.s.DefaultListableBeanFactory     : Creating shared instance of singleton bean 'entityManagerFactoryBuilder'
2024-05-02T21:49:23.008-04:00 DEBUG 27960 --- [ms_registros_usuarios] [           main] o.s.b.f.s.DefaultListableBeanFactory     : Creating shared instance of singleton bean 'jpaVendorAdapter'
2024-05-02T21:49:23.023-04:00 DEBUG 27960 --- [ms_registros_usuarios] [           main] o.s.b.f.s.DefaultListableBeanFactory     : Autowiring by type from bean name 'entityManagerFactoryBuilder' via factory method to bean named 'jpaVendorAdapter'
2024-05-02T21:49:23.029-04:00 DEBUG 27960 --- [ms_registros_usuarios] [           main] o.s.b.f.s.DefaultListableBeanFactory     : Creating shared instance of singleton bean 'persistenceManagedTypes'
2024-05-02T21:49:23.030-04:00 DEBUG 27960 --- [ms_registros_usuarios] [           main] o.s.b.f.s.DefaultListableBeanFactory     : Autowiring by type from bean name 'persistenceManagedTypes' via factory method to bean named 'org.springframework.beans.factory.support.DefaultListableBeanFactory@638d2ce3'
2024-05-02T21:49:23.030-04:00 DEBUG 27960 --- [ms_registros_usuarios] [           main] o.s.b.f.s.DefaultListableBeanFactory     : Autowiring by type from bean name 'persistenceManagedTypes' via factory method to bean named 'org.springframework.web.context.support.GenericWebApplicationContext@5af40e45'
2024-05-02T21:49:23.040-04:00 DEBUG 27960 --- [ms_registros_usuarios] [           main] o.s.b.f.s.DefaultListableBeanFactory     : Autowiring by type from bean name 'entityManagerFactory' via factory method to bean named 'entityManagerFactoryBuilder'
2024-05-02T21:49:23.040-04:00 DEBUG 27960 --- [ms_registros_usuarios] [           main] o.s.b.f.s.DefaultListableBeanFactory     : Autowiring by type from bean name 'entityManagerFactory' via factory method to bean named 'persistenceManagedTypes'
2024-05-02T21:49:23.073-04:00 DEBUG 27960 --- [ms_registros_usuarios] [           main] j.LocalContainerEntityManagerFactoryBean : Building JPA container EntityManagerFactory for persistence unit 'default'
2024-05-02T21:49:23.128-04:00 DEBUG 27960 --- [ms_registros_usuarios] [           main] o.hibernate.jpa.internal.util.LogHelper  : PersistenceUnitInfo [
	name: default
	persistence provider classname: null
	classloader: jdk.internal.loader.ClassLoaders$AppClassLoader@70dea4e
	excludeUnlistedClasses: true
	JTA datasource: null
	Non JTA datasource: HikariDataSource (null)
	Transaction type: RESOURCE_LOCAL
	PU root URL: file:/C:/Users/jaime/Mi%20unidad/ING-SOFTWARE/DESARROLLO%20FULLSTACK%20I_001A/code/ms_registros_usuarios_v2/target/test-classes/
	Shared Cache Mode: UNSPECIFIED
	Validation Mode: AUTO
	Jar files URLs []
	Managed classes names [
		com.jzs.ms_registros_usuarios.model.Despacho
		com.jzs.ms_registros_usuarios.model.Rol
		com.jzs.ms_registros_usuarios.model.Usuario]
	Mapping files names []
	Properties []
2024-05-02T21:49:23.161-04:00 DEBUG 27960 --- [ms_registros_usuarios] [           main] o.h.i.internal.IntegratorServiceImpl     : Adding Integrator [org.hibernate.boot.beanvalidation.BeanValidationIntegrator].
2024-05-02T21:49:23.162-04:00 DEBUG 27960 --- [ms_registros_usuarios] [           main] o.h.i.internal.IntegratorServiceImpl     : Adding Integrator [org.hibernate.cache.internal.CollectionCacheInvalidator].
2024-05-02T21:49:23.208-04:00  INFO 27960 --- [ms_registros_usuarios] [           main] org.hibernate.Version                    : HHH000412: Hibernate ORM core version 6.4.4.Final
2024-05-02T21:49:23.209-04:00 DEBUG 27960 --- [ms_registros_usuarios] [           main] org.hibernate.cfg.Environment            : HHH000206: 'hibernate.properties' not found
2024-05-02T21:49:23.231-04:00 DEBUG 27960 --- [ms_registros_usuarios] [           main] org.hibernate.orm.idgen.factory          : Registering IdentifierGenerator strategy [uuid2] -> [org.hibernate.id.UUIDGenerator]
2024-05-02T21:49:23.231-04:00 DEBUG 27960 --- [ms_registros_usuarios] [           main] org.hibernate.orm.idgen.factory          : Registering IdentifierGenerator strategy [guid] -> [org.hibernate.id.GUIDGenerator]
2024-05-02T21:49:23.232-04:00 DEBUG 27960 --- [ms_registros_usuarios] [           main] org.hibernate.orm.idgen.factory          : Registering IdentifierGenerator strategy [uuid] -> [org.hibernate.id.UUIDHexGenerator]
2024-05-02T21:49:23.232-04:00 DEBUG 27960 --- [ms_registros_usuarios] [           main] org.hibernate.orm.idgen.factory          : Registering IdentifierGenerator strategy [uuid.hex] -> [org.hibernate.id.UUIDHexGenerator]
2024-05-02T21:49:23.232-04:00 DEBUG 27960 --- [ms_registros_usuarios] [           main] org.hibernate.orm.idgen.factory          : Registering IdentifierGenerator strategy [assigned] -> [org.hibernate.id.Assigned]
2024-05-02T21:49:23.233-04:00 DEBUG 27960 --- [ms_registros_usuarios] [           main] org.hibernate.orm.idgen.factory          : Registering IdentifierGenerator strategy [identity] -> [org.hibernate.id.IdentityGenerator]
2024-05-02T21:49:23.233-04:00 DEBUG 27960 --- [ms_registros_usuarios] [           main] org.hibernate.orm.idgen.factory          : Registering IdentifierGenerator strategy [select] -> [org.hibernate.id.SelectGenerator]
2024-05-02T21:49:23.234-04:00 DEBUG 27960 --- [ms_registros_usuarios] [           main] org.hibernate.orm.idgen.factory          : Registering IdentifierGenerator strategy [sequence] -> [org.hibernate.id.enhanced.SequenceStyleGenerator]
2024-05-02T21:49:23.234-04:00 DEBUG 27960 --- [ms_registros_usuarios] [           main] org.hibernate.orm.idgen.factory          : Registering IdentifierGenerator strategy [increment] -> [org.hibernate.id.IncrementGenerator]
2024-05-02T21:49:23.235-04:00 DEBUG 27960 --- [ms_registros_usuarios] [           main] org.hibernate.orm.idgen.factory          : Registering IdentifierGenerator strategy [foreign] -> [org.hibernate.id.ForeignGenerator]
2024-05-02T21:49:23.235-04:00 DEBUG 27960 --- [ms_registros_usuarios] [           main] org.hibernate.orm.idgen.factory          : Registering IdentifierGenerator strategy [enhanced-sequence] -> [org.hibernate.id.enhanced.SequenceStyleGenerator]
2024-05-02T21:49:23.235-04:00 DEBUG 27960 --- [ms_registros_usuarios] [           main] org.hibernate.orm.idgen.factory          : Registering IdentifierGenerator strategy [enhanced-table] -> [org.hibernate.id.enhanced.TableGenerator]
2024-05-02T21:49:23.243-04:00 DEBUG 27960 --- [ms_registros_usuarios] [           main] o.h.c.internal.RegionFactoryInitiator    : Cannot default RegionFactory based on registered strategies as `[]` RegionFactory strategies were registered
2024-05-02T21:49:23.244-04:00  INFO 27960 --- [ms_registros_usuarios] [           main] o.h.c.internal.RegionFactoryInitiator    : HHH000026: Second-level cache disabled
2024-05-02T21:49:23.307-04:00 DEBUG 27960 --- [ms_registros_usuarios] [           main] org.hibernate.type.BasicTypeRegistry     : Adding type registration boolean -> org.hibernate.type.BasicTypeReference@47ab3688
2024-05-02T21:49:23.308-04:00 DEBUG 27960 --- [ms_registros_usuarios] [           main] org.hibernate.type.BasicTypeRegistry     : Adding type registration boolean -> org.hibernate.type.BasicTypeReference@47ab3688
2024-05-02T21:49:23.308-04:00 DEBUG 27960 --- [ms_registros_usuarios] [           main] org.hibernate.type.BasicTypeRegistry     : Adding type registration java.lang.Boolean -> org.hibernate.type.BasicTypeReference@47ab3688
2024-05-02T21:49:23.308-04:00 DEBUG 27960 --- [ms_registros_usuarios] [           main] org.hibernate.type.BasicTypeRegistry     : Adding type registration numeric_boolean -> org.hibernate.type.BasicTypeReference@47fbf95e
2024-05-02T21:49:23.308-04:00 DEBUG 27960 --- [ms_registros_usuarios] [           main] org.hibernate.type.BasicTypeRegistry     : Adding type registration org.hibernate.type.NumericBooleanConverter -> org.hibernate.type.BasicTypeReference@47fbf95e
2024-05-02T21:49:23.308-04:00 DEBUG 27960 --- [ms_registros_usuarios] [           main] org.hibernate.type.BasicTypeRegistry     : Adding type registration true_false -> org.hibernate.type.BasicTypeReference@49482761
2024-05-02T21:49:23.308-04:00 DEBUG 27960 --- [ms_registros_usuarios] [           main] org.hibernate.type.BasicTypeRegistry     : Adding type registration org.hibernate.type.TrueFalseConverter -> org.hibernate.type.BasicTypeReference@49482761
2024-05-02T21:49:23.308-04:00 DEBUG 27960 --- [ms_registros_usuarios] [           main] org.hibernate.type.BasicTypeRegistry     : Adding type registration yes_no -> org.hibernate.type.BasicTypeReference@6ac0fd1d
2024-05-02T21:49:23.308-04:00 DEBUG 27960 --- [ms_registros_usuarios] [           main] org.hibernate.type.BasicTypeRegistry     : Adding type registration org.hibernate.type.YesNoConverter -> org.hibernate.type.BasicTypeReference@6ac0fd1d
2024-05-02T21:49:23.308-04:00 DEBUG 27960 --- [ms_registros_usuarios] [           main] org.hibernate.type.BasicTypeRegistry     : Adding type registration byte -> org.hibernate.type.BasicTypeReference@744199bb
2024-05-02T21:49:23.308-04:00 DEBUG 27960 --- [ms_registros_usuarios] [           main] org.hibernate.type.BasicTypeRegistry     : Adding type registration byte -> org.hibernate.type.BasicTypeReference@744199bb
2024-05-02T21:49:23.308-04:00 DEBUG 27960 --- [ms_registros_usuarios] [           main] org.hibernate.type.BasicTypeRegistry     : Adding type registration java.lang.Byte -> org.hibernate.type.BasicTypeReference@744199bb
2024-05-02T21:49:23.308-04:00 DEBUG 27960 --- [ms_registros_usuarios] [           main] org.hibernate.type.BasicTypeRegistry     : Adding type registration binary -> org.hibernate.type.BasicTypeReference@6ce8bf64
2024-05-02T21:49:23.308-04:00 DEBUG 27960 --- [ms_registros_usuarios] [           main] org.hibernate.type.BasicTypeRegistry     : Adding type registration byte[] -> org.hibernate.type.BasicTypeReference@6ce8bf64
2024-05-02T21:49:23.308-04:00 DEBUG 27960 --- [ms_registros_usuarios] [           main] org.hibernate.type.BasicTypeRegistry     : Adding type registration [B -> org.hibernate.type.BasicTypeReference@6ce8bf64
2024-05-02T21:49:23.308-04:00 DEBUG 27960 --- [ms_registros_usuarios] [           main] org.hibernate.type.BasicTypeRegistry     : Adding type registration binary_wrapper -> org.hibernate.type.BasicTypeReference@6413eeb7
2024-05-02T21:49:23.308-04:00 DEBUG 27960 --- [ms_registros_usuarios] [           main] org.hibernate.type.BasicTypeRegistry     : Adding type registration wrapper-binary -> org.hibernate.type.BasicTypeReference@6413eeb7
2024-05-02T21:49:23.308-04:00 DEBUG 27960 --- [ms_registros_usuarios] [           main] org.hibernate.type.BasicTypeRegistry     : Adding type registration image -> org.hibernate.type.BasicTypeReference@956cf3d
2024-05-02T21:49:23.308-04:00 DEBUG 27960 --- [ms_registros_usuarios] [           main] org.hibernate.type.BasicTypeRegistry     : Adding type registration blob -> org.hibernate.type.BasicTypeReference@712213ed
2024-05-02T21:49:23.308-04:00 DEBUG 27960 --- [ms_registros_usuarios] [           main] org.hibernate.type.BasicTypeRegistry     : Adding type registration java.sql.Blob -> org.hibernate.type.BasicTypeReference@712213ed
2024-05-02T21:49:23.308-04:00 DEBUG 27960 --- [ms_registros_usuarios] [           main] org.hibernate.type.BasicTypeRegistry     : Adding type registration materialized_blob -> org.hibernate.type.BasicTypeReference@58189132
2024-05-02T21:49:23.308-04:00 DEBUG 27960 --- [ms_registros_usuarios] [           main] org.hibernate.type.BasicTypeRegistry     : Adding type registration materialized_blob_wrapper -> org.hibernate.type.BasicTypeReference@2305aad0
2024-05-02T21:49:23.308-04:00 DEBUG 27960 --- [ms_registros_usuarios] [           main] org.hibernate.type.BasicTypeRegistry     : Adding type registration short -> org.hibernate.type.BasicTypeReference@1c15a6aa
2024-05-02T21:49:23.308-04:00 DEBUG 27960 --- [ms_registros_usuarios] [           main] org.hibernate.type.BasicTypeRegistry     : Adding type registration short -> org.hibernate.type.BasicTypeReference@1c15a6aa
2024-05-02T21:49:23.308-04:00 DEBUG 27960 --- [ms_registros_usuarios] [           main] org.hibernate.type.BasicTypeRegistry     : Adding type registration java.lang.Short -> org.hibernate.type.BasicTypeReference@1c15a6aa
2024-05-02T21:49:23.308-04:00 DEBUG 27960 --- [ms_registros_usuarios] [           main] org.hibernate.type.BasicTypeRegistry     : Adding type registration integer -> org.hibernate.type.BasicTypeReference@7dc963be
2024-05-02T21:49:23.308-04:00 DEBUG 27960 --- [ms_registros_usuarios] [           main] org.hibernate.type.BasicTypeRegistry     : Adding type registration int -> org.hibernate.type.BasicTypeReference@7dc963be
2024-05-02T21:49:23.308-04:00 DEBUG 27960 --- [ms_registros_usuarios] [           main] org.hibernate.type.BasicTypeRegistry     : Adding type registration java.lang.Integer -> org.hibernate.type.BasicTypeReference@7dc963be
2024-05-02T21:49:23.308-04:00 DEBUG 27960 --- [ms_registros_usuarios] [           main] org.hibernate.type.BasicTypeRegistry     : Adding type registration long -> org.hibernate.type.BasicTypeReference@61c4fc34
2024-05-02T21:49:23.308-04:00 DEBUG 27960 --- [ms_registros_usuarios] [           main] org.hibernate.type.BasicTypeRegistry     : Adding type registration long -> org.hibernate.type.BasicTypeReference@61c4fc34
2024-05-02T21:49:23.308-04:00 DEBUG 27960 --- [ms_registros_usuarios] [           main] org.hibernate.type.BasicTypeRegistry     : Adding type registration java.lang.Long -> org.hibernate.type.BasicTypeReference@61c4fc34
2024-05-02T21:49:23.308-04:00 DEBUG 27960 --- [ms_registros_usuarios] [           main] org.hibernate.type.BasicTypeRegistry     : Adding type registration float -> org.hibernate.type.BasicTypeReference@6f9999f6
2024-05-02T21:49:23.308-04:00 DEBUG 27960 --- [ms_registros_usuarios] [           main] org.hibernate.type.BasicTypeRegistry     : Adding type registration float -> org.hibernate.type.BasicTypeReference@6f9999f6
2024-05-02T21:49:23.308-04:00 DEBUG 27960 --- [ms_registros_usuarios] [           main] org.hibernate.type.BasicTypeRegistry     : Adding type registration java.lang.Float -> org.hibernate.type.BasicTypeReference@6f9999f6
2024-05-02T21:49:23.308-04:00 DEBUG 27960 --- [ms_registros_usuarios] [           main] org.hibernate.type.BasicTypeRegistry     : Adding type registration double -> org.hibernate.type.BasicTypeReference@5e085259
2024-05-02T21:49:23.308-04:00 DEBUG 27960 --- [ms_registros_usuarios] [           main] org.hibernate.type.BasicTypeRegistry     : Adding type registration double -> org.hibernate.type.BasicTypeReference@5e085259
2024-05-02T21:49:23.308-04:00 DEBUG 27960 --- [ms_registros_usuarios] [           main] org.hibernate.type.BasicTypeRegistry     : Adding type registration java.lang.Double -> org.hibernate.type.BasicTypeReference@5e085259
2024-05-02T21:49:23.308-04:00 DEBUG 27960 --- [ms_registros_usuarios] [           main] org.hibernate.type.BasicTypeRegistry     : Adding type registration big_integer -> org.hibernate.type.BasicTypeReference@68ea1eb5
2024-05-02T21:49:23.308-04:00 DEBUG 27960 --- [ms_registros_usuarios] [           main] org.hibernate.type.BasicTypeRegistry     : Adding type registration java.math.BigInteger -> org.hibernate.type.BasicTypeReference@68ea1eb5
2024-05-02T21:49:23.308-04:00 DEBUG 27960 --- [ms_registros_usuarios] [           main] org.hibernate.type.BasicTypeRegistry     : Adding type registration big_decimal -> org.hibernate.type.BasicTypeReference@2e096ac0
2024-05-02T21:49:23.308-04:00 DEBUG 27960 --- [ms_registros_usuarios] [           main] org.hibernate.type.BasicTypeRegistry     : Adding type registration java.math.BigDecimal -> org.hibernate.type.BasicTypeReference@2e096ac0
2024-05-02T21:49:23.308-04:00 DEBUG 27960 --- [ms_registros_usuarios] [           main] org.hibernate.type.BasicTypeRegistry     : Adding type registration character -> org.hibernate.type.BasicTypeReference@d7c00de
2024-05-02T21:49:23.308-04:00 DEBUG 27960 --- [ms_registros_usuarios] [           main] org.hibernate.type.BasicTypeRegistry     : Adding type registration char -> org.hibernate.type.BasicTypeReference@d7c00de
2024-05-02T21:49:23.308-04:00 DEBUG 27960 --- [ms_registros_usuarios] [           main] org.hibernate.type.BasicTypeRegistry     : Adding type registration java.lang.Character -> org.hibernate.type.BasicTypeReference@d7c00de
2024-05-02T21:49:23.308-04:00 DEBUG 27960 --- [ms_registros_usuarios] [           main] org.hibernate.type.BasicTypeRegistry     : Adding type registration character_nchar -> org.hibernate.type.BasicTypeReference@11fa11b2
2024-05-02T21:49:23.308-04:00 DEBUG 27960 --- [ms_registros_usuarios] [           main] org.hibernate.type.BasicTypeRegistry     : Adding type registration string -> org.hibernate.type.BasicTypeReference@29ddaa8e
2024-05-02T21:49:23.308-04:00 DEBUG 27960 --- [ms_registros_usuarios] [           main] org.hibernate.type.BasicTypeRegistry     : Adding type registration java.lang.String -> org.hibernate.type.BasicTypeReference@29ddaa8e
2024-05-02T21:49:23.308-04:00 DEBUG 27960 --- [ms_registros_usuarios] [           main] org.hibernate.type.BasicTypeRegistry     : Adding type registration nstring -> org.hibernate.type.BasicTypeReference@4c678a1f
2024-05-02T21:49:23.308-04:00 DEBUG 27960 --- [ms_registros_usuarios] [           main] org.hibernate.type.BasicTypeRegistry     : Adding type registration characters -> org.hibernate.type.BasicTypeReference@217009bd
2024-05-02T21:49:23.308-04:00 DEBUG 27960 --- [ms_registros_usuarios] [           main] org.hibernate.type.BasicTypeRegistry     : Adding type registration char[] -> org.hibernate.type.BasicTypeReference@217009bd
2024-05-02T21:49:23.308-04:00 DEBUG 27960 --- [ms_registros_usuarios] [           main] org.hibernate.type.BasicTypeRegistry     : Adding type registration [C -> org.hibernate.type.BasicTypeReference@217009bd
2024-05-02T21:49:23.309-04:00 DEBUG 27960 --- [ms_registros_usuarios] [           main] org.hibernate.type.BasicTypeRegistry     : Adding type registration wrapper-characters -> org.hibernate.type.BasicTypeReference@6046fba0
2024-05-02T21:49:23.309-04:00 DEBUG 27960 --- [ms_registros_usuarios] [           main] org.hibernate.type.BasicTypeRegistry     : Adding type registration text -> org.hibernate.type.BasicTypeReference@248ba4fc
2024-05-02T21:49:23.309-04:00 DEBUG 27960 --- [ms_registros_usuarios] [           main] org.hibernate.type.BasicTypeRegistry     : Adding type registration ntext -> org.hibernate.type.BasicTypeReference@54cce500
2024-05-02T21:49:23.309-04:00 DEBUG 27960 --- [ms_registros_usuarios] [           main] org.hibernate.type.BasicTypeRegistry     : Adding type registration clob -> org.hibernate.type.BasicTypeReference@755033c5
2024-05-02T21:49:23.309-04:00 DEBUG 27960 --- [ms_registros_usuarios] [           main] org.hibernate.type.BasicTypeRegistry     : Adding type registration java.sql.Clob -> org.hibernate.type.BasicTypeReference@755033c5
2024-05-02T21:49:23.309-04:00 DEBUG 27960 --- [ms_registros_usuarios] [           main] org.hibernate.type.BasicTypeRegistry     : Adding type registration nclob -> org.hibernate.type.BasicTypeReference@229c4d34
2024-05-02T21:49:23.309-04:00 DEBUG 27960 --- [ms_registros_usuarios] [           main] org.hibernate.type.BasicTypeRegistry     : Adding type registration java.sql.NClob -> org.hibernate.type.BasicTypeReference@229c4d34
2024-05-02T21:49:23.309-04:00 DEBUG 27960 --- [ms_registros_usuarios] [           main] org.hibernate.type.BasicTypeRegistry     : Adding type registration materialized_clob -> org.hibernate.type.BasicTypeReference@5b49b1df
2024-05-02T21:49:23.309-04:00 DEBUG 27960 --- [ms_registros_usuarios] [           main] org.hibernate.type.BasicTypeRegistry     : Adding type registration materialized_clob_char_array -> org.hibernate.type.BasicTypeReference@689eab53
2024-05-02T21:49:23.309-04:00 DEBUG 27960 --- [ms_registros_usuarios] [           main] org.hibernate.type.BasicTypeRegistry     : Adding type registration materialized_clob_character_array -> org.hibernate.type.BasicTypeReference@1c24639e
2024-05-02T21:49:23.309-04:00 DEBUG 27960 --- [ms_registros_usuarios] [           main] org.hibernate.type.BasicTypeRegistry     : Adding type registration materialized_nclob -> org.hibernate.type.BasicTypeReference@5c9168c3
2024-05-02T21:49:23.309-04:00 DEBUG 27960 --- [ms_registros_usuarios] [           main] org.hibernate.type.BasicTypeRegistry     : Adding type registration materialized_nclob_character_array -> org.hibernate.type.BasicTypeReference@4ac0fdc7
2024-05-02T21:49:23.309-04:00 DEBUG 27960 --- [ms_registros_usuarios] [           main] org.hibernate.type.BasicTypeRegistry     : Adding type registration materialized_nclob_char_array -> org.hibernate.type.BasicTypeReference@571903ff
2024-05-02T21:49:23.309-04:00 DEBUG 27960 --- [ms_registros_usuarios] [           main] org.hibernate.type.BasicTypeRegistry     : Adding type registration Duration -> org.hibernate.type.BasicTypeReference@689ea211
2024-05-02T21:49:23.309-04:00 DEBUG 27960 --- [ms_registros_usuarios] [           main] org.hibernate.type.BasicTypeRegistry     : Adding type registration java.time.Duration -> org.hibernate.type.BasicTypeReference@689ea211
2024-05-02T21:49:23.309-04:00 DEBUG 27960 --- [ms_registros_usuarios] [           main] org.hibernate.type.BasicTypeRegistry     : Adding type registration LocalDateTime -> org.hibernate.type.BasicTypeReference@3f1e18b1
2024-05-02T21:49:23.309-04:00 DEBUG 27960 --- [ms_registros_usuarios] [           main] org.hibernate.type.BasicTypeRegistry     : Adding type registration java.time.LocalDateTime -> org.hibernate.type.BasicTypeReference@3f1e18b1
2024-05-02T21:49:23.309-04:00 DEBUG 27960 --- [ms_registros_usuarios] [           main] org.hibernate.type.BasicTypeRegistry     : Adding type registration LocalDate -> org.hibernate.type.BasicTypeReference@727de450
2024-05-02T21:49:23.309-04:00 DEBUG 27960 --- [ms_registros_usuarios] [           main] org.hibernate.type.BasicTypeRegistry     : Adding type registration java.time.LocalDate -> org.hibernate.type.BasicTypeReference@727de450
2024-05-02T21:49:23.309-04:00 DEBUG 27960 --- [ms_registros_usuarios] [           main] org.hibernate.type.BasicTypeRegistry     : Adding type registration LocalTime -> org.hibernate.type.BasicTypeReference@6de4071b
2024-05-02T21:49:23.309-04:00 DEBUG 27960 --- [ms_registros_usuarios] [           main] org.hibernate.type.BasicTypeRegistry     : Adding type registration java.time.LocalTime -> org.hibernate.type.BasicTypeReference@6de4071b
2024-05-02T21:49:23.309-04:00 DEBUG 27960 --- [ms_registros_usuarios] [           main] org.hibernate.type.BasicTypeRegistry     : Adding type registration OffsetDateTime -> org.hibernate.type.BasicTypeReference@7077ae9c
2024-05-02T21:49:23.309-04:00 DEBUG 27960 --- [ms_registros_usuarios] [           main] org.hibernate.type.BasicTypeRegistry     : Adding type registration java.time.OffsetDateTime -> org.hibernate.type.BasicTypeReference@7077ae9c
2024-05-02T21:49:23.309-04:00 DEBUG 27960 --- [ms_registros_usuarios] [           main] org.hibernate.type.BasicTypeRegistry     : Adding type registration OffsetDateTimeWithTimezone -> org.hibernate.type.BasicTypeReference@3fe3ebb3
2024-05-02T21:49:23.309-04:00 DEBUG 27960 --- [ms_registros_usuarios] [           main] org.hibernate.type.BasicTypeRegistry     : Adding type registration OffsetDateTimeWithoutTimezone -> org.hibernate.type.BasicTypeReference@22a1d77b
2024-05-02T21:49:23.309-04:00 DEBUG 27960 --- [ms_registros_usuarios] [           main] org.hibernate.type.BasicTypeRegistry     : Adding type registration OffsetTime -> org.hibernate.type.BasicTypeReference@6f30d0eb
2024-05-02T21:49:23.309-04:00 DEBUG 27960 --- [ms_registros_usuarios] [           main] org.hibernate.type.BasicTypeRegistry     : Adding type registration java.time.OffsetTime -> org.hibernate.type.BasicTypeReference@6f30d0eb
2024-05-02T21:49:23.309-04:00 DEBUG 27960 --- [ms_registros_usuarios] [           main] org.hibernate.type.BasicTypeRegistry     : Adding type registration OffsetTimeUtc -> org.hibernate.type.BasicTypeReference@22fe90df
2024-05-02T21:49:23.309-04:00 DEBUG 27960 --- [ms_registros_usuarios] [           main] org.hibernate.type.BasicTypeRegistry     : Adding type registration OffsetTimeWithTimezone -> org.hibernate.type.BasicTypeReference@2604940
2024-05-02T21:49:23.309-04:00 DEBUG 27960 --- [ms_registros_usuarios] [           main] org.hibernate.type.BasicTypeRegistry     : Adding type registration OffsetTimeWithoutTimezone -> org.hibernate.type.BasicTypeReference@470866d1
2024-05-02T21:49:23.309-04:00 DEBUG 27960 --- [ms_registros_usuarios] [           main] org.hibernate.type.BasicTypeRegistry     : Adding type registration ZonedDateTime -> org.hibernate.type.BasicTypeReference@11267e87
2024-05-02T21:49:23.309-04:00 DEBUG 27960 --- [ms_registros_usuarios] [           main] org.hibernate.type.BasicTypeRegistry     : Adding type registration java.time.ZonedDateTime -> org.hibernate.type.BasicTypeReference@11267e87
2024-05-02T21:49:23.309-04:00 DEBUG 27960 --- [ms_registros_usuarios] [           main] org.hibernate.type.BasicTypeRegistry     : Adding type registration ZonedDateTimeWithTimezone -> org.hibernate.type.BasicTypeReference@118c1faa
2024-05-02T21:49:23.309-04:00 DEBUG 27960 --- [ms_registros_usuarios] [           main] org.hibernate.type.BasicTypeRegistry     : Adding type registration ZonedDateTimeWithoutTimezone -> org.hibernate.type.BasicTypeReference@da5b46f
2024-05-02T21:49:23.309-04:00 DEBUG 27960 --- [ms_registros_usuarios] [           main] org.hibernate.type.BasicTypeRegistry     : Adding type registration date -> org.hibernate.type.BasicTypeReference@99f75e4
2024-05-02T21:49:23.309-04:00 DEBUG 27960 --- [ms_registros_usuarios] [           main] org.hibernate.type.BasicTypeRegistry     : Adding type registration java.sql.Date -> org.hibernate.type.BasicTypeReference@99f75e4
2024-05-02T21:49:23.309-04:00 DEBUG 27960 --- [ms_registros_usuarios] [           main] org.hibernate.type.BasicTypeRegistry     : Adding type registration time -> org.hibernate.type.BasicTypeReference@2b6ff016
2024-05-02T21:49:23.309-04:00 DEBUG 27960 --- [ms_registros_usuarios] [           main] org.hibernate.type.BasicTypeRegistry     : Adding type registration java.sql.Time -> org.hibernate.type.BasicTypeReference@2b6ff016
2024-05-02T21:49:23.309-04:00 DEBUG 27960 --- [ms_registros_usuarios] [           main] org.hibernate.type.BasicTypeRegistry     : Adding type registration timestamp -> org.hibernate.type.BasicTypeReference@5aefdb9e
2024-05-02T21:49:23.309-04:00 DEBUG 27960 --- [ms_registros_usuarios] [           main] org.hibernate.type.BasicTypeRegistry     : Adding type registration java.sql.Timestamp -> org.hibernate.type.BasicTypeReference@5aefdb9e
2024-05-02T21:49:23.309-04:00 DEBUG 27960 --- [ms_registros_usuarios] [           main] org.hibernate.type.BasicTypeRegistry     : Adding type registration java.util.Date -> org.hibernate.type.BasicTypeReference@5aefdb9e
2024-05-02T21:49:23.309-04:00 DEBUG 27960 --- [ms_registros_usuarios] [           main] org.hibernate.type.BasicTypeRegistry     : Adding type registration calendar -> org.hibernate.type.BasicTypeReference@7a491a60
2024-05-02T21:49:23.309-04:00 DEBUG 27960 --- [ms_registros_usuarios] [           main] org.hibernate.type.BasicTypeRegistry     : Adding type registration java.util.Calendar -> org.hibernate.type.BasicTypeReference@7a491a60
2024-05-02T21:49:23.309-04:00 DEBUG 27960 --- [ms_registros_usuarios] [           main] org.hibernate.type.BasicTypeRegistry     : Adding type registration java.util.GregorianCalendar -> org.hibernate.type.BasicTypeReference@7a491a60
2024-05-02T21:49:23.309-04:00 DEBUG 27960 --- [ms_registros_usuarios] [           main] org.hibernate.type.BasicTypeRegistry     : Adding type registration calendar_date -> org.hibernate.type.BasicTypeReference@80b6098
2024-05-02T21:49:23.310-04:00 DEBUG 27960 --- [ms_registros_usuarios] [           main] org.hibernate.type.BasicTypeRegistry     : Adding type registration calendar_time -> org.hibernate.type.BasicTypeReference@5c30decf
2024-05-02T21:49:23.310-04:00 DEBUG 27960 --- [ms_registros_usuarios] [           main] org.hibernate.type.BasicTypeRegistry     : Adding type registration instant -> org.hibernate.type.BasicTypeReference@7827cdfc
2024-05-02T21:49:23.310-04:00 DEBUG 27960 --- [ms_registros_usuarios] [           main] org.hibernate.type.BasicTypeRegistry     : Adding type registration java.time.Instant -> org.hibernate.type.BasicTypeReference@7827cdfc
2024-05-02T21:49:23.310-04:00 DEBUG 27960 --- [ms_registros_usuarios] [           main] org.hibernate.type.BasicTypeRegistry     : Adding type registration uuid -> org.hibernate.type.BasicTypeReference@4a0f4282
2024-05-02T21:49:23.310-04:00 DEBUG 27960 --- [ms_registros_usuarios] [           main] org.hibernate.type.BasicTypeRegistry     : Adding type registration java.util.UUID -> org.hibernate.type.BasicTypeReference@4a0f4282
2024-05-02T21:49:23.310-04:00 DEBUG 27960 --- [ms_registros_usuarios] [           main] org.hibernate.type.BasicTypeRegistry     : Adding type registration pg-uuid -> org.hibernate.type.BasicTypeReference@4a0f4282
2024-05-02T21:49:23.310-04:00 DEBUG 27960 --- [ms_registros_usuarios] [           main] org.hibernate.type.BasicTypeRegistry     : Adding type registration uuid-binary -> org.hibernate.type.BasicTypeReference@19d3f4fb
2024-05-02T21:49:23.310-04:00 DEBUG 27960 --- [ms_registros_usuarios] [           main] org.hibernate.type.BasicTypeRegistry     : Adding type registration uuid-char -> org.hibernate.type.BasicTypeReference@43cf97a8
2024-05-02T21:49:23.310-04:00 DEBUG 27960 --- [ms_registros_usuarios] [           main] org.hibernate.type.BasicTypeRegistry     : Adding type registration class -> org.hibernate.type.BasicTypeReference@5c1ea00
2024-05-02T21:49:23.310-04:00 DEBUG 27960 --- [ms_registros_usuarios] [           main] org.hibernate.type.BasicTypeRegistry     : Adding type registration java.lang.Class -> org.hibernate.type.BasicTypeReference@5c1ea00
2024-05-02T21:49:23.310-04:00 DEBUG 27960 --- [ms_registros_usuarios] [           main] org.hibernate.type.BasicTypeRegistry     : Adding type registration currency -> org.hibernate.type.BasicTypeReference@356ab368
2024-05-02T21:49:23.310-04:00 DEBUG 27960 --- [ms_registros_usuarios] [           main] org.hibernate.type.BasicTypeRegistry     : Adding type registration Currency -> org.hibernate.type.BasicTypeReference@356ab368
2024-05-02T21:49:23.310-04:00 DEBUG 27960 --- [ms_registros_usuarios] [           main] org.hibernate.type.BasicTypeRegistry     : Adding type registration java.util.Currency -> org.hibernate.type.BasicTypeReference@356ab368
2024-05-02T21:49:23.310-04:00 DEBUG 27960 --- [ms_registros_usuarios] [           main] org.hibernate.type.BasicTypeRegistry     : Adding type registration locale -> org.hibernate.type.BasicTypeReference@3398ed12
2024-05-02T21:49:23.310-04:00 DEBUG 27960 --- [ms_registros_usuarios] [           main] org.hibernate.type.BasicTypeRegistry     : Adding type registration java.util.Locale -> org.hibernate.type.BasicTypeReference@3398ed12
2024-05-02T21:49:23.310-04:00 DEBUG 27960 --- [ms_registros_usuarios] [           main] org.hibernate.type.BasicTypeRegistry     : Adding type registration serializable -> org.hibernate.type.BasicTypeReference@c555e1e
2024-05-02T21:49:23.310-04:00 DEBUG 27960 --- [ms_registros_usuarios] [           main] org.hibernate.type.BasicTypeRegistry     : Adding type registration java.io.Serializable -> org.hibernate.type.BasicTypeReference@c555e1e
2024-05-02T21:49:23.310-04:00 DEBUG 27960 --- [ms_registros_usuarios] [           main] org.hibernate.type.BasicTypeRegistry     : Adding type registration timezone -> org.hibernate.type.BasicTypeReference@64e247e
2024-05-02T21:49:23.310-04:00 DEBUG 27960 --- [ms_registros_usuarios] [           main] org.hibernate.type.BasicTypeRegistry     : Adding type registration java.util.TimeZone -> org.hibernate.type.BasicTypeReference@64e247e
2024-05-02T21:49:23.310-04:00 DEBUG 27960 --- [ms_registros_usuarios] [           main] org.hibernate.type.BasicTypeRegistry     : Adding type registration ZoneOffset -> org.hibernate.type.BasicTypeReference@66df362c
2024-05-02T21:49:23.310-04:00 DEBUG 27960 --- [ms_registros_usuarios] [           main] org.hibernate.type.BasicTypeRegistry     : Adding type registration java.time.ZoneOffset -> org.hibernate.type.BasicTypeReference@66df362c
2024-05-02T21:49:23.310-04:00 DEBUG 27960 --- [ms_registros_usuarios] [           main] org.hibernate.type.BasicTypeRegistry     : Adding type registration url -> org.hibernate.type.BasicTypeReference@125ba798
2024-05-02T21:49:23.310-04:00 DEBUG 27960 --- [ms_registros_usuarios] [           main] org.hibernate.type.BasicTypeRegistry     : Adding type registration java.net.URL -> org.hibernate.type.BasicTypeReference@125ba798
2024-05-02T21:49:23.310-04:00 DEBUG 27960 --- [ms_registros_usuarios] [           main] org.hibernate.type.BasicTypeRegistry     : Adding type registration vector -> org.hibernate.type.BasicTypeReference@3458be63
2024-05-02T21:49:23.310-04:00 DEBUG 27960 --- [ms_registros_usuarios] [           main] org.hibernate.type.BasicTypeRegistry     : Adding type registration row_version -> org.hibernate.type.BasicTypeReference@43c20142
2024-05-02T21:49:23.315-04:00 DEBUG 27960 --- [ms_registros_usuarios] [           main] org.hibernate.type.BasicTypeRegistry     : Adding type registration object -> org.hibernate.type.JavaObjectType@7c31e01f
2024-05-02T21:49:23.315-04:00 DEBUG 27960 --- [ms_registros_usuarios] [           main] org.hibernate.type.BasicTypeRegistry     : Adding type registration java.lang.Object -> org.hibernate.type.JavaObjectType@7c31e01f
2024-05-02T21:49:23.315-04:00 DEBUG 27960 --- [ms_registros_usuarios] [           main] org.hibernate.type.BasicTypeRegistry     : Adding type registration null -> org.hibernate.type.NullType@225fb75e
2024-05-02T21:49:23.316-04:00 DEBUG 27960 --- [ms_registros_usuarios] [           main] org.hibernate.type.BasicTypeRegistry     : Adding type registration imm_date -> org.hibernate.type.BasicTypeReference@61d9dd15
2024-05-02T21:49:23.316-04:00 DEBUG 27960 --- [ms_registros_usuarios] [           main] org.hibernate.type.BasicTypeRegistry     : Adding type registration imm_time -> org.hibernate.type.BasicTypeReference@4936fbc6
2024-05-02T21:49:23.316-04:00 DEBUG 27960 --- [ms_registros_usuarios] [           main] org.hibernate.type.BasicTypeRegistry     : Adding type registration imm_timestamp -> org.hibernate.type.BasicTypeReference@b4c89b6
2024-05-02T21:49:23.316-04:00 DEBUG 27960 --- [ms_registros_usuarios] [           main] org.hibernate.type.BasicTypeRegistry     : Adding type registration imm_calendar -> org.hibernate.type.BasicTypeReference@54f62ac6
2024-05-02T21:49:23.316-04:00 DEBUG 27960 --- [ms_registros_usuarios] [           main] org.hibernate.type.BasicTypeRegistry     : Adding type registration imm_calendar_date -> org.hibernate.type.BasicTypeReference@7be86438
2024-05-02T21:49:23.316-04:00 DEBUG 27960 --- [ms_registros_usuarios] [           main] org.hibernate.type.BasicTypeRegistry     : Adding type registration imm_calendar_time -> org.hibernate.type.BasicTypeReference@5fe4848
2024-05-02T21:49:23.316-04:00 DEBUG 27960 --- [ms_registros_usuarios] [           main] org.hibernate.type.BasicTypeRegistry     : Adding type registration imm_binary -> org.hibernate.type.BasicTypeReference@6a906078
2024-05-02T21:49:23.316-04:00 DEBUG 27960 --- [ms_registros_usuarios] [           main] org.hibernate.type.BasicTypeRegistry     : Adding type registration imm_serializable -> org.hibernate.type.BasicTypeReference@fd5c7f6
2024-05-02T21:49:23.320-04:00 DEBUG 27960 --- [ms_registros_usuarios] [           main] o.h.boot.internal.BootstrapContextImpl   : Injecting JPA temp ClassLoader [org.springframework.instrument.classloading.SimpleThrowawayClassLoader@c8ed958] into BootstrapContext; was [null]
2024-05-02T21:49:23.320-04:00 DEBUG 27960 --- [ms_registros_usuarios] [           main] o.h.boot.internal.ClassLoaderAccessImpl  : ClassLoaderAccessImpl#injectTempClassLoader(org.springframework.instrument.classloading.SimpleThrowawayClassLoader@c8ed958) [was null]
2024-05-02T21:49:23.320-04:00 DEBUG 27960 --- [ms_registros_usuarios] [           main] o.h.boot.internal.BootstrapContextImpl   : Injecting ScanEnvironment [org.hibernate.jpa.boot.internal.StandardJpaScanEnvironmentImpl@943cf5] into BootstrapContext; was [null]
2024-05-02T21:49:23.320-04:00 DEBUG 27960 --- [ms_registros_usuarios] [           main] o.h.boot.internal.BootstrapContextImpl   : Injecting ScanOptions [org.hibernate.boot.archive.scan.internal.StandardScanOptions@2926f7bd] into BootstrapContext; was [org.hibernate.boot.archive.scan.internal.StandardScanOptions@5a20f793]
2024-05-02T21:49:23.339-04:00  INFO 27960 --- [ms_registros_usuarios] [           main] o.s.o.j.p.SpringPersistenceUnitInfo      : No LoadTimeWeaver setup: ignoring JPA class transformer
2024-05-02T21:49:23.339-04:00 DEBUG 27960 --- [ms_registros_usuarios] [           main] o.h.boot.internal.BootstrapContextImpl   : Injecting JPA temp ClassLoader [null] into BootstrapContext; was [org.springframework.instrument.classloading.SimpleThrowawayClassLoader@c8ed958]
2024-05-02T21:49:23.339-04:00 DEBUG 27960 --- [ms_registros_usuarios] [           main] o.h.boot.internal.ClassLoaderAccessImpl  : ClassLoaderAccessImpl#injectTempClassLoader(null) [was org.springframework.instrument.classloading.SimpleThrowawayClassLoader@c8ed958]
2024-05-02T21:49:23.360-04:00  INFO 27960 --- [ms_registros_usuarios] [           main] com.zaxxer.hikari.HikariDataSource       : HikariPool-1 - Starting...
2024-05-02T21:49:23.363-04:00  WARN 27960 --- [ms_registros_usuarios] [           main] c.zaxxer.hikari.util.DriverDataSource    : Registered driver with driverClassName=oracle.jdbc.driver.OracleDriver was not found, trying direct instantiation.
2024-05-02T21:49:24.415-04:00  INFO 27960 --- [ms_registros_usuarios] [           main] com.zaxxer.hikari.pool.HikariPool        : HikariPool-1 - Added connection oracle.jdbc.driver.T4CConnection@6d514259
2024-05-02T21:49:24.416-04:00  INFO 27960 --- [ms_registros_usuarios] [           main] com.zaxxer.hikari.HikariDataSource       : HikariPool-1 - Start completed.
2024-05-02T21:49:24.419-04:00 DEBUG 27960 --- [ms_registros_usuarios] [           main] o.h.e.j.e.i.JdbcEnvironmentInitiator     : Database ->
       name : Oracle
    version : Oracle Database 19c Enterprise Edition Release 19.0.0.0.0 - Production
Version 19.23.0.1.0
      major : 19
      minor : 0
2024-05-02T21:49:24.419-04:00 DEBUG 27960 --- [ms_registros_usuarios] [           main] o.h.e.j.e.i.JdbcEnvironmentInitiator     : Driver ->
       name : Oracle JDBC driver
    version : 21.9.0.0.0
      major : 21
      minor : 9
2024-05-02T21:49:24.419-04:00 DEBUG 27960 --- [ms_registros_usuarios] [           main] o.h.e.j.e.i.JdbcEnvironmentInitiator     : JDBC version : 4.3
2024-05-02T21:49:24.570-04:00  WARN 27960 --- [ms_registros_usuarios] [           main] org.hibernate.orm.deprecation            : HHH90000025: OracleDialect does not need to be specified explicitly using 'hibernate.dialect' (remove the property setting and it will be selected by default)
2024-05-02T21:49:24.571-04:00 DEBUG 27960 --- [ms_registros_usuarios] [           main] org.hibernate.orm.dialect                : HHH035001: Using dialect: org.hibernate.dialect.OracleDialect, version: 19.0
2024-05-02T21:49:24.664-04:00 DEBUG 27960 --- [ms_registros_usuarios] [           main] o.h.t.d.jdbc.spi.JdbcTypeRegistry        : addDescriptor(NCharTypeDescriptor) replaced previous registration(CharTypeDescriptor)
2024-05-02T21:49:24.664-04:00 DEBUG 27960 --- [ms_registros_usuarios] [           main] o.h.t.d.jdbc.spi.JdbcTypeRegistry        : addDescriptor(NVarcharTypeDescriptor) replaced previous registration(VarcharTypeDescriptor)
2024-05-02T21:49:24.664-04:00 DEBUG 27960 --- [ms_registros_usuarios] [           main] o.h.t.d.jdbc.spi.JdbcTypeRegistry        : addDescriptor(LongNVarcharTypeDescriptor) replaced previous registration(LongVarcharTypeDescriptor)
2024-05-02T21:49:24.666-04:00 DEBUG 27960 --- [ms_registros_usuarios] [           main] o.h.t.d.jdbc.spi.JdbcTypeRegistry        : addDescriptor(NClobTypeDescriptor(DEFAULT)) replaced previous registration(ClobTypeDescriptor(DEFAULT))
2024-05-02T21:49:24.666-04:00 DEBUG 27960 --- [ms_registros_usuarios] [           main] o.h.t.d.jdbc.spi.JdbcTypeRegistry        : addDescriptor(2005, ClobTypeDescriptor(STREAM_BINDING)) replaced previous registration(ClobTypeDescriptor(DEFAULT))
2024-05-02T21:49:24.667-04:00 DEBUG 27960 --- [ms_registros_usuarios] [           main] o.h.t.d.jdbc.spi.JdbcTypeRegistry        : addDescriptor(BooleanTypeDescriptor) replaced previous registration(BooleanTypeDescriptor)
2024-05-02T21:49:24.672-04:00 DEBUG 27960 --- [ms_registros_usuarios] [           main] org.hibernate.type.BasicTypeRegistry     : Adding type registration null -> org.hibernate.type.NullType@7018636a
2024-05-02T21:49:24.672-04:00 DEBUG 27960 --- [ms_registros_usuarios] [           main] org.hibernate.type.BasicTypeRegistry     : Type registration key [null] overrode previous entry : `org.hibernate.type.NullType@225fb75e`
2024-05-02T21:49:24.672-04:00 DEBUG 27960 --- [ms_registros_usuarios] [           main] org.hibernate.type.BasicTypeRegistry     : Adding type registration JAVA_OBJECT -> org.hibernate.type.JavaObjectType@5c168f98
2024-05-02T21:49:24.672-04:00 DEBUG 27960 --- [ms_registros_usuarios] [           main] org.hibernate.type.BasicTypeRegistry     : Adding type registration java.lang.Object -> org.hibernate.type.JavaObjectType@5c168f98
2024-05-02T21:49:24.672-04:00 DEBUG 27960 --- [ms_registros_usuarios] [           main] org.hibernate.type.BasicTypeRegistry     : Type registration key [java.lang.Object] overrode previous entry : `org.hibernate.type.JavaObjectType@7c31e01f`
2024-05-02T21:49:24.675-04:00 DEBUG 27960 --- [ms_registros_usuarios] [           main] org.hibernate.type.BasicTypeRegistry     : Adding type registration org.hibernate.type.DurationType -> basicType@1(java.time.Duration,3015)
2024-05-02T21:49:24.675-04:00 DEBUG 27960 --- [ms_registros_usuarios] [           main] org.hibernate.type.BasicTypeRegistry     : Adding type registration Duration -> basicType@1(java.time.Duration,3015)
2024-05-02T21:49:24.675-04:00 DEBUG 27960 --- [ms_registros_usuarios] [           main] org.hibernate.type.BasicTypeRegistry     : Adding type registration java.time.Duration -> basicType@1(java.time.Duration,3015)
2024-05-02T21:49:24.679-04:00 DEBUG 27960 --- [ms_registros_usuarios] [           main] o.h.type.spi.TypeConfiguration$Scope     : Scoping TypeConfiguration [org.hibernate.type.spi.TypeConfiguration@11d474a] to MetadataBuildingContext [org.hibernate.boot.internal.MetadataBuildingContextRootImpl@4be6531a]
2024-05-02T21:49:24.706-04:00 DEBUG 27960 --- [ms_registros_usuarios] [           main] o.h.boot.model.relational.Namespace      : Created database namespace [logicalName=Name{catalog=null, schema=null}, physicalName=Name{catalog=null, schema=null}]
2024-05-02T21:49:24.727-04:00 DEBUG 27960 --- [ms_registros_usuarios] [           main] o.h.boot.model.internal.EntityBinder     : Binding entity from annotated class: com.jzs.ms_registros_usuarios.model.Despacho
2024-05-02T21:49:24.734-04:00 DEBUG 27960 --- [ms_registros_usuarios] [           main] o.h.boot.model.internal.EntityBinder     : Import with entity name Despacho
2024-05-02T21:49:24.739-04:00 DEBUG 27960 --- [ms_registros_usuarios] [           main] o.h.boot.model.internal.EntityBinder     : Bind entity com.jzs.ms_registros_usuarios.model.Despacho on table despachos
2024-05-02T21:49:24.747-04:00 DEBUG 27960 --- [ms_registros_usuarios] [           main] o.h.boot.model.internal.AnnotatedColumn  : Binding column: AnnotatedDiscriminatorColumn(column='DTYPE')
2024-05-02T21:49:24.756-04:00 DEBUG 27960 --- [ms_registros_usuarios] [           main] o.h.boot.model.internal.AnnotatedColumn  : Binding column: AnnotatedColumn(column='id')
2024-05-02T21:49:24.757-04:00 DEBUG 27960 --- [ms_registros_usuarios] [           main] o.h.boot.internal.ClassLoaderAccessImpl  : Not known whether passed class name [com.jzs.ms_registros_usuarios.model.Despacho] is safe
2024-05-02T21:49:24.757-04:00 DEBUG 27960 --- [ms_registros_usuarios] [           main] o.h.boot.internal.ClassLoaderAccessImpl  : No temp ClassLoader provided; using live ClassLoader for loading potentially unsafe class : com.jzs.ms_registros_usuarios.model.Despacho
2024-05-02T21:49:24.760-04:00 DEBUG 27960 --- [ms_registros_usuarios] [           main] o.h.boot.model.internal.PropertyBinder   : MetadataSourceProcessor property id with lazy=false
2024-05-02T21:49:24.763-04:00 DEBUG 27960 --- [ms_registros_usuarios] [           main] o.h.b.m.internal.AbstractPropertyHolder  : Attempting to locate auto-apply AttributeConverter for property [com.jzs.ms_registros_usuarios.model.Despacho:id]
2024-05-02T21:49:24.765-04:00 DEBUG 27960 --- [ms_registros_usuarios] [           main] o.h.b.model.internal.BasicValueBinder    : building BasicValue for id
2024-05-02T21:49:24.767-04:00 DEBUG 27960 --- [ms_registros_usuarios] [           main] org.hibernate.mapping.BasicValue         : Skipping column re-registration: despachos.id
2024-05-02T21:49:24.768-04:00 DEBUG 27960 --- [ms_registros_usuarios] [           main] o.h.boot.model.internal.PropertyBinder   : Building property id
2024-05-02T21:49:24.770-04:00 DEBUG 27960 --- [ms_registros_usuarios] [           main] o.h.boot.model.internal.BinderHelper     : #makeIdGenerator(BasicValue([Column(id)]), id, identity, , ...)
2024-05-02T21:49:24.771-04:00 DEBUG 27960 --- [ms_registros_usuarios] [           main] o.h.boot.model.internal.AnnotatedColumn  : Binding column: AnnotatedColumn(column='activo')
2024-05-02T21:49:24.771-04:00 DEBUG 27960 --- [ms_registros_usuarios] [           main] o.h.boot.model.internal.PropertyBinder   : MetadataSourceProcessor property activo with lazy=false
2024-05-02T21:49:24.771-04:00 DEBUG 27960 --- [ms_registros_usuarios] [           main] o.h.b.m.internal.AbstractPropertyHolder  : Attempting to locate auto-apply AttributeConverter for property [com.jzs.ms_registros_usuarios.model.Despacho:activo]
2024-05-02T21:49:24.771-04:00 DEBUG 27960 --- [ms_registros_usuarios] [           main] o.h.b.model.internal.BasicValueBinder    : building BasicValue for activo
2024-05-02T21:49:24.771-04:00 DEBUG 27960 --- [ms_registros_usuarios] [           main] org.hibernate.mapping.BasicValue         : Skipping column re-registration: despachos.activo
2024-05-02T21:49:24.771-04:00 DEBUG 27960 --- [ms_registros_usuarios] [           main] o.h.boot.model.internal.PropertyBinder   : Building property activo
2024-05-02T21:49:24.771-04:00 DEBUG 27960 --- [ms_registros_usuarios] [           main] o.h.boot.model.internal.AnnotatedColumn  : Binding column: AnnotatedColumn(column='direccion')
2024-05-02T21:49:24.771-04:00 DEBUG 27960 --- [ms_registros_usuarios] [           main] o.h.boot.model.internal.PropertyBinder   : MetadataSourceProcessor property direccion with lazy=false
2024-05-02T21:49:24.771-04:00 DEBUG 27960 --- [ms_registros_usuarios] [           main] o.h.b.m.internal.AbstractPropertyHolder  : Attempting to locate auto-apply AttributeConverter for property [com.jzs.ms_registros_usuarios.model.Despacho:direccion]
2024-05-02T21:49:24.771-04:00 DEBUG 27960 --- [ms_registros_usuarios] [           main] o.h.b.model.internal.BasicValueBinder    : building BasicValue for direccion
2024-05-02T21:49:24.771-04:00 DEBUG 27960 --- [ms_registros_usuarios] [           main] org.hibernate.mapping.BasicValue         : Skipping column re-registration: despachos.direccion
2024-05-02T21:49:24.771-04:00 DEBUG 27960 --- [ms_registros_usuarios] [           main] o.h.boot.model.internal.PropertyBinder   : Building property direccion
2024-05-02T21:49:24.773-04:00 DEBUG 27960 --- [ms_registros_usuarios] [           main] o.h.boot.model.internal.AnnotatedColumn  : Binding column: AnnotatedJoinColumn(column='usuario_id')
2024-05-02T21:49:24.774-04:00 DEBUG 27960 --- [ms_registros_usuarios] [           main] o.h.boot.model.internal.AnnotatedColumn  : Binding column: AnnotatedColumn()
2024-05-02T21:49:24.778-04:00 DEBUG 27960 --- [ms_registros_usuarios] [           main] o.h.boot.model.internal.PropertyBinder   : Building property usuario
2024-05-02T21:49:24.779-04:00 DEBUG 27960 --- [ms_registros_usuarios] [           main] o.h.b.r.c.i.ClassLoaderServiceImpl       : HHH000194: Package not found or wo package-info.java: com.jzs.ms_registros_usuarios.model
2024-05-02T21:49:24.783-04:00 DEBUG 27960 --- [ms_registros_usuarios] [           main] o.h.boot.model.internal.EntityBinder     : Binding entity from annotated class: com.jzs.ms_registros_usuarios.model.Rol
2024-05-02T21:49:24.783-04:00 DEBUG 27960 --- [ms_registros_usuarios] [           main] o.h.boot.model.internal.EntityBinder     : Import with entity name Rol
2024-05-02T21:49:24.783-04:00 DEBUG 27960 --- [ms_registros_usuarios] [           main] o.h.boot.model.internal.EntityBinder     : Bind entity com.jzs.ms_registros_usuarios.model.Rol on table roles
2024-05-02T21:49:24.784-04:00 DEBUG 27960 --- [ms_registros_usuarios] [           main] o.h.boot.model.internal.AnnotatedColumn  : Binding column: AnnotatedDiscriminatorColumn(column='DTYPE')
2024-05-02T21:49:24.784-04:00 DEBUG 27960 --- [ms_registros_usuarios] [           main] o.h.boot.model.internal.AnnotatedColumn  : Binding column: AnnotatedColumn(column='id')
2024-05-02T21:49:24.784-04:00 DEBUG 27960 --- [ms_registros_usuarios] [           main] o.h.boot.internal.ClassLoaderAccessImpl  : Not known whether passed class name [com.jzs.ms_registros_usuarios.model.Rol] is safe
2024-05-02T21:49:24.784-04:00 DEBUG 27960 --- [ms_registros_usuarios] [           main] o.h.boot.internal.ClassLoaderAccessImpl  : No temp ClassLoader provided; using live ClassLoader for loading potentially unsafe class : com.jzs.ms_registros_usuarios.model.Rol
2024-05-02T21:49:24.784-04:00 DEBUG 27960 --- [ms_registros_usuarios] [           main] o.h.boot.model.internal.PropertyBinder   : MetadataSourceProcessor property id with lazy=false
2024-05-02T21:49:24.784-04:00 DEBUG 27960 --- [ms_registros_usuarios] [           main] o.h.b.m.internal.AbstractPropertyHolder  : Attempting to locate auto-apply AttributeConverter for property [com.jzs.ms_registros_usuarios.model.Rol:id]
2024-05-02T21:49:24.784-04:00 DEBUG 27960 --- [ms_registros_usuarios] [           main] o.h.b.model.internal.BasicValueBinder    : building BasicValue for id
2024-05-02T21:49:24.784-04:00 DEBUG 27960 --- [ms_registros_usuarios] [           main] org.hibernate.mapping.BasicValue         : Skipping column re-registration: roles.id
2024-05-02T21:49:24.784-04:00 DEBUG 27960 --- [ms_registros_usuarios] [           main] o.h.boot.model.internal.PropertyBinder   : Building property id
2024-05-02T21:49:24.785-04:00 DEBUG 27960 --- [ms_registros_usuarios] [           main] o.h.boot.model.internal.BinderHelper     : #makeIdGenerator(BasicValue([Column(id)]), id, identity, , ...)
2024-05-02T21:49:24.785-04:00 DEBUG 27960 --- [ms_registros_usuarios] [           main] o.h.boot.model.internal.AnnotatedColumn  : Binding column: AnnotatedColumn(column='activo')
2024-05-02T21:49:24.785-04:00 DEBUG 27960 --- [ms_registros_usuarios] [           main] o.h.boot.model.internal.PropertyBinder   : MetadataSourceProcessor property activo with lazy=false
2024-05-02T21:49:24.785-04:00 DEBUG 27960 --- [ms_registros_usuarios] [           main] o.h.b.m.internal.AbstractPropertyHolder  : Attempting to locate auto-apply AttributeConverter for property [com.jzs.ms_registros_usuarios.model.Rol:activo]
2024-05-02T21:49:24.785-04:00 DEBUG 27960 --- [ms_registros_usuarios] [           main] o.h.b.model.internal.BasicValueBinder    : building BasicValue for activo
2024-05-02T21:49:24.785-04:00 DEBUG 27960 --- [ms_registros_usuarios] [           main] org.hibernate.mapping.BasicValue         : Skipping column re-registration: roles.activo
2024-05-02T21:49:24.785-04:00 DEBUG 27960 --- [ms_registros_usuarios] [           main] o.h.boot.model.internal.PropertyBinder   : Building property activo
2024-05-02T21:49:24.785-04:00 DEBUG 27960 --- [ms_registros_usuarios] [           main] o.h.boot.model.internal.AnnotatedColumn  : Binding column: AnnotatedColumn(column='rol')
2024-05-02T21:49:24.785-04:00 DEBUG 27960 --- [ms_registros_usuarios] [           main] o.h.boot.model.internal.PropertyBinder   : MetadataSourceProcessor property rol with lazy=false
2024-05-02T21:49:24.785-04:00 DEBUG 27960 --- [ms_registros_usuarios] [           main] o.h.b.m.internal.AbstractPropertyHolder  : Attempting to locate auto-apply AttributeConverter for property [com.jzs.ms_registros_usuarios.model.Rol:rol]
2024-05-02T21:49:24.785-04:00 DEBUG 27960 --- [ms_registros_usuarios] [           main] o.h.b.model.internal.BasicValueBinder    : building BasicValue for rol
2024-05-02T21:49:24.785-04:00 DEBUG 27960 --- [ms_registros_usuarios] [           main] org.hibernate.mapping.BasicValue         : Skipping column re-registration: roles.rol
2024-05-02T21:49:24.785-04:00 DEBUG 27960 --- [ms_registros_usuarios] [           main] o.h.boot.model.internal.PropertyBinder   : Building property rol
2024-05-02T21:49:24.785-04:00 DEBUG 27960 --- [ms_registros_usuarios] [           main] o.h.boot.model.internal.AnnotatedColumn  : Binding column: AnnotatedJoinColumn(column='usuario_id')
[...]

   RedisRepositoriesAutoConfiguration:
      Did not match:
         - @ConditionalOnClass did not find required class 'org.springframework.data.redis.repository.configuration.EnableRedisRepositories' (OnClassCondition)

   RemoteDevToolsAutoConfiguration:
      Did not match:
         - @ConditionalOnProperty (spring.devtools.remote.secret) did not find property 'secret' (OnPropertyCondition)
      Matched:
         - @ConditionalOnClass found required classes 'jakarta.servlet.Filter', 'org.springframework.http.server.ServerHttpRequest' (OnClassCondition)

   RepositoryRestMvcAutoConfiguration:
      Did not match:
         - @ConditionalOnClass did not find required class 'org.springframework.data.rest.webmvc.config.RepositoryRestMvcConfiguration' (OnClassCondition)

   Saml2RelyingPartyAutoConfiguration:
      Did not match:
         - @ConditionalOnClass did not find required class 'org.springframework.security.saml2.provider.service.registration.RelyingPartyRegistrationRepository' (OnClassCondition)

   ScheduledTasksEndpointAutoConfiguration:
      Did not match:
         - @ConditionalOnAvailableEndpoint no 'management.endpoints' property marked it as exposed (OnAvailableEndpointCondition)

   SecurityAutoConfiguration:
      Did not match:
         - @ConditionalOnClass did not find required class 'org.springframework.security.authentication.DefaultAuthenticationEventPublisher' (OnClassCondition)

   SecurityFilterAutoConfiguration:
      Did not match:
         - @ConditionalOnClass did not find required class 'org.springframework.security.config.http.SessionCreationPolicy' (OnClassCondition)

   SecurityRequestMatchersManagementContextConfiguration:
      Did not match:
         - @ConditionalOnClass did not find required class 'org.springframework.security.web.util.matcher.RequestMatcher' (OnClassCondition)

   SendGridAutoConfiguration:
      Did not match:
         - @ConditionalOnClass did not find required class 'com.sendgrid.SendGrid' (OnClassCondition)

   ServletEndpointManagementContextConfiguration.JerseyServletEndpointManagementContextConfiguration:
      Did not match:
         - @ConditionalOnClass did not find required class 'org.glassfish.jersey.server.ResourceConfig' (OnClassCondition)

   ServletManagementContextAutoConfiguration.ApplicationContextFilterConfiguration:
      Did not match:
         - @ConditionalOnProperty (management.server.add-application-context-header=true) did not find property 'add-application-context-header' (OnPropertyCondition)

   ServletWebServerFactoryAutoConfiguration.ForwardedHeaderFilterConfiguration:
      Did not match:
         - @ConditionalOnProperty (server.forward-headers-strategy=framework) did not find property 'server.forward-headers-strategy' (OnPropertyCondition)

   ServletWebServerFactoryConfiguration.EmbeddedJetty:
      Did not match:
         - @ConditionalOnClass did not find required classes 'org.eclipse.jetty.server.Server', 'org.eclipse.jetty.util.Loader', 'org.eclipse.jetty.ee10.webapp.WebAppContext' (OnClassCondition)

   ServletWebServerFactoryConfiguration.EmbeddedUndertow:
      Did not match:
         - @ConditionalOnClass did not find required classes 'io.undertow.Undertow', 'org.xnio.SslClientAuthMode' (OnClassCondition)

   SessionAutoConfiguration:
      Did not match:
         - @ConditionalOnClass did not find required class 'org.springframework.session.Session' (OnClassCondition)

   SessionsEndpointAutoConfiguration:
      Did not match:
         - @ConditionalOnClass did not find required class 'org.springframework.session.FindByIndexNameSessionRepository' (OnClassCondition)

   ShutdownEndpointAutoConfiguration:
      Did not match:
         - @ConditionalOnAvailableEndpoint no property management.endpoint.shutdown.enabled found so using endpoint default of false (OnAvailableEndpointCondition)

   SignalFxMetricsExportAutoConfiguration:
      Did not match:
         - @ConditionalOnClass did not find required class 'io.micrometer.signalfx.SignalFxMeterRegistry' (OnClassCondition)

   SpringApplicationAdminJmxAutoConfiguration:
      Did not match:
         - @ConditionalOnProperty (spring.application.admin.enabled=true) did not find property 'enabled' (OnPropertyCondition)

   StackdriverMetricsExportAutoConfiguration:
      Did not match:
         - @ConditionalOnClass did not find required class 'io.micrometer.stackdriver.StackdriverMeterRegistry' (OnClassCondition)

   StartupEndpointAutoConfiguration:
      Did not match:
         - ApplicationStartup configured applicationStartup is of type class org.springframework.core.metrics.DefaultApplicationStartup, expected BufferingApplicationStartup. (StartupEndpointAutoConfiguration.ApplicationStartupCondition)

   StatsdMetricsExportAutoConfiguration:
      Did not match:
         - @ConditionalOnClass did not find required class 'io.micrometer.statsd.StatsdMeterRegistry' (OnClassCondition)

   TaskExecutorConfigurations.SimpleAsyncTaskExecutorBuilderConfiguration#simpleAsyncTaskExecutorBuilderVirtualThreads:
      Did not match:
         - @ConditionalOnMissingBean (types: org.springframework.boot.task.SimpleAsyncTaskExecutorBuilder; SearchStrategy: all) found beans of type 'org.springframework.boot.task.SimpleAsyncTaskExecutorBuilder' simpleAsyncTaskExecutorBuilder (OnBeanCondition)

   TaskExecutorConfigurations.TaskExecutorConfiguration#applicationTaskExecutorVirtualThreads:
      Did not match:
         - @ConditionalOnThreading did not find VIRTUAL (OnThreadingCondition)

   TaskSchedulingAutoConfiguration#scheduledBeanLazyInitializationExcludeFilter:
      Did not match:
         - @ConditionalOnBean (names: org.springframework.context.annotation.internalScheduledAnnotationProcessor; SearchStrategy: all) did not find any beans named org.springframework.context.annotation.internalScheduledAnnotationProcessor (OnBeanCondition)

   TaskSchedulingConfigurations.SimpleAsyncTaskSchedulerBuilderConfiguration#simpleAsyncTaskSchedulerBuilderVirtualThreads:
      Did not match:
         - @ConditionalOnMissingBean (types: org.springframework.boot.task.SimpleAsyncTaskSchedulerBuilder; SearchStrategy: all) found beans of type 'org.springframework.boot.task.SimpleAsyncTaskSchedulerBuilder' simpleAsyncTaskSchedulerBuilder (OnBeanCondition)

   TaskSchedulingConfigurations.TaskSchedulerConfiguration:
      Did not match:
         - @ConditionalOnBean (names: org.springframework.context.annotation.internalScheduledAnnotationProcessor; SearchStrategy: all) did not find any beans named org.springframework.context.annotation.internalScheduledAnnotationProcessor (OnBeanCondition)

   ThreadDumpEndpointAutoConfiguration:
      Did not match:
         - @ConditionalOnAvailableEndpoint no 'management.endpoints' property marked it as exposed (OnAvailableEndpointCondition)

   ThymeleafAutoConfiguration:
      Did not match:
         - @ConditionalOnClass did not find required class 'org.thymeleaf.spring6.SpringTemplateEngine' (OnClassCondition)

   TransactionAutoConfiguration#transactionalOperator:
      Did not match:
         - @ConditionalOnSingleCandidate (types: org.springframework.transaction.ReactiveTransactionManager; SearchStrategy: all) did not find any beans (OnBeanCondition)

   TransactionAutoConfiguration.AspectJTransactionManagementConfiguration:
      Did not match:
         - @ConditionalOnBean (types: org.springframework.transaction.aspectj.AbstractTransactionAspect; SearchStrategy: all) did not find any beans of type org.springframework.transaction.aspectj.AbstractTransactionAspect (OnBeanCondition)

   TransactionAutoConfiguration.EnableTransactionManagementConfiguration.JdkDynamicAutoProxyConfiguration:
      Did not match:
         - @ConditionalOnProperty (spring.aop.proxy-target-class=false) did not find property 'proxy-target-class' (OnPropertyCondition)

   UserDetailsServiceAutoConfiguration:
      Did not match:
         - @ConditionalOnClass did not find required class 'org.springframework.security.authentication.AuthenticationManager' (OnClassCondition)

   WavefrontAutoConfiguration:
      Did not match:
         - @ConditionalOnClass did not find required class 'com.wavefront.sdk.common.application.ApplicationTags' (OnClassCondition)

   WavefrontMetricsExportAutoConfiguration:
      Did not match:
         - @ConditionalOnClass did not find required class 'com.wavefront.sdk.common.WavefrontSender' (OnClassCondition)

   WavefrontTracingAutoConfiguration:
      Did not match:
         - @ConditionalOnClass did not find required class 'com.wavefront.sdk.common.WavefrontSender' (OnClassCondition)

   WebClientAutoConfiguration:
      Did not match:
         - @ConditionalOnClass did not find required class 'org.springframework.web.reactive.function.client.WebClient' (OnClassCondition)

   WebClientObservationConfiguration:
      Did not match:
         - @ConditionalOnClass did not find required class 'org.springframework.web.reactive.function.client.WebClient' (OnClassCondition)

   WebFluxAutoConfiguration:
      Did not match:
         - @ConditionalOnClass did not find required class 'org.springframework.web.reactive.config.WebFluxConfigurer' (OnClassCondition)

   WebFluxEndpointManagementContextConfiguration:
      Did not match:
         - @ConditionalOnClass did not find required class 'org.springframework.web.reactive.DispatcherHandler' (OnClassCondition)

   WebFluxObservationAutoConfiguration:
      Did not match:
         - @ConditionalOnWebApplication did not find reactive web application classes (OnWebApplicationCondition)

   WebMvcAutoConfiguration#hiddenHttpMethodFilter:
      Did not match:
         - @ConditionalOnProperty (spring.mvc.hiddenmethod.filter.enabled) did not find property 'enabled' (OnPropertyCondition)

   WebMvcAutoConfiguration.ProblemDetailsErrorHandlingConfiguration:
      Did not match:
         - @ConditionalOnProperty (spring.mvc.problemdetails.enabled=true) did not find property 'enabled' (OnPropertyCondition)

   WebMvcAutoConfiguration.ResourceChainCustomizerConfiguration:
      Did not match:
         - @ConditionalOnEnabledResourceChain did not find class org.webjars.WebJarAssetLocator (OnEnabledResourceChainCondition)

   WebMvcAutoConfiguration.WebMvcAutoConfigurationAdapter#beanNameViewResolver:
      Did not match:
         - @ConditionalOnMissingBean (types: org.springframework.web.servlet.view.BeanNameViewResolver; SearchStrategy: all) found beans of type 'org.springframework.web.servlet.view.BeanNameViewResolver' beanNameViewResolver (OnBeanCondition)

   WebMvcEndpointManagementContextConfiguration#managementHealthEndpointWebMvcHandlerMapping:
      Did not match:
         - Management Port actual port type (SAME) did not match required type (DIFFERENT) (OnManagementPortCondition)

   WebServiceTemplateAutoConfiguration:
      Did not match:
         - @ConditionalOnClass did not find required class 'org.springframework.oxm.Marshaller' (OnClassCondition)

   WebServicesAutoConfiguration:
      Did not match:
         - @ConditionalOnClass did not find required class 'org.springframework.ws.transport.http.MessageDispatcherServlet' (OnClassCondition)

   WebSessionIdResolverAutoConfiguration:
      Did not match:
         - @ConditionalOnClass did not find required class 'reactor.core.publisher.Mono' (OnClassCondition)

   WebSocketMessagingAutoConfiguration:
      Did not match:
         - @ConditionalOnClass did not find required class 'org.springframework.web.socket.config.annotation.WebSocketMessageBrokerConfigurer' (OnClassCondition)

   WebSocketReactiveAutoConfiguration:
      Did not match:
         - @ConditionalOnWebApplication did not find reactive web application classes (OnWebApplicationCondition)

   WebSocketServletAutoConfiguration.JettyWebSocketConfiguration:
      Did not match:
         - @ConditionalOnClass did not find required class 'org.eclipse.jetty.ee10.websocket.jakarta.server.config.JakartaWebSocketServletContainerInitializer' (OnClassCondition)

   WebSocketServletAutoConfiguration.UndertowWebSocketConfiguration:
      Did not match:
         - @ConditionalOnClass did not find required class 'io.undertow.websockets.jsr.Bootstrap' (OnClassCondition)

   XADataSourceAutoConfiguration:
      Did not match:
         - @ConditionalOnBean (types: org.springframework.boot.jdbc.XADataSourceWrapper; SearchStrategy: all) did not find any beans of type org.springframework.boot.jdbc.XADataSourceWrapper (OnBeanCondition)
      Matched:
         - @ConditionalOnClass found required classes 'javax.sql.DataSource', 'jakarta.transaction.TransactionManager', 'org.springframework.jdbc.datasource.embedded.EmbeddedDatabaseType' (OnClassCondition)

   ZipkinAutoConfiguration:
      Did not match:
         - @ConditionalOnClass did not find required class 'zipkin2.reporter.Sender' (OnClassCondition)


Exclusions:
-----------

    None


Unconditional classes:
----------------------

    org.springframework.boot.autoconfigure.context.ConfigurationPropertiesAutoConfiguration

    org.springframework.boot.actuate.autoconfigure.availability.AvailabilityHealthContributorAutoConfiguration

    org.springframework.boot.autoconfigure.ssl.SslAutoConfiguration

    org.springframework.boot.actuate.autoconfigure.info.InfoContributorAutoConfiguration

    org.springframework.boot.autoconfigure.context.PropertyPlaceholderAutoConfiguration

    org.springframework.boot.autoconfigure.context.LifecycleAutoConfiguration

    org.springframework.boot.actuate.autoconfigure.metrics.integration.IntegrationMetricsAutoConfiguration

    org.springframework.boot.actuate.autoconfigure.endpoint.EndpointAutoConfiguration

    org.springframework.boot.actuate.autoconfigure.web.server.ManagementContextAutoConfiguration

    org.springframework.boot.actuate.autoconfigure.health.HealthContributorAutoConfiguration

    org.springframework.boot.actuate.autoconfigure.endpoint.jackson.JacksonEndpointAutoConfiguration

    org.springframework.boot.autoconfigure.availability.ApplicationAvailabilityAutoConfiguration

    org.springframework.boot.autoconfigure.info.ProjectInfoAutoConfiguration



2024-05-02T21:49:26.902-04:00  INFO 27960 --- [ms_registros_usuarios] [           main] .j.m.MsRegistrosUsuariosApplicationTests : Started MsRegistrosUsuariosApplicationTests in 5.111 seconds (process running for 9.525)
2024-05-02T21:49:26.911-04:00 DEBUG 27960 --- [ms_registros_usuarios] [           main] o.s.b.a.ApplicationAvailabilityBean      : Application availability state LivenessState changed to CORRECT
2024-05-02T21:49:26.912-04:00 DEBUG 27960 --- [ms_registros_usuarios] [           main] o.s.b.a.ApplicationAvailabilityBean      : Application availability state ReadinessState changed to ACCEPTING_TRAFFIC
2024-05-02T21:49:26.912-04:00 DEBUG 27960 --- [ms_registros_usuarios] [           main] org.springframework.test.context.cache   : Spring test ApplicationContext cache statistics: [DefaultContextCache@51f01535 size = 2, maxSize = 32, parentContextCount = 0, hitCount = 48, missCount = 2, failureCount = 0]
2024-05-02T21:49:26.912-04:00 DEBUG 27960 --- [ms_registros_usuarios] [           main] o.s.t.c.w.ServletTestExecutionListener   : Setting up MockHttpServletRequest, MockHttpServletResponse, ServletWebRequest, and RequestContextHolder for test class com.jzs.ms_registros_usuarios.MsRegistrosUsuariosApplicationTests
2024-05-02T21:49:26.913-04:00 DEBUG 27960 --- [ms_registros_usuarios] [           main] DependencyInjectionTestExecutionListener : Performing dependency injection for test class com.jzs.ms_registros_usuarios.MsRegistrosUsuariosApplicationTests
2024-05-02T21:49:26.913-04:00 DEBUG 27960 --- [ms_registros_usuarios] [           main] org.springframework.test.context.cache   : Spring test ApplicationContext cache statistics: [DefaultContextCache@51f01535 size = 2, maxSize = 32, parentContextCount = 0, hitCount = 49, missCount = 2, failureCount = 0]
2024-05-02T21:49:26.913-04:00 DEBUG 27960 --- [ms_registros_usuarios] [           main] org.springframework.test.context.cache   : Spring test ApplicationContext cache statistics: [DefaultContextCache@51f01535 size = 2, maxSize = 32, parentContextCount = 0, hitCount = 50, missCount = 2, failureCount = 0]
2024-05-02T21:49:26.915-04:00 DEBUG 27960 --- [ms_registros_usuarios] [           main] sContextBeforeModesTestExecutionListener : Before test method: class [MsRegistrosUsuariosApplicationTests], method [contextLoads], class annotated with @DirtiesContext [false] with mode [null], method annotated with @DirtiesContext [false] with mode [null]
2024-05-02T21:49:26.915-04:00 DEBUG 27960 --- [ms_registros_usuarios] [           main] org.springframework.test.context.cache   : Spring test ApplicationContext cache statistics: [DefaultContextCache@51f01535 size = 2, maxSize = 32, parentContextCount = 0, hitCount = 51, missCount = 2, failureCount = 0]
2024-05-02T21:49:26.916-04:00 DEBUG 27960 --- [ms_registros_usuarios] [           main] org.springframework.test.context.cache   : Spring test ApplicationContext cache statistics: [DefaultContextCache@51f01535 size = 2, maxSize = 32, parentContextCount = 0, hitCount = 52, missCount = 2, failureCount = 0]
2024-05-02T21:49:26.919-04:00 DEBUG 27960 --- [ms_registros_usuarios] [           main] org.springframework.test.context.cache   : Spring test ApplicationContext cache statistics: [DefaultContextCache@51f01535 size = 2, maxSize = 32, parentContextCount = 0, hitCount = 53, missCount = 2, failureCount = 0]
2024-05-02T21:49:26.920-04:00 DEBUG 27960 --- [ms_registros_usuarios] [           main] org.springframework.test.context.cache   : Spring test ApplicationContext cache statistics: [DefaultContextCache@51f01535 size = 2, maxSize = 32, parentContextCount = 0, hitCount = 54, missCount = 2, failureCount = 0]
2024-05-02T21:49:26.920-04:00 DEBUG 27960 --- [ms_registros_usuarios] [           main] org.springframework.test.context.cache   : Spring test ApplicationContext cache statistics: [DefaultContextCache@51f01535 size = 2, maxSize = 32, parentContextCount = 0, hitCount = 55, missCount = 2, failureCount = 0]
2024-05-02T21:49:26.920-04:00 DEBUG 27960 --- [ms_registros_usuarios] [           main] org.springframework.test.context.cache   : Spring test ApplicationContext cache statistics: [DefaultContextCache@51f01535 size = 2, maxSize = 32, parentContextCount = 0, hitCount = 56, missCount = 2, failureCount = 0]
2024-05-02T21:49:26.920-04:00 DEBUG 27960 --- [ms_registros_usuarios] [           main] org.springframework.test.context.cache   : Spring test ApplicationContext cache statistics: [DefaultContextCache@51f01535 size = 2, maxSize = 32, parentContextCount = 0, hitCount = 57, missCount = 2, failureCount = 0]
2024-05-02T21:49:26.920-04:00 DEBUG 27960 --- [ms_registros_usuarios] [           main] org.springframework.test.context.cache   : Spring test ApplicationContext cache statistics: [DefaultContextCache@51f01535 size = 2, maxSize = 32, parentContextCount = 0, hitCount = 58, missCount = 2, failureCount = 0]
2024-05-02T21:49:26.921-04:00 DEBUG 27960 --- [ms_registros_usuarios] [           main] org.springframework.test.context.cache   : Spring test ApplicationContext cache statistics: [DefaultContextCache@51f01535 size = 2, maxSize = 32, parentContextCount = 0, hitCount = 59, missCount = 2, failureCount = 0]
2024-05-02T21:49:26.921-04:00 DEBUG 27960 --- [ms_registros_usuarios] [           main] .c.s.DirtiesContextTestExecutionListener : After test method: class [MsRegistrosUsuariosApplicationTests], method [contextLoads], class annotated with @DirtiesContext [false] with mode [null], method annotated with @DirtiesContext [false] with mode [null]
2024-05-02T21:49:26.921-04:00 DEBUG 27960 --- [ms_registros_usuarios] [           main] o.s.t.c.w.ServletTestExecutionListener   : Resetting RequestContextHolder for test class com.jzs.ms_registros_usuarios.MsRegistrosUsuariosApplicationTests
]]></system-out>
  </testcase>
</testsuite>